[0.880s] Invoking command in '/home/ros2/ros2_ws/src/my_py_pkg': PYTHONPATH=/home/ros2/ros2_ws/build/my_py_pkg/prefix_override:/usr/lib/python3/dist-packages/colcon_core/task/python/colcon_distutils_commands:/home/ros2/ros2_ws/install/my_py_pkg/lib/python3.10/site-packages:${PYTHONPATH} /usr/bin/python3 -W ignore:setup.py install is deprecated -W ignore:easy_install command is deprecated setup.py egg_info --egg-base ../../build/my_py_pkg build --build-base /home/ros2/ros2_ws/build/my_py_pkg/build install --record /home/ros2/ros2_ws/build/my_py_pkg/install.log --single-version-externally-managed install_data
[1.210s] running egg_info
[1.212s] writing ../../build/my_py_pkg/my_py_pkg.egg-info/PKG-INFO
[1.212s] writing dependency_links to ../../build/my_py_pkg/my_py_pkg.egg-info/dependency_links.txt
[1.214s] writing entry points to ../../build/my_py_pkg/my_py_pkg.egg-info/entry_points.txt
[1.215s] writing requirements to ../../build/my_py_pkg/my_py_pkg.egg-info/requires.txt
[1.215s] writing top-level names to ../../build/my_py_pkg/my_py_pkg.egg-info/top_level.txt
[1.215s] reading manifest file '../../build/my_py_pkg/my_py_pkg.egg-info/SOURCES.txt'
[1.216s] writing manifest file '../../build/my_py_pkg/my_py_pkg.egg-info/SOURCES.txt'
[1.216s] running build
[1.216s] running build_py
[1.216s] copying my_py_pkg/robot_controller_node.py -> /home/ros2/ros2_ws/build/my_py_pkg/build/lib/my_py_pkg
[1.216s] running install
[1.217s] running install_lib
[1.218s] copying /home/ros2/ros2_ws/build/my_py_pkg/build/lib/my_py_pkg/robot_controller_node.py -> /home/ros2/ros2_ws/install/my_py_pkg/lib/python3.10/site-packages/my_py_pkg
[1.218s] byte-compiling /home/ros2/ros2_ws/install/my_py_pkg/lib/python3.10/site-packages/my_py_pkg/robot_controller_node.py to robot_controller_node.cpython-310.pyc
[1.220s] running install_data
[1.220s] running install_egg_info
[1.222s] removing '/home/ros2/ros2_ws/install/my_py_pkg/lib/python3.10/site-packages/my_py_pkg-0.0.0-py3.10.egg-info' (and everything under it)
[1.222s] Copying ../../build/my_py_pkg/my_py_pkg.egg-info to /home/ros2/ros2_ws/install/my_py_pkg/lib/python3.10/site-packages/my_py_pkg-0.0.0-py3.10.egg-info
[1.223s] running install_scripts
[1.252s] Installing robot_controller script to /home/ros2/ros2_ws/install/my_py_pkg/lib/my_py_pkg
[1.252s] writing list of installed files to '/home/ros2/ros2_ws/build/my_py_pkg/install.log'
[1.276s] Invoked command in '/home/ros2/ros2_ws/src/my_py_pkg' returned '0': PYTHONPATH=/home/ros2/ros2_ws/build/my_py_pkg/prefix_override:/usr/lib/python3/dist-packages/colcon_core/task/python/colcon_distutils_commands:/home/ros2/ros2_ws/install/my_py_pkg/lib/python3.10/site-packages:${PYTHONPATH} /usr/bin/python3 -W ignore:setup.py install is deprecated -W ignore:easy_install command is deprecated setup.py egg_info --egg-base ../../build/my_py_pkg build --build-base /home/ros2/ros2_ws/build/my_py_pkg/build install --record /home/ros2/ros2_ws/build/my_py_pkg/install.log --single-version-externally-managed install_data
