[0.382s] Invoking command in '/home/ros2/ros2_ws/build/stage_ros2': CMAKE_PREFIX_PATH=/home/ros2/ros2_ws/install/stage_ros2:/home/ros2/ros2_ws/install/my_py_pkg:/opt/ros/humble:/home/ros2/ros2_ws/install/stage /usr/bin/cmake --build /home/ros2/ros2_ws/build/stage_ros2 -- -j4 -l4
[0.483s] [ 71%] Built target stage_node
[0.557s] [100%] Built target stage_ros2
[0.575s] Invoked command in '/home/ros2/ros2_ws/build/stage_ros2' returned '0': CMAKE_PREFIX_PATH=/home/ros2/ros2_ws/install/stage_ros2:/home/ros2/ros2_ws/install/my_py_pkg:/opt/ros/humble:/home/ros2/ros2_ws/install/stage /usr/bin/cmake --build /home/ros2/ros2_ws/build/stage_ros2 -- -j4 -l4
[0.586s] Invoking command in '/home/ros2/ros2_ws/build/stage_ros2': CMAKE_PREFIX_PATH=/home/ros2/ros2_ws/install/stage_ros2:/home/ros2/ros2_ws/install/my_py_pkg:/opt/ros/humble:/home/ros2/ros2_ws/install/stage /usr/bin/cmake --install /home/ros2/ros2_ws/build/stage_ros2
[0.596s] -- Install configuration: ""
[0.596s] -- Up-to-date: /home/ros2/ros2_ws/install/stage_ros2/share/stage_ros2/environment/library_path.sh
[0.597s] -- Up-to-date: /home/ros2/ros2_ws/install/stage_ros2/share/stage_ros2/environment/library_path.dsv
[0.598s] -- Up-to-date: /home/ros2/ros2_ws/install/stage_ros2/share/stage_ros2//launch
[0.598s] -- Up-to-date: /home/ros2/ros2_ws/install/stage_ros2/share/stage_ros2//launch/stage.launch.py
[0.598s] -- Up-to-date: /home/ros2/ros2_ws/install/stage_ros2/share/stage_ros2//world
[0.598s] -- Up-to-date: /home/ros2/ros2_ws/install/stage_ros2/share/stage_ros2//world/new_cave.world
[0.598s] -- Up-to-date: /home/ros2/ros2_ws/install/stage_ros2/share/stage_ros2//world/bitmaps
[0.598s] -- Up-to-date: /home/ros2/ros2_ws/install/stage_ros2/share/stage_ros2//world/bitmaps/new_cave.png
[0.598s] -- Up-to-date: /home/ros2/ros2_ws/install/stage_ros2/share/stage_ros2//world/include
[0.598s] -- Up-to-date: /home/ros2/ros2_ws/install/stage_ros2/share/stage_ros2//world/include/pioneer2dx.inc
[0.598s] -- Up-to-date: /home/ros2/ros2_ws/install/stage_ros2/share/stage_ros2//world/include/robots.inc
[0.599s] -- Up-to-date: /home/ros2/ros2_ws/install/stage_ros2/share/stage_ros2//config
[0.599s] -- Up-to-date: /home/ros2/ros2_ws/install/stage_ros2/share/stage_ros2//config/teleop_twist_joy
[0.599s] -- Up-to-date: /home/ros2/ros2_ws/install/stage_ros2/share/stage_ros2//config/teleop_twist_joy/f710.config.yaml
[0.599s] -- Up-to-date: /home/ros2/ros2_ws/install/stage_ros2/share/stage_ros2//config/rviz
[0.599s] -- Up-to-date: /home/ros2/ros2_ws/install/stage_ros2/share/stage_ros2//config/rviz/robot_ns.rviz
[0.599s] -- Up-to-date: /home/ros2/ros2_ws/install/stage_ros2/share/stage_ros2//config/rviz/lines.rviz
[0.599s] -- Up-to-date: /home/ros2/ros2_ws/install/stage_ros2/share/stage_ros2//config/rviz/cave_three_robots.rviz
[0.599s] -- Up-to-date: /home/ros2/ros2_ws/install/stage_ros2/share/stage_ros2//config/rviz/cave.rviz
[0.599s] -- Up-to-date: /home/ros2/ros2_ws/install/stage_ros2/share/stage_ros2//config/rviz/robot_ns_depth.rviz
[0.599s] -- Up-to-date: /home/ros2/ros2_ws/install/stage_ros2/share/stage_ros2//config/rviz/robot0.rviz
[0.600s] -- Up-to-date: /home/ros2/ros2_ws/install/stage_ros2/share/stage_ros2//config/rviz/cave_seven_robots.rviz
[0.600s] -- Up-to-date: /home/ros2/ros2_ws/install/stage_ros2/lib/libstage_node.so
[0.600s] -- Up-to-date: /home/ros2/ros2_ws/install/stage_ros2/lib/stage_ros2/stage_ros2
[0.600s] -- Up-to-date: /home/ros2/ros2_ws/install/stage_ros2/share/ament_index/resource_index/package_run_dependencies/stage_ros2
[0.600s] -- Up-to-date: /home/ros2/ros2_ws/install/stage_ros2/share/ament_index/resource_index/parent_prefix_path/stage_ros2
[0.600s] -- Up-to-date: /home/ros2/ros2_ws/install/stage_ros2/share/stage_ros2/environment/ament_prefix_path.sh
[0.600s] -- Up-to-date: /home/ros2/ros2_ws/install/stage_ros2/share/stage_ros2/environment/ament_prefix_path.dsv
[0.601s] -- Up-to-date: /home/ros2/ros2_ws/install/stage_ros2/share/stage_ros2/environment/path.sh
[0.601s] -- Up-to-date: /home/ros2/ros2_ws/install/stage_ros2/share/stage_ros2/environment/path.dsv
[0.601s] -- Up-to-date: /home/ros2/ros2_ws/install/stage_ros2/share/stage_ros2/local_setup.bash
[0.601s] -- Up-to-date: /home/ros2/ros2_ws/install/stage_ros2/share/stage_ros2/local_setup.sh
[0.601s] -- Up-to-date: /home/ros2/ros2_ws/install/stage_ros2/share/stage_ros2/local_setup.zsh
[0.601s] -- Up-to-date: /home/ros2/ros2_ws/install/stage_ros2/share/stage_ros2/local_setup.dsv
[0.601s] -- Installing: /home/ros2/ros2_ws/install/stage_ros2/share/stage_ros2/package.dsv
[0.601s] -- Up-to-date: /home/ros2/ros2_ws/install/stage_ros2/share/ament_index/resource_index/packages/stage_ros2
[0.601s] -- Up-to-date: /home/ros2/ros2_ws/install/stage_ros2/share/stage_ros2/cmake/stage_ros2Config.cmake
[0.602s] -- Up-to-date: /home/ros2/ros2_ws/install/stage_ros2/share/stage_ros2/cmake/stage_ros2Config-version.cmake
[0.602s] -- Up-to-date: /home/ros2/ros2_ws/install/stage_ros2/share/stage_ros2/package.xml
[0.603s] Invoked command in '/home/ros2/ros2_ws/build/stage_ros2' returned '0': CMAKE_PREFIX_PATH=/home/ros2/ros2_ws/install/stage_ros2:/home/ros2/ros2_ws/install/my_py_pkg:/opt/ros/humble:/home/ros2/ros2_ws/install/stage /usr/bin/cmake --install /home/ros2/ros2_ws/build/stage_ros2
