[0.363s] Invoking command in '/home/ros2/ros2_ws/build/stage_ros2': CMAKE_PREFIX_PATH=/home/ros2/ros2_ws/install/stage_ros2:/home/ros2/ros2_ws/install/my_py_pkg:/opt/ros/humble:/home/ros2/ros2_ws/install/stage /usr/bin/cmake --build /home/ros2/ros2_ws/build/stage_ros2 -- -j4 -l4
[0.902s] [ 71%] Built target stage_node
[0.949s] [100%] Built target stage_ros2
[0.962s] Invoked command in '/home/ros2/ros2_ws/build/stage_ros2' returned '0': CMAKE_PREFIX_PATH=/home/ros2/ros2_ws/install/stage_ros2:/home/ros2/ros2_ws/install/my_py_pkg:/opt/ros/humble:/home/ros2/ros2_ws/install/stage /usr/bin/cmake --build /home/ros2/ros2_ws/build/stage_ros2 -- -j4 -l4
[0.987s] Invoking command in '/home/ros2/ros2_ws/build/stage_ros2': CMAKE_PREFIX_PATH=/home/ros2/ros2_ws/install/stage_ros2:/home/ros2/ros2_ws/install/my_py_pkg:/opt/ros/humble:/home/ros2/ros2_ws/install/stage /usr/bin/cmake --install /home/ros2/ros2_ws/build/stage_ros2
[0.996s] -- Install configuration: ""
[0.999s] -- Up-to-date: /home/ros2/ros2_ws/install/stage_ros2/share/stage_ros2/environment/library_path.sh
[1.000s] -- Up-to-date: /home/ros2/ros2_ws/install/stage_ros2/share/stage_ros2/environment/library_path.dsv
[1.000s] -- Up-to-date: /home/ros2/ros2_ws/install/stage_ros2/share/stage_ros2//launch
[1.001s] -- Up-to-date: /home/ros2/ros2_ws/install/stage_ros2/share/stage_ros2//launch/stage.launch.py
[1.002s] -- Up-to-date: /home/ros2/ros2_ws/install/stage_ros2/share/stage_ros2//world
[1.005s] -- Installing: /home/ros2/ros2_ws/install/stage_ros2/share/stage_ros2//world/new_cave.world
[1.005s] -- Up-to-date: /home/ros2/ros2_ws/install/stage_ros2/share/stage_ros2//world/bitmaps
[1.010s] -- Up-to-date: /home/ros2/ros2_ws/install/stage_ros2/share/stage_ros2//world/bitmaps/new_cave.png
[1.010s] -- Up-to-date: /home/ros2/ros2_ws/install/stage_ros2/share/stage_ros2//world/include
[1.014s] -- Up-to-date: /home/ros2/ros2_ws/install/stage_ros2/share/stage_ros2//world/include/pioneer2dx.inc
[1.014s] -- Up-to-date: /home/ros2/ros2_ws/install/stage_ros2/share/stage_ros2//world/include/robots.inc
[1.014s] -- Up-to-date: /home/ros2/ros2_ws/install/stage_ros2/share/stage_ros2//config
[1.015s] -- Up-to-date: /home/ros2/ros2_ws/install/stage_ros2/share/stage_ros2//config/teleop_twist_joy
[1.017s] -- Up-to-date: /home/ros2/ros2_ws/install/stage_ros2/share/stage_ros2//config/teleop_twist_joy/f710.config.yaml
[1.017s] -- Up-to-date: /home/ros2/ros2_ws/install/stage_ros2/share/stage_ros2//config/rviz
[1.018s] -- Up-to-date: /home/ros2/ros2_ws/install/stage_ros2/share/stage_ros2//config/rviz/robot_ns.rviz
[1.018s] -- Up-to-date: /home/ros2/ros2_ws/install/stage_ros2/share/stage_ros2//config/rviz/lines.rviz
[1.018s] -- Up-to-date: /home/ros2/ros2_ws/install/stage_ros2/share/stage_ros2//config/rviz/cave_three_robots.rviz
[1.018s] -- Up-to-date: /home/ros2/ros2_ws/install/stage_ros2/share/stage_ros2//config/rviz/cave.rviz
[1.018s] -- Up-to-date: /home/ros2/ros2_ws/install/stage_ros2/share/stage_ros2//config/rviz/robot_ns_depth.rviz
[1.018s] -- Up-to-date: /home/ros2/ros2_ws/install/stage_ros2/share/stage_ros2//config/rviz/robot0.rviz
[1.019s] -- Up-to-date: /home/ros2/ros2_ws/install/stage_ros2/share/stage_ros2//config/rviz/cave_seven_robots.rviz
[1.026s] -- Up-to-date: /home/ros2/ros2_ws/install/stage_ros2/lib/libstage_node.so
[1.026s] -- Up-to-date: /home/ros2/ros2_ws/install/stage_ros2/lib/stage_ros2/stage_ros2
[1.026s] -- Up-to-date: /home/ros2/ros2_ws/install/stage_ros2/share/ament_index/resource_index/package_run_dependencies/stage_ros2
[1.026s] -- Up-to-date: /home/ros2/ros2_ws/install/stage_ros2/share/ament_index/resource_index/parent_prefix_path/stage_ros2
[1.027s] -- Up-to-date: /home/ros2/ros2_ws/install/stage_ros2/share/stage_ros2/environment/ament_prefix_path.sh
[1.027s] -- Up-to-date: /home/ros2/ros2_ws/install/stage_ros2/share/stage_ros2/environment/ament_prefix_path.dsv
[1.027s] -- Up-to-date: /home/ros2/ros2_ws/install/stage_ros2/share/stage_ros2/environment/path.sh
[1.027s] -- Up-to-date: /home/ros2/ros2_ws/install/stage_ros2/share/stage_ros2/environment/path.dsv
[1.027s] -- Up-to-date: /home/ros2/ros2_ws/install/stage_ros2/share/stage_ros2/local_setup.bash
[1.027s] -- Up-to-date: /home/ros2/ros2_ws/install/stage_ros2/share/stage_ros2/local_setup.sh
[1.029s] -- Up-to-date: /home/ros2/ros2_ws/install/stage_ros2/share/stage_ros2/local_setup.zsh
[1.029s] -- Up-to-date: /home/ros2/ros2_ws/install/stage_ros2/share/stage_ros2/local_setup.dsv
[1.030s] -- Installing: /home/ros2/ros2_ws/install/stage_ros2/share/stage_ros2/package.dsv
[1.030s] -- Up-to-date: /home/ros2/ros2_ws/install/stage_ros2/share/ament_index/resource_index/packages/stage_ros2
[1.031s] -- Up-to-date: /home/ros2/ros2_ws/install/stage_ros2/share/stage_ros2/cmake/stage_ros2Config.cmake
[1.031s] -- Up-to-date: /home/ros2/ros2_ws/install/stage_ros2/share/stage_ros2/cmake/stage_ros2Config-version.cmake
[1.032s] -- Up-to-date: /home/ros2/ros2_ws/install/stage_ros2/share/stage_ros2/package.xml
[1.034s] Invoked command in '/home/ros2/ros2_ws/build/stage_ros2' returned '0': CMAKE_PREFIX_PATH=/home/ros2/ros2_ws/install/stage_ros2:/home/ros2/ros2_ws/install/my_py_pkg:/opt/ros/humble:/home/ros2/ros2_ws/install/stage /usr/bin/cmake --install /home/ros2/ros2_ws/build/stage_ros2
