[1.177s] DEBUG:colcon:Command line arguments: ['/usr/bin/colcon', 'build']
[1.177s] DEBUG:colcon:Parsed command line arguments: Namespace(log_base=None, log_level=None, verb_name='build', build_base='build', install_base='install', merge_install=False, symlink_install=False, test_result_base=None, continue_on_error=False, executor='parallel', parallel_workers=4, event_handlers=None, ignore_user_meta=False, metas=['./colcon.meta'], base_paths=['.'], packages_ignore=None, packages_ignore_regex=None, paths=None, packages_up_to=None, packages_up_to_regex=None, packages_above=None, packages_above_and_dependencies=None, packages_above_depth=None, packages_select_by_dep=None, packages_skip_by_dep=None, packages_skip_up_to=None, packages_select_build_failed=False, packages_skip_build_finished=False, packages_select_test_failures=False, packages_skip_test_passed=False, packages_select=None, packages_skip=None, packages_select_regex=None, packages_skip_regex=None, packages_start=None, packages_end=None, allow_overriding=[], bazel_args=None, bazel_task=None, cmake_args=None, cmake_target=None, cmake_target_skip_unavailable=False, cmake_clean_cache=False, cmake_clean_first=False, cmake_force_configure=False, meson_args=[], ament_cmake_args=None, catkin_cmake_args=None, catkin_skip_building_tests=False, mixin_files=None, mixin=None, verb_parser=<colcon_alias.argument_parser.alias.AliasArgumentDecorator object at 0x734cd9a7c100>, verb_extension=<colcon_core.verb.build.BuildVerb object at 0x734cd9a47160>, main=<bound method BuildVerb.main of <colcon_core.verb.build.BuildVerb object at 0x734cd9a47160>>, mixin_verb=('build',))
[1.672s] Level 1:colcon.colcon_core.package_discovery:discover_packages(colcon_meta) check parameters
[1.672s] Level 1:colcon.colcon_core.package_discovery:discover_packages(recursive) check parameters
[1.672s] Level 1:colcon.colcon_core.package_discovery:discover_packages(ignore) check parameters
[1.672s] Level 1:colcon.colcon_core.package_discovery:discover_packages(path) check parameters
[1.672s] Level 1:colcon.colcon_core.package_discovery:discover_packages(colcon_meta) discover
[1.672s] Level 1:colcon.colcon_core.package_discovery:discover_packages(recursive) discover
[1.672s] INFO:colcon.colcon_core.package_discovery:Crawling recursively for packages in '/home/ros2/ros2_ws'
[1.672s] Level 1:colcon.colcon_core.package_identification:_identify(.) by extensions ['ignore', 'ignore_ament_install']
[1.673s] Level 1:colcon.colcon_core.package_identification:_identify(.) by extension 'ignore'
[1.673s] Level 1:colcon.colcon_core.package_identification:_identify(.) by extension 'ignore_ament_install'
[1.673s] Level 1:colcon.colcon_core.package_identification:_identify(.) by extensions ['colcon_pkg']
[1.673s] Level 1:colcon.colcon_core.package_identification:_identify(.) by extension 'colcon_pkg'
[1.673s] Level 1:colcon.colcon_core.package_identification:_identify(.) by extensions ['colcon_meta']
[1.673s] Level 1:colcon.colcon_core.package_identification:_identify(.) by extension 'colcon_meta'
[1.673s] Level 1:colcon.colcon_core.package_identification:_identify(.) by extensions ['ros']
[1.673s] Level 1:colcon.colcon_core.package_identification:_identify(.) by extension 'ros'
[1.682s] Level 1:colcon.colcon_core.package_identification:_identify(.) by extensions ['bazel', 'cmake', 'meson', 'python']
[1.682s] Level 1:colcon.colcon_core.package_identification:_identify(.) by extension 'bazel'
[1.682s] Level 1:colcon.colcon_core.package_identification:_identify(.) by extension 'cmake'
[1.682s] Level 1:colcon.colcon_core.package_identification:_identify(.) by extension 'meson'
[1.682s] Level 1:colcon.colcon_core.package_identification:_identify(.) by extension 'python'
[1.682s] Level 1:colcon.colcon_core.package_identification:_identify(.) by extensions ['python_setup_py']
[1.682s] Level 1:colcon.colcon_core.package_identification:_identify(.) by extension 'python_setup_py'
[1.682s] Level 1:colcon.colcon_core.package_identification:_identify(build) by extensions ['ignore', 'ignore_ament_install']
[1.682s] Level 1:colcon.colcon_core.package_identification:_identify(build) by extension 'ignore'
[1.682s] Level 1:colcon.colcon_core.package_identification:_identify(build) ignored
[1.683s] Level 1:colcon.colcon_core.package_identification:_identify(install) by extensions ['ignore', 'ignore_ament_install']
[1.683s] Level 1:colcon.colcon_core.package_identification:_identify(install) by extension 'ignore'
[1.683s] Level 1:colcon.colcon_core.package_identification:_identify(install) ignored
[1.683s] Level 1:colcon.colcon_core.package_identification:_identify(log) by extensions ['ignore', 'ignore_ament_install']
[1.683s] Level 1:colcon.colcon_core.package_identification:_identify(log) by extension 'ignore'
[1.683s] Level 1:colcon.colcon_core.package_identification:_identify(log) ignored
[1.684s] Level 1:colcon.colcon_core.package_identification:_identify(src) by extensions ['ignore', 'ignore_ament_install']
[1.684s] Level 1:colcon.colcon_core.package_identification:_identify(src) by extension 'ignore'
[1.684s] Level 1:colcon.colcon_core.package_identification:_identify(src) by extension 'ignore_ament_install'
[1.684s] Level 1:colcon.colcon_core.package_identification:_identify(src) by extensions ['colcon_pkg']
[1.684s] Level 1:colcon.colcon_core.package_identification:_identify(src) by extension 'colcon_pkg'
[1.684s] Level 1:colcon.colcon_core.package_identification:_identify(src) by extensions ['colcon_meta']
[1.684s] Level 1:colcon.colcon_core.package_identification:_identify(src) by extension 'colcon_meta'
[1.684s] Level 1:colcon.colcon_core.package_identification:_identify(src) by extensions ['ros']
[1.684s] Level 1:colcon.colcon_core.package_identification:_identify(src) by extension 'ros'
[1.684s] Level 1:colcon.colcon_core.package_identification:_identify(src) by extensions ['bazel', 'cmake', 'meson', 'python']
[1.684s] Level 1:colcon.colcon_core.package_identification:_identify(src) by extension 'bazel'
[1.684s] Level 1:colcon.colcon_core.package_identification:_identify(src) by extension 'cmake'
[1.684s] Level 1:colcon.colcon_core.package_identification:_identify(src) by extension 'meson'
[1.684s] Level 1:colcon.colcon_core.package_identification:_identify(src) by extension 'python'
[1.685s] Level 1:colcon.colcon_core.package_identification:_identify(src) by extensions ['python_setup_py']
[1.685s] Level 1:colcon.colcon_core.package_identification:_identify(src) by extension 'python_setup_py'
[1.685s] Level 1:colcon.colcon_core.package_identification:_identify(src/Stage) by extensions ['ignore', 'ignore_ament_install']
[1.685s] Level 1:colcon.colcon_core.package_identification:_identify(src/Stage) by extension 'ignore'
[1.685s] Level 1:colcon.colcon_core.package_identification:_identify(src/Stage) by extension 'ignore_ament_install'
[1.685s] Level 1:colcon.colcon_core.package_identification:_identify(src/Stage) by extensions ['colcon_pkg']
[1.686s] Level 1:colcon.colcon_core.package_identification:_identify(src/Stage) by extension 'colcon_pkg'
[1.686s] Level 1:colcon.colcon_core.package_identification:_identify(src/Stage) by extensions ['colcon_meta']
[1.686s] Level 1:colcon.colcon_core.package_identification:_identify(src/Stage) by extension 'colcon_meta'
[1.686s] Level 1:colcon.colcon_core.package_identification:_identify(src/Stage) by extensions ['ros']
[1.686s] Level 1:colcon.colcon_core.package_identification:_identify(src/Stage) by extension 'ros'
[1.691s] DEBUG:colcon.colcon_core.package_identification:Package 'src/Stage' with type 'ros.catkin' and name 'stage'
[1.692s] Level 1:colcon.colcon_core.package_identification:_identify(src/my_py_pkg) by extensions ['ignore', 'ignore_ament_install']
[1.692s] Level 1:colcon.colcon_core.package_identification:_identify(src/my_py_pkg) by extension 'ignore'
[1.692s] Level 1:colcon.colcon_core.package_identification:_identify(src/my_py_pkg) by extension 'ignore_ament_install'
[1.692s] Level 1:colcon.colcon_core.package_identification:_identify(src/my_py_pkg) by extensions ['colcon_pkg']
[1.692s] Level 1:colcon.colcon_core.package_identification:_identify(src/my_py_pkg) by extension 'colcon_pkg'
[1.692s] Level 1:colcon.colcon_core.package_identification:_identify(src/my_py_pkg) by extensions ['colcon_meta']
[1.692s] Level 1:colcon.colcon_core.package_identification:_identify(src/my_py_pkg) by extension 'colcon_meta'
[1.692s] Level 1:colcon.colcon_core.package_identification:_identify(src/my_py_pkg) by extensions ['ros']
[1.692s] Level 1:colcon.colcon_core.package_identification:_identify(src/my_py_pkg) by extension 'ros'
[1.694s] DEBUG:colcon.colcon_core.package_identification:Package 'src/my_py_pkg' with type 'ros.ament_python' and name 'my_py_pkg'
[1.695s] Level 1:colcon.colcon_core.package_identification:_identify(src/stage_ros2) by extensions ['ignore', 'ignore_ament_install']
[1.695s] Level 1:colcon.colcon_core.package_identification:_identify(src/stage_ros2) by extension 'ignore'
[1.695s] Level 1:colcon.colcon_core.package_identification:_identify(src/stage_ros2) by extension 'ignore_ament_install'
[1.695s] Level 1:colcon.colcon_core.package_identification:_identify(src/stage_ros2) by extensions ['colcon_pkg']
[1.695s] Level 1:colcon.colcon_core.package_identification:_identify(src/stage_ros2) by extension 'colcon_pkg'
[1.695s] Level 1:colcon.colcon_core.package_identification:_identify(src/stage_ros2) by extensions ['colcon_meta']
[1.695s] Level 1:colcon.colcon_core.package_identification:_identify(src/stage_ros2) by extension 'colcon_meta'
[1.695s] Level 1:colcon.colcon_core.package_identification:_identify(src/stage_ros2) by extensions ['ros']
[1.695s] Level 1:colcon.colcon_core.package_identification:_identify(src/stage_ros2) by extension 'ros'
[1.697s] DEBUG:colcon.colcon_core.package_identification:Package 'src/stage_ros2' with type 'ros.ament_cmake' and name 'stage_ros2'
[1.697s] Level 1:colcon.colcon_core.package_discovery:discover_packages(recursive) using defaults
[1.697s] Level 1:colcon.colcon_core.package_discovery:discover_packages(ignore) discover
[1.697s] Level 1:colcon.colcon_core.package_discovery:discover_packages(ignore) using defaults
[1.697s] Level 1:colcon.colcon_core.package_discovery:discover_packages(path) discover
[1.697s] Level 1:colcon.colcon_core.package_discovery:discover_packages(path) using defaults
[1.745s] Level 1:colcon.colcon_core.package_discovery:discover_packages(prefix_path) check parameters
[1.745s] Level 1:colcon.colcon_core.package_discovery:discover_packages(prefix_path) discover
[1.751s] DEBUG:colcon.colcon_installed_package_information.package_discovery:Found 3 installed packages in /home/ros2/ros2_ws/install
[1.753s] DEBUG:colcon.colcon_installed_package_information.package_discovery:Found 271 installed packages in /opt/ros/humble
[1.756s] Level 1:colcon.colcon_core.package_discovery:discover_packages(prefix_path) using defaults
[1.846s] Level 5:colcon.colcon_core.verb:set package 'my_py_pkg' build argument 'bazel_args' from command line to 'None'
[1.846s] Level 5:colcon.colcon_core.verb:set package 'my_py_pkg' build argument 'bazel_task' from command line to 'None'
[1.847s] Level 5:colcon.colcon_core.verb:set package 'my_py_pkg' build argument 'cmake_args' from command line to 'None'
[1.847s] Level 5:colcon.colcon_core.verb:set package 'my_py_pkg' build argument 'cmake_target' from command line to 'None'
[1.847s] Level 5:colcon.colcon_core.verb:set package 'my_py_pkg' build argument 'cmake_target_skip_unavailable' from command line to 'False'
[1.847s] Level 5:colcon.colcon_core.verb:set package 'my_py_pkg' build argument 'cmake_clean_cache' from command line to 'False'
[1.847s] Level 5:colcon.colcon_core.verb:set package 'my_py_pkg' build argument 'cmake_clean_first' from command line to 'False'
[1.847s] Level 5:colcon.colcon_core.verb:set package 'my_py_pkg' build argument 'cmake_force_configure' from command line to 'False'
[1.847s] Level 5:colcon.colcon_core.verb:set package 'my_py_pkg' build argument 'meson_args' from command line to '[]'
[1.847s] Level 5:colcon.colcon_core.verb:set package 'my_py_pkg' build argument 'ament_cmake_args' from command line to 'None'
[1.847s] Level 5:colcon.colcon_core.verb:set package 'my_py_pkg' build argument 'catkin_cmake_args' from command line to 'None'
[1.847s] Level 5:colcon.colcon_core.verb:set package 'my_py_pkg' build argument 'catkin_skip_building_tests' from command line to 'False'
[1.847s] DEBUG:colcon.colcon_core.verb:Building package 'my_py_pkg' with the following arguments: {'ament_cmake_args': None, 'bazel_args': None, 'bazel_task': None, 'build_base': '/home/ros2/ros2_ws/build/my_py_pkg', 'catkin_cmake_args': None, 'catkin_skip_building_tests': False, 'cmake_args': None, 'cmake_clean_cache': False, 'cmake_clean_first': False, 'cmake_force_configure': False, 'cmake_target': None, 'cmake_target_skip_unavailable': False, 'install_base': '/home/ros2/ros2_ws/install/my_py_pkg', 'merge_install': False, 'meson_args': [], 'path': '/home/ros2/ros2_ws/src/my_py_pkg', 'symlink_install': False, 'test_result_base': None}
[1.870s] Level 5:colcon.colcon_core.verb:set package 'stage' build argument 'bazel_args' from command line to 'None'
[1.870s] Level 5:colcon.colcon_core.verb:set package 'stage' build argument 'bazel_task' from command line to 'None'
[1.870s] Level 5:colcon.colcon_core.verb:set package 'stage' build argument 'cmake_args' from command line to 'None'
[1.870s] Level 5:colcon.colcon_core.verb:set package 'stage' build argument 'cmake_target' from command line to 'None'
[1.870s] Level 5:colcon.colcon_core.verb:set package 'stage' build argument 'cmake_target_skip_unavailable' from command line to 'False'
[1.870s] Level 5:colcon.colcon_core.verb:set package 'stage' build argument 'cmake_clean_cache' from command line to 'False'
[1.870s] Level 5:colcon.colcon_core.verb:set package 'stage' build argument 'cmake_clean_first' from command line to 'False'
[1.870s] Level 5:colcon.colcon_core.verb:set package 'stage' build argument 'cmake_force_configure' from command line to 'False'
[1.870s] Level 5:colcon.colcon_core.verb:set package 'stage' build argument 'meson_args' from command line to '[]'
[1.870s] Level 5:colcon.colcon_core.verb:set package 'stage' build argument 'ament_cmake_args' from command line to 'None'
[1.870s] Level 5:colcon.colcon_core.verb:set package 'stage' build argument 'catkin_cmake_args' from command line to 'None'
[1.870s] Level 5:colcon.colcon_core.verb:set package 'stage' build argument 'catkin_skip_building_tests' from command line to 'False'
[1.870s] DEBUG:colcon.colcon_core.verb:Building package 'stage' with the following arguments: {'ament_cmake_args': None, 'bazel_args': None, 'bazel_task': None, 'build_base': '/home/ros2/ros2_ws/build/stage', 'catkin_cmake_args': None, 'catkin_skip_building_tests': False, 'cmake_args': None, 'cmake_clean_cache': False, 'cmake_clean_first': False, 'cmake_force_configure': False, 'cmake_target': None, 'cmake_target_skip_unavailable': False, 'install_base': '/home/ros2/ros2_ws/install/stage', 'merge_install': False, 'meson_args': [], 'path': '/home/ros2/ros2_ws/src/Stage', 'symlink_install': False, 'test_result_base': None}
[1.895s] Level 5:colcon.colcon_core.verb:set package 'stage_ros2' build argument 'bazel_args' from command line to 'None'
[1.895s] Level 5:colcon.colcon_core.verb:set package 'stage_ros2' build argument 'bazel_task' from command line to 'None'
[1.895s] Level 5:colcon.colcon_core.verb:set package 'stage_ros2' build argument 'cmake_args' from command line to 'None'
[1.895s] Level 5:colcon.colcon_core.verb:set package 'stage_ros2' build argument 'cmake_target' from command line to 'None'
[1.895s] Level 5:colcon.colcon_core.verb:set package 'stage_ros2' build argument 'cmake_target_skip_unavailable' from command line to 'False'
[1.895s] Level 5:colcon.colcon_core.verb:set package 'stage_ros2' build argument 'cmake_clean_cache' from command line to 'False'
[1.895s] Level 5:colcon.colcon_core.verb:set package 'stage_ros2' build argument 'cmake_clean_first' from command line to 'False'
[1.895s] Level 5:colcon.colcon_core.verb:set package 'stage_ros2' build argument 'cmake_force_configure' from command line to 'False'
[1.895s] Level 5:colcon.colcon_core.verb:set package 'stage_ros2' build argument 'meson_args' from command line to '[]'
[1.895s] Level 5:colcon.colcon_core.verb:set package 'stage_ros2' build argument 'ament_cmake_args' from command line to 'None'
[1.895s] Level 5:colcon.colcon_core.verb:set package 'stage_ros2' build argument 'catkin_cmake_args' from command line to 'None'
[1.895s] Level 5:colcon.colcon_core.verb:set package 'stage_ros2' build argument 'catkin_skip_building_tests' from command line to 'False'
[1.895s] DEBUG:colcon.colcon_core.verb:Building package 'stage_ros2' with the following arguments: {'ament_cmake_args': None, 'bazel_args': None, 'bazel_task': None, 'build_base': '/home/ros2/ros2_ws/build/stage_ros2', 'catkin_cmake_args': None, 'catkin_skip_building_tests': False, 'cmake_args': None, 'cmake_clean_cache': False, 'cmake_clean_first': False, 'cmake_force_configure': False, 'cmake_target': None, 'cmake_target_skip_unavailable': False, 'install_base': '/home/ros2/ros2_ws/install/stage_ros2', 'merge_install': False, 'meson_args': [], 'path': '/home/ros2/ros2_ws/src/stage_ros2', 'symlink_install': False, 'test_result_base': None}
[1.896s] INFO:colcon.colcon_core.executor:Executing jobs using 'parallel' executor
[1.897s] DEBUG:colcon.colcon_parallel_executor.executor.parallel:run_until_complete
[1.897s] INFO:colcon.colcon_ros.task.ament_python.build:Building ROS package in '/home/ros2/ros2_ws/src/my_py_pkg' with build type 'ament_python'
[1.897s] Level 1:colcon.colcon_core.shell:create_environment_hook('my_py_pkg', 'ament_prefix_path')
[1.910s] INFO:colcon.colcon_core.plugin_system:Skipping extension 'colcon_core.shell.bat': Not used on non-Windows systems
[1.910s] INFO:colcon.colcon_core.shell:Creating environment hook '/home/ros2/ros2_ws/install/my_py_pkg/share/my_py_pkg/hook/ament_prefix_path.ps1'
[1.912s] INFO:colcon.colcon_core.shell:Creating environment descriptor '/home/ros2/ros2_ws/install/my_py_pkg/share/my_py_pkg/hook/ament_prefix_path.dsv'
[1.914s] INFO:colcon.colcon_core.shell:Creating environment hook '/home/ros2/ros2_ws/install/my_py_pkg/share/my_py_pkg/hook/ament_prefix_path.sh'
[1.915s] DEBUG:colcon.colcon_ros_domain_id_coordinator.shell.ros_domain_id:Allocated ROS_DOMAIN_ID=67 for '/home/ros2/ros2_ws/build/my_py_pkg'
[1.915s] INFO:colcon.colcon_core.shell:Skip shell extension 'ros_domain_id' for command environment: 
[1.916s] INFO:colcon.colcon_core.shell:Skip shell extension 'powershell' for command environment: Not usable outside of PowerShell
[1.916s] DEBUG:colcon.colcon_core.shell:Skip shell extension 'dsv' for command environment
[1.921s] INFO:colcon.colcon_ros.task.catkin.build:Building ROS package in '/home/ros2/ros2_ws/src/Stage' with build type 'catkin'
[1.921s] INFO:colcon.colcon_cmake.task.cmake.build:Building CMake package in '/home/ros2/ros2_ws/src/Stage'
[1.922s] DEBUG:colcon.colcon_ros_domain_id_coordinator.shell.ros_domain_id:Allocated ROS_DOMAIN_ID=5 for '/home/ros2/ros2_ws/build/stage'
[1.922s] INFO:colcon.colcon_core.shell:Skip shell extension 'ros_domain_id' for command environment: 
[1.922s] INFO:colcon.colcon_core.shell:Skip shell extension 'powershell' for command environment: Not usable outside of PowerShell
[1.922s] DEBUG:colcon.colcon_core.shell:Skip shell extension 'dsv' for command environment
[1.930s] INFO:colcon.colcon_ros.task.ament_cmake.build:Building ROS package in '/home/ros2/ros2_ws/src/stage_ros2' with build type 'ament_cmake'
[1.930s] INFO:colcon.colcon_cmake.task.cmake.build:Building CMake package in '/home/ros2/ros2_ws/src/stage_ros2'
[1.930s] DEBUG:colcon.colcon_ros_domain_id_coordinator.shell.ros_domain_id:Allocated ROS_DOMAIN_ID=50 for '/home/ros2/ros2_ws/build/stage_ros2'
[1.931s] INFO:colcon.colcon_core.shell:Skip shell extension 'ros_domain_id' for command environment: 
[1.931s] INFO:colcon.colcon_core.shell:Skip shell extension 'powershell' for command environment: Not usable outside of PowerShell
[1.931s] DEBUG:colcon.colcon_core.shell:Skip shell extension 'dsv' for command environment
[2.275s] INFO:colcon.colcon_core.task.python.build:Building Python package in '/home/ros2/ros2_ws/src/my_py_pkg'
[2.275s] DEBUG:colcon.colcon_ros_domain_id_coordinator.shell.ros_domain_id:Allocated ROS_DOMAIN_ID=67 for '/home/ros2/ros2_ws/build/my_py_pkg'
[2.275s] INFO:colcon.colcon_core.shell:Skip shell extension 'ros_domain_id' for command environment: 
[2.275s] INFO:colcon.colcon_core.shell:Skip shell extension 'powershell' for command environment: Not usable outside of PowerShell
[2.275s] DEBUG:colcon.colcon_core.shell:Skip shell extension 'dsv' for command environment
[2.284s] DEBUG:colcon.colcon_core.event_handler.log_command:Invoking command in '/home/ros2/ros2_ws/build/stage': /usr/bin/cmake --build /home/ros2/ros2_ws/build/stage -- -j4 -l4
[2.293s] DEBUG:colcon.colcon_core.event_handler.log_command:Invoking command in '/home/ros2/ros2_ws/build/stage_ros2': CMAKE_PREFIX_PATH=/home/ros2/ros2_ws/install/stage_ros2:/home/ros2/ros2_ws/install/my_py_pkg:/opt/ros/humble:/home/ros2/ros2_ws/install/stage /usr/bin/cmake --build /home/ros2/ros2_ws/build/stage_ros2 -- -j4 -l4
[2.894s] DEBUG:colcon.colcon_core.event_handler.log_command:Invoked command in '/home/ros2/ros2_ws/build/stage_ros2' returned '0': CMAKE_PREFIX_PATH=/home/ros2/ros2_ws/install/stage_ros2:/home/ros2/ros2_ws/install/my_py_pkg:/opt/ros/humble:/home/ros2/ros2_ws/install/stage /usr/bin/cmake --build /home/ros2/ros2_ws/build/stage_ros2 -- -j4 -l4
[2.917s] DEBUG:colcon.colcon_core.event_handler.log_command:Invoking command in '/home/ros2/ros2_ws/build/stage_ros2': CMAKE_PREFIX_PATH=/home/ros2/ros2_ws/install/stage_ros2:/home/ros2/ros2_ws/install/my_py_pkg:/opt/ros/humble:/home/ros2/ros2_ws/install/stage /usr/bin/cmake --install /home/ros2/ros2_ws/build/stage_ros2
[2.963s] Level 1:colcon.colcon_core.environment:create_environment_scripts_only(stage_ros2)
[2.964s] DEBUG:colcon.colcon_core.event_handler.log_command:Invoked command in '/home/ros2/ros2_ws/build/stage_ros2' returned '0': CMAKE_PREFIX_PATH=/home/ros2/ros2_ws/install/stage_ros2:/home/ros2/ros2_ws/install/my_py_pkg:/opt/ros/humble:/home/ros2/ros2_ws/install/stage /usr/bin/cmake --install /home/ros2/ros2_ws/build/stage_ros2
[2.980s] Level 1:colcon.colcon_core.environment:checking '/home/ros2/ros2_ws/install/stage_ros2' for CMake module files
[2.981s] Level 1:colcon.colcon_core.environment:checking '/home/ros2/ros2_ws/install/stage_ros2' for CMake config files
[2.981s] Level 1:colcon.colcon_core.shell:create_environment_hook('stage_ros2', 'cmake_prefix_path')
[2.981s] INFO:colcon.colcon_core.shell:Creating environment hook '/home/ros2/ros2_ws/install/stage_ros2/share/stage_ros2/hook/cmake_prefix_path.ps1'
[2.986s] INFO:colcon.colcon_core.shell:Creating environment descriptor '/home/ros2/ros2_ws/install/stage_ros2/share/stage_ros2/hook/cmake_prefix_path.dsv'
[2.987s] INFO:colcon.colcon_core.shell:Creating environment hook '/home/ros2/ros2_ws/install/stage_ros2/share/stage_ros2/hook/cmake_prefix_path.sh'
[2.990s] Level 1:colcon.colcon_core.environment:checking '/home/ros2/ros2_ws/install/stage_ros2/lib'
[2.990s] Level 1:colcon.colcon_core.shell:create_environment_hook('stage_ros2', 'ld_library_path_lib')
[2.991s] INFO:colcon.colcon_core.shell:Creating environment hook '/home/ros2/ros2_ws/install/stage_ros2/share/stage_ros2/hook/ld_library_path_lib.ps1'
[2.991s] INFO:colcon.colcon_core.shell:Creating environment descriptor '/home/ros2/ros2_ws/install/stage_ros2/share/stage_ros2/hook/ld_library_path_lib.dsv'
[2.993s] INFO:colcon.colcon_core.shell:Creating environment hook '/home/ros2/ros2_ws/install/stage_ros2/share/stage_ros2/hook/ld_library_path_lib.sh'
[2.994s] Level 1:colcon.colcon_core.environment:checking '/home/ros2/ros2_ws/install/stage_ros2/bin'
[2.994s] Level 1:colcon.colcon_core.environment:checking '/home/ros2/ros2_ws/install/stage_ros2/lib/pkgconfig/stage_ros2.pc'
[2.994s] Level 1:colcon.colcon_core.environment:checking '/home/ros2/ros2_ws/install/stage_ros2/lib/python3.10/site-packages'
[2.994s] Level 1:colcon.colcon_core.environment:checking '/home/ros2/ros2_ws/install/stage_ros2/bin'
[2.997s] INFO:colcon.colcon_core.shell:Creating package script '/home/ros2/ros2_ws/install/stage_ros2/share/stage_ros2/package.ps1'
[3.001s] INFO:colcon.colcon_core.shell:Creating package descriptor '/home/ros2/ros2_ws/install/stage_ros2/share/stage_ros2/package.dsv'
[3.003s] INFO:colcon.colcon_core.shell:Creating package script '/home/ros2/ros2_ws/install/stage_ros2/share/stage_ros2/package.sh'
[3.004s] INFO:colcon.colcon_core.shell:Creating package script '/home/ros2/ros2_ws/install/stage_ros2/share/stage_ros2/package.bash'
[3.008s] INFO:colcon.colcon_core.shell:Creating package script '/home/ros2/ros2_ws/install/stage_ros2/share/stage_ros2/package.zsh'
[3.010s] Level 1:colcon.colcon_core.environment:create_file_with_runtime_dependencies(/home/ros2/ros2_ws/install/stage_ros2/share/colcon-core/packages/stage_ros2)
[3.011s] Level 1:colcon.colcon_core.environment:create_environment_scripts_only(stage_ros2)
[3.012s] Level 1:colcon.colcon_core.environment:checking '/home/ros2/ros2_ws/install/stage_ros2' for CMake module files
[3.018s] Level 1:colcon.colcon_core.environment:checking '/home/ros2/ros2_ws/install/stage_ros2' for CMake config files
[3.018s] Level 1:colcon.colcon_core.shell:create_environment_hook('stage_ros2', 'cmake_prefix_path')
[3.019s] INFO:colcon.colcon_core.shell:Creating environment hook '/home/ros2/ros2_ws/install/stage_ros2/share/stage_ros2/hook/cmake_prefix_path.ps1'
[3.019s] INFO:colcon.colcon_core.shell:Creating environment descriptor '/home/ros2/ros2_ws/install/stage_ros2/share/stage_ros2/hook/cmake_prefix_path.dsv'
[3.019s] INFO:colcon.colcon_core.shell:Creating environment hook '/home/ros2/ros2_ws/install/stage_ros2/share/stage_ros2/hook/cmake_prefix_path.sh'
[3.020s] Level 1:colcon.colcon_core.environment:checking '/home/ros2/ros2_ws/install/stage_ros2/lib'
[3.020s] Level 1:colcon.colcon_core.shell:create_environment_hook('stage_ros2', 'ld_library_path_lib')
[3.021s] INFO:colcon.colcon_core.shell:Creating environment hook '/home/ros2/ros2_ws/install/stage_ros2/share/stage_ros2/hook/ld_library_path_lib.ps1'
[3.024s] INFO:colcon.colcon_core.shell:Creating environment descriptor '/home/ros2/ros2_ws/install/stage_ros2/share/stage_ros2/hook/ld_library_path_lib.dsv'
[3.025s] INFO:colcon.colcon_core.shell:Creating environment hook '/home/ros2/ros2_ws/install/stage_ros2/share/stage_ros2/hook/ld_library_path_lib.sh'
[3.025s] Level 1:colcon.colcon_core.environment:checking '/home/ros2/ros2_ws/install/stage_ros2/bin'
[3.025s] Level 1:colcon.colcon_core.environment:checking '/home/ros2/ros2_ws/install/stage_ros2/lib/pkgconfig/stage_ros2.pc'
[3.025s] Level 1:colcon.colcon_core.environment:checking '/home/ros2/ros2_ws/install/stage_ros2/lib/python3.10/site-packages'
[3.026s] Level 1:colcon.colcon_core.environment:checking '/home/ros2/ros2_ws/install/stage_ros2/bin'
[3.026s] INFO:colcon.colcon_core.shell:Creating package script '/home/ros2/ros2_ws/install/stage_ros2/share/stage_ros2/package.ps1'
[3.030s] INFO:colcon.colcon_core.shell:Creating package descriptor '/home/ros2/ros2_ws/install/stage_ros2/share/stage_ros2/package.dsv'
[3.031s] INFO:colcon.colcon_core.shell:Creating package script '/home/ros2/ros2_ws/install/stage_ros2/share/stage_ros2/package.sh'
[3.031s] INFO:colcon.colcon_core.shell:Creating package script '/home/ros2/ros2_ws/install/stage_ros2/share/stage_ros2/package.bash'
[3.032s] INFO:colcon.colcon_core.shell:Creating package script '/home/ros2/ros2_ws/install/stage_ros2/share/stage_ros2/package.zsh'
[3.032s] Level 1:colcon.colcon_core.environment:create_file_with_runtime_dependencies(/home/ros2/ros2_ws/install/stage_ros2/share/colcon-core/packages/stage_ros2)
[3.033s] DEBUG:colcon.colcon_ros_domain_id_coordinator.shell.ros_domain_id:Released ROS_DOMAIN_ID=50 for '/home/ros2/ros2_ws/build/stage_ros2'
[3.148s] DEBUG:colcon.colcon_core.event_handler.log_command:Invoking command in '/home/ros2/ros2_ws/src/my_py_pkg': PYTHONPATH=/home/ros2/ros2_ws/build/my_py_pkg/prefix_override:/usr/lib/python3/dist-packages/colcon_core/task/python/colcon_distutils_commands:/home/ros2/ros2_ws/install/my_py_pkg/lib/python3.10/site-packages:${PYTHONPATH} /usr/bin/python3 -W ignore:setup.py install is deprecated -W ignore:easy_install command is deprecated setup.py egg_info --egg-base ../../build/my_py_pkg build --build-base /home/ros2/ros2_ws/build/my_py_pkg/build install --record /home/ros2/ros2_ws/build/my_py_pkg/install.log --single-version-externally-managed install_data
[3.638s] Level 1:colcon.colcon_core.environment:checking '/home/ros2/ros2_ws/install/my_py_pkg' for CMake module files
[3.640s] DEBUG:colcon.colcon_core.event_handler.log_command:Invoked command in '/home/ros2/ros2_ws/src/my_py_pkg' returned '0': PYTHONPATH=/home/ros2/ros2_ws/build/my_py_pkg/prefix_override:/usr/lib/python3/dist-packages/colcon_core/task/python/colcon_distutils_commands:/home/ros2/ros2_ws/install/my_py_pkg/lib/python3.10/site-packages:${PYTHONPATH} /usr/bin/python3 -W ignore:setup.py install is deprecated -W ignore:easy_install command is deprecated setup.py egg_info --egg-base ../../build/my_py_pkg build --build-base /home/ros2/ros2_ws/build/my_py_pkg/build install --record /home/ros2/ros2_ws/build/my_py_pkg/install.log --single-version-externally-managed install_data
[3.641s] Level 1:colcon.colcon_core.environment:checking '/home/ros2/ros2_ws/install/my_py_pkg' for CMake config files
[3.641s] Level 1:colcon.colcon_core.environment:checking '/home/ros2/ros2_ws/install/my_py_pkg/lib'
[3.642s] Level 1:colcon.colcon_core.environment:checking '/home/ros2/ros2_ws/install/my_py_pkg/bin'
[3.642s] Level 1:colcon.colcon_core.environment:checking '/home/ros2/ros2_ws/install/my_py_pkg/lib/pkgconfig/my_py_pkg.pc'
[3.642s] Level 1:colcon.colcon_core.environment:checking '/home/ros2/ros2_ws/install/my_py_pkg/lib/python3.10/site-packages'
[3.642s] Level 1:colcon.colcon_core.shell:create_environment_hook('my_py_pkg', 'pythonpath')
[3.642s] INFO:colcon.colcon_core.shell:Creating environment hook '/home/ros2/ros2_ws/install/my_py_pkg/share/my_py_pkg/hook/pythonpath.ps1'
[3.643s] INFO:colcon.colcon_core.shell:Creating environment descriptor '/home/ros2/ros2_ws/install/my_py_pkg/share/my_py_pkg/hook/pythonpath.dsv'
[3.643s] INFO:colcon.colcon_core.shell:Creating environment hook '/home/ros2/ros2_ws/install/my_py_pkg/share/my_py_pkg/hook/pythonpath.sh'
[3.646s] Level 1:colcon.colcon_core.environment:checking '/home/ros2/ros2_ws/install/my_py_pkg/bin'
[3.646s] Level 1:colcon.colcon_core.environment:create_environment_scripts_only(my_py_pkg)
[3.647s] INFO:colcon.colcon_core.shell:Creating package script '/home/ros2/ros2_ws/install/my_py_pkg/share/my_py_pkg/package.ps1'
[3.648s] INFO:colcon.colcon_core.shell:Creating package descriptor '/home/ros2/ros2_ws/install/my_py_pkg/share/my_py_pkg/package.dsv'
[3.648s] INFO:colcon.colcon_core.shell:Creating package script '/home/ros2/ros2_ws/install/my_py_pkg/share/my_py_pkg/package.sh'
[3.652s] INFO:colcon.colcon_core.shell:Creating package script '/home/ros2/ros2_ws/install/my_py_pkg/share/my_py_pkg/package.bash'
[3.653s] INFO:colcon.colcon_core.shell:Creating package script '/home/ros2/ros2_ws/install/my_py_pkg/share/my_py_pkg/package.zsh'
[3.653s] Level 1:colcon.colcon_core.environment:create_file_with_runtime_dependencies(/home/ros2/ros2_ws/install/my_py_pkg/share/colcon-core/packages/my_py_pkg)
[3.653s] DEBUG:colcon.colcon_ros_domain_id_coordinator.shell.ros_domain_id:Released ROS_DOMAIN_ID=67 for '/home/ros2/ros2_ws/build/my_py_pkg'
[7.062s] DEBUG:colcon.colcon_core.event_handler.log_command:Invoked command in '/home/ros2/ros2_ws/build/stage' returned '0': /usr/bin/cmake --build /home/ros2/ros2_ws/build/stage -- -j4 -l4
[7.066s] DEBUG:colcon.colcon_core.event_handler.log_command:Invoking command in '/home/ros2/ros2_ws/build/stage': /usr/bin/cmake --install /home/ros2/ros2_ws/build/stage
[7.116s] DEBUG:colcon.colcon_core.event_handler.log_command:Invoked command in '/home/ros2/ros2_ws/build/stage' returned '0': /usr/bin/cmake --install /home/ros2/ros2_ws/build/stage
[7.116s] Level 1:colcon.colcon_core.shell:create_environment_hook('stage', 'ros_package_path')
[7.116s] INFO:colcon.colcon_core.shell:Creating environment hook '/home/ros2/ros2_ws/install/stage/share/stage/hook/ros_package_path.ps1'
[7.117s] INFO:colcon.colcon_core.shell:Creating environment descriptor '/home/ros2/ros2_ws/install/stage/share/stage/hook/ros_package_path.dsv'
[7.117s] INFO:colcon.colcon_core.shell:Creating environment hook '/home/ros2/ros2_ws/install/stage/share/stage/hook/ros_package_path.sh'
[7.118s] Level 1:colcon.colcon_core.shell:create_environment_hook('stage', 'pkg_config_path')
[7.119s] INFO:colcon.colcon_core.shell:Creating environment hook '/home/ros2/ros2_ws/install/stage/share/stage/hook/pkg_config_path.ps1'
[7.119s] INFO:colcon.colcon_core.shell:Creating environment descriptor '/home/ros2/ros2_ws/install/stage/share/stage/hook/pkg_config_path.dsv'
[7.119s] INFO:colcon.colcon_core.shell:Creating environment hook '/home/ros2/ros2_ws/install/stage/share/stage/hook/pkg_config_path.sh'
[7.121s] Level 1:colcon.colcon_core.shell:create_environment_hook('stage', 'pkg_config_path_multiarch')
[7.122s] INFO:colcon.colcon_core.shell:Creating environment hook '/home/ros2/ros2_ws/install/stage/share/stage/hook/pkg_config_path_multiarch.ps1'
[7.122s] INFO:colcon.colcon_core.shell:Creating environment descriptor '/home/ros2/ros2_ws/install/stage/share/stage/hook/pkg_config_path_multiarch.dsv'
[7.123s] INFO:colcon.colcon_core.shell:Creating environment hook '/home/ros2/ros2_ws/install/stage/share/stage/hook/pkg_config_path_multiarch.sh'
[7.124s] Level 1:colcon.colcon_core.environment:create_environment_scripts_only(stage)
[7.125s] Level 1:colcon.colcon_core.environment:checking '/home/ros2/ros2_ws/install/stage' for CMake module files
[7.125s] Level 1:colcon.colcon_core.environment:checking '/home/ros2/ros2_ws/install/stage' for CMake config files
[7.125s] Level 1:colcon.colcon_core.shell:create_environment_hook('stage', 'cmake_prefix_path')
[7.126s] INFO:colcon.colcon_core.shell:Creating environment hook '/home/ros2/ros2_ws/install/stage/share/stage/hook/cmake_prefix_path.ps1'
[7.126s] INFO:colcon.colcon_core.shell:Creating environment descriptor '/home/ros2/ros2_ws/install/stage/share/stage/hook/cmake_prefix_path.dsv'
[7.127s] INFO:colcon.colcon_core.shell:Creating environment hook '/home/ros2/ros2_ws/install/stage/share/stage/hook/cmake_prefix_path.sh'
[7.127s] Level 1:colcon.colcon_core.environment:checking '/home/ros2/ros2_ws/install/stage/lib'
[7.127s] Level 1:colcon.colcon_core.shell:create_environment_hook('stage', 'ld_library_path_lib')
[7.128s] INFO:colcon.colcon_core.shell:Creating environment hook '/home/ros2/ros2_ws/install/stage/share/stage/hook/ld_library_path_lib.ps1'
[7.128s] INFO:colcon.colcon_core.shell:Creating environment descriptor '/home/ros2/ros2_ws/install/stage/share/stage/hook/ld_library_path_lib.dsv'
[7.129s] INFO:colcon.colcon_core.shell:Creating environment hook '/home/ros2/ros2_ws/install/stage/share/stage/hook/ld_library_path_lib.sh'
[7.129s] Level 1:colcon.colcon_core.environment:checking '/home/ros2/ros2_ws/install/stage/bin'
[7.129s] Level 1:colcon.colcon_core.shell:create_environment_hook('stage', 'path')
[7.130s] INFO:colcon.colcon_core.shell:Creating environment hook '/home/ros2/ros2_ws/install/stage/share/stage/hook/path.ps1'
[7.130s] INFO:colcon.colcon_core.shell:Creating environment descriptor '/home/ros2/ros2_ws/install/stage/share/stage/hook/path.dsv'
[7.130s] INFO:colcon.colcon_core.shell:Creating environment hook '/home/ros2/ros2_ws/install/stage/share/stage/hook/path.sh'
[7.131s] Level 1:colcon.colcon_core.environment:checking '/home/ros2/ros2_ws/install/stage/lib/pkgconfig/stage.pc'
[7.131s] Level 1:colcon.colcon_core.shell:create_environment_hook('stage', 'pkg_config')
[7.131s] INFO:colcon.colcon_core.shell:Creating environment hook '/home/ros2/ros2_ws/install/stage/share/stage/hook/pkg_config.ps1'
[7.132s] INFO:colcon.colcon_core.shell:Creating environment descriptor '/home/ros2/ros2_ws/install/stage/share/stage/hook/pkg_config.dsv'
[7.132s] INFO:colcon.colcon_core.shell:Creating environment hook '/home/ros2/ros2_ws/install/stage/share/stage/hook/pkg_config.sh'
[7.133s] Level 1:colcon.colcon_core.environment:checking '/home/ros2/ros2_ws/install/stage/lib/python3.10/site-packages'
[7.133s] Level 1:colcon.colcon_core.environment:checking '/home/ros2/ros2_ws/install/stage/bin'
[7.133s] Level 1:colcon.colcon_core.shell:create_environment_hook('stage', 'pythonscriptspath')
[7.134s] INFO:colcon.colcon_core.shell:Creating environment hook '/home/ros2/ros2_ws/install/stage/share/stage/hook/pythonscriptspath.ps1'
[7.134s] INFO:colcon.colcon_core.shell:Creating environment descriptor '/home/ros2/ros2_ws/install/stage/share/stage/hook/pythonscriptspath.dsv'
[7.135s] INFO:colcon.colcon_core.shell:Creating environment hook '/home/ros2/ros2_ws/install/stage/share/stage/hook/pythonscriptspath.sh'
[7.136s] INFO:colcon.colcon_core.shell:Creating package script '/home/ros2/ros2_ws/install/stage/share/stage/package.ps1'
[7.137s] INFO:colcon.colcon_core.shell:Creating package descriptor '/home/ros2/ros2_ws/install/stage/share/stage/package.dsv'
[7.138s] INFO:colcon.colcon_core.shell:Creating package script '/home/ros2/ros2_ws/install/stage/share/stage/package.sh'
[7.139s] INFO:colcon.colcon_core.shell:Creating package script '/home/ros2/ros2_ws/install/stage/share/stage/package.bash'
[7.139s] INFO:colcon.colcon_core.shell:Creating package script '/home/ros2/ros2_ws/install/stage/share/stage/package.zsh'
[7.140s] Level 1:colcon.colcon_core.environment:create_file_with_runtime_dependencies(/home/ros2/ros2_ws/install/stage/share/colcon-core/packages/stage)
[7.140s] DEBUG:colcon.colcon_parallel_executor.executor.parallel:closing loop
[7.140s] DEBUG:colcon.colcon_parallel_executor.executor.parallel:loop closed
[7.140s] DEBUG:colcon.colcon_parallel_executor.executor.parallel:run_until_complete finished with '0'
[7.140s] DEBUG:colcon.colcon_core.event_reactor:joining thread
[7.140s] DEBUG:colcon.colcon_ros_domain_id_coordinator.shell.ros_domain_id:Released ROS_DOMAIN_ID=5 for '/home/ros2/ros2_ws/build/stage'
[7.149s] INFO:colcon.colcon_core.plugin_system:Skipping extension 'colcon_notification.desktop_notification.terminal_notifier': Not used on non-Darwin systems
[7.149s] INFO:colcon.colcon_core.plugin_system:Skipping extension 'colcon_notification.desktop_notification.win32': Not used on non-Windows systems
[7.149s] INFO:colcon.colcon_notification.desktop_notification:Sending desktop notification using 'notify2'
[7.180s] DEBUG:colcon.colcon_core.event_reactor:joined thread
[7.180s] INFO:colcon.colcon_core.shell:Creating prefix script '/home/ros2/ros2_ws/install/local_setup.ps1'
[7.182s] INFO:colcon.colcon_core.shell:Creating prefix util module '/home/ros2/ros2_ws/install/_local_setup_util_ps1.py'
[7.186s] INFO:colcon.colcon_core.shell:Creating prefix chain script '/home/ros2/ros2_ws/install/setup.ps1'
[7.188s] INFO:colcon.colcon_core.shell:Creating prefix script '/home/ros2/ros2_ws/install/local_setup.sh'
[7.189s] INFO:colcon.colcon_core.shell:Creating prefix util module '/home/ros2/ros2_ws/install/_local_setup_util_sh.py'
[7.190s] INFO:colcon.colcon_core.shell:Creating prefix chain script '/home/ros2/ros2_ws/install/setup.sh'
[7.192s] INFO:colcon.colcon_core.shell:Creating prefix script '/home/ros2/ros2_ws/install/local_setup.bash'
[7.193s] INFO:colcon.colcon_core.shell:Creating prefix chain script '/home/ros2/ros2_ws/install/setup.bash'
[7.195s] INFO:colcon.colcon_core.shell:Creating prefix script '/home/ros2/ros2_ws/install/local_setup.zsh'
[7.196s] INFO:colcon.colcon_core.shell:Creating prefix chain script '/home/ros2/ros2_ws/install/setup.zsh'
[7.198s] INFO:colcon.colcon_core.shell:Creating '/home/ros2/ros2_ws/install/spawn_shell.bash'
