[0.402s] DEBUG:colcon:Command line arguments: ['/usr/bin/colcon', 'build']
[0.402s] DEBUG:colcon:Parsed command line arguments: Namespace(log_base=None, log_level=None, verb_name='build', build_base='build', install_base='install', merge_install=False, symlink_install=False, test_result_base=None, continue_on_error=False, executor='parallel', parallel_workers=4, event_handlers=None, ignore_user_meta=False, metas=['./colcon.meta'], base_paths=['.'], packages_ignore=None, packages_ignore_regex=None, paths=None, packages_up_to=None, packages_up_to_regex=None, packages_above=None, packages_above_and_dependencies=None, packages_above_depth=None, packages_select_by_dep=None, packages_skip_by_dep=None, packages_skip_up_to=None, packages_select_build_failed=False, packages_skip_build_finished=False, packages_select_test_failures=False, packages_skip_test_passed=False, packages_select=None, packages_skip=None, packages_select_regex=None, packages_skip_regex=None, packages_start=None, packages_end=None, allow_overriding=[], bazel_args=None, bazel_task=None, cmake_args=None, cmake_target=None, cmake_target_skip_unavailable=False, cmake_clean_cache=False, cmake_clean_first=False, cmake_force_configure=False, meson_args=[], ament_cmake_args=None, catkin_cmake_args=None, catkin_skip_building_tests=False, mixin_files=None, mixin=None, verb_parser=<colcon_alias.argument_parser.alias.AliasArgumentDecorator object at 0x7a576b6040a0>, verb_extension=<colcon_core.verb.build.BuildVerb object at 0x7a576b7cf100>, main=<bound method BuildVerb.main of <colcon_core.verb.build.BuildVerb object at 0x7a576b7cf100>>, mixin_verb=('build',))
[0.661s] Level 1:colcon.colcon_core.package_discovery:discover_packages(colcon_meta) check parameters
[0.661s] Level 1:colcon.colcon_core.package_discovery:discover_packages(recursive) check parameters
[0.661s] Level 1:colcon.colcon_core.package_discovery:discover_packages(ignore) check parameters
[0.661s] Level 1:colcon.colcon_core.package_discovery:discover_packages(path) check parameters
[0.661s] Level 1:colcon.colcon_core.package_discovery:discover_packages(colcon_meta) discover
[0.661s] Level 1:colcon.colcon_core.package_discovery:discover_packages(recursive) discover
[0.661s] INFO:colcon.colcon_core.package_discovery:Crawling recursively for packages in '/home/ros2/ros2_ws'
[0.661s] Level 1:colcon.colcon_core.package_identification:_identify(.) by extensions ['ignore', 'ignore_ament_install']
[0.661s] Level 1:colcon.colcon_core.package_identification:_identify(.) by extension 'ignore'
[0.661s] Level 1:colcon.colcon_core.package_identification:_identify(.) by extension 'ignore_ament_install'
[0.661s] Level 1:colcon.colcon_core.package_identification:_identify(.) by extensions ['colcon_pkg']
[0.661s] Level 1:colcon.colcon_core.package_identification:_identify(.) by extension 'colcon_pkg'
[0.661s] Level 1:colcon.colcon_core.package_identification:_identify(.) by extensions ['colcon_meta']
[0.661s] Level 1:colcon.colcon_core.package_identification:_identify(.) by extension 'colcon_meta'
[0.662s] Level 1:colcon.colcon_core.package_identification:_identify(.) by extensions ['ros']
[0.662s] Level 1:colcon.colcon_core.package_identification:_identify(.) by extension 'ros'
[0.666s] Level 1:colcon.colcon_core.package_identification:_identify(.) by extensions ['bazel', 'cmake', 'meson', 'python']
[0.666s] Level 1:colcon.colcon_core.package_identification:_identify(.) by extension 'bazel'
[0.666s] Level 1:colcon.colcon_core.package_identification:_identify(.) by extension 'cmake'
[0.666s] Level 1:colcon.colcon_core.package_identification:_identify(.) by extension 'meson'
[0.666s] Level 1:colcon.colcon_core.package_identification:_identify(.) by extension 'python'
[0.666s] Level 1:colcon.colcon_core.package_identification:_identify(.) by extensions ['python_setup_py']
[0.666s] Level 1:colcon.colcon_core.package_identification:_identify(.) by extension 'python_setup_py'
[0.666s] Level 1:colcon.colcon_core.package_identification:_identify(build) by extensions ['ignore', 'ignore_ament_install']
[0.666s] Level 1:colcon.colcon_core.package_identification:_identify(build) by extension 'ignore'
[0.667s] Level 1:colcon.colcon_core.package_identification:_identify(build) ignored
[0.667s] Level 1:colcon.colcon_core.package_identification:_identify(install) by extensions ['ignore', 'ignore_ament_install']
[0.667s] Level 1:colcon.colcon_core.package_identification:_identify(install) by extension 'ignore'
[0.667s] Level 1:colcon.colcon_core.package_identification:_identify(install) ignored
[0.667s] Level 1:colcon.colcon_core.package_identification:_identify(log) by extensions ['ignore', 'ignore_ament_install']
[0.667s] Level 1:colcon.colcon_core.package_identification:_identify(log) by extension 'ignore'
[0.667s] Level 1:colcon.colcon_core.package_identification:_identify(log) ignored
[0.667s] Level 1:colcon.colcon_core.package_identification:_identify(src) by extensions ['ignore', 'ignore_ament_install']
[0.667s] Level 1:colcon.colcon_core.package_identification:_identify(src) by extension 'ignore'
[0.668s] Level 1:colcon.colcon_core.package_identification:_identify(src) by extension 'ignore_ament_install'
[0.668s] Level 1:colcon.colcon_core.package_identification:_identify(src) by extensions ['colcon_pkg']
[0.668s] Level 1:colcon.colcon_core.package_identification:_identify(src) by extension 'colcon_pkg'
[0.668s] Level 1:colcon.colcon_core.package_identification:_identify(src) by extensions ['colcon_meta']
[0.668s] Level 1:colcon.colcon_core.package_identification:_identify(src) by extension 'colcon_meta'
[0.668s] Level 1:colcon.colcon_core.package_identification:_identify(src) by extensions ['ros']
[0.668s] Level 1:colcon.colcon_core.package_identification:_identify(src) by extension 'ros'
[0.668s] Level 1:colcon.colcon_core.package_identification:_identify(src) by extensions ['bazel', 'cmake', 'meson', 'python']
[0.668s] Level 1:colcon.colcon_core.package_identification:_identify(src) by extension 'bazel'
[0.668s] Level 1:colcon.colcon_core.package_identification:_identify(src) by extension 'cmake'
[0.668s] Level 1:colcon.colcon_core.package_identification:_identify(src) by extension 'meson'
[0.668s] Level 1:colcon.colcon_core.package_identification:_identify(src) by extension 'python'
[0.668s] Level 1:colcon.colcon_core.package_identification:_identify(src) by extensions ['python_setup_py']
[0.668s] Level 1:colcon.colcon_core.package_identification:_identify(src) by extension 'python_setup_py'
[0.668s] Level 1:colcon.colcon_core.package_identification:_identify(src/Stage) by extensions ['ignore', 'ignore_ament_install']
[0.669s] Level 1:colcon.colcon_core.package_identification:_identify(src/Stage) by extension 'ignore'
[0.669s] Level 1:colcon.colcon_core.package_identification:_identify(src/Stage) by extension 'ignore_ament_install'
[0.669s] Level 1:colcon.colcon_core.package_identification:_identify(src/Stage) by extensions ['colcon_pkg']
[0.669s] Level 1:colcon.colcon_core.package_identification:_identify(src/Stage) by extension 'colcon_pkg'
[0.669s] Level 1:colcon.colcon_core.package_identification:_identify(src/Stage) by extensions ['colcon_meta']
[0.669s] Level 1:colcon.colcon_core.package_identification:_identify(src/Stage) by extension 'colcon_meta'
[0.669s] Level 1:colcon.colcon_core.package_identification:_identify(src/Stage) by extensions ['ros']
[0.669s] Level 1:colcon.colcon_core.package_identification:_identify(src/Stage) by extension 'ros'
[0.673s] DEBUG:colcon.colcon_core.package_identification:Package 'src/Stage' with type 'ros.catkin' and name 'stage'
[0.673s] Level 1:colcon.colcon_core.package_identification:_identify(src/my_py_pkg) by extensions ['ignore', 'ignore_ament_install']
[0.673s] Level 1:colcon.colcon_core.package_identification:_identify(src/my_py_pkg) by extension 'ignore'
[0.673s] Level 1:colcon.colcon_core.package_identification:_identify(src/my_py_pkg) by extension 'ignore_ament_install'
[0.673s] Level 1:colcon.colcon_core.package_identification:_identify(src/my_py_pkg) by extensions ['colcon_pkg']
[0.673s] Level 1:colcon.colcon_core.package_identification:_identify(src/my_py_pkg) by extension 'colcon_pkg'
[0.673s] Level 1:colcon.colcon_core.package_identification:_identify(src/my_py_pkg) by extensions ['colcon_meta']
[0.674s] Level 1:colcon.colcon_core.package_identification:_identify(src/my_py_pkg) by extension 'colcon_meta'
[0.674s] Level 1:colcon.colcon_core.package_identification:_identify(src/my_py_pkg) by extensions ['ros']
[0.674s] Level 1:colcon.colcon_core.package_identification:_identify(src/my_py_pkg) by extension 'ros'
[0.675s] DEBUG:colcon.colcon_core.package_identification:Package 'src/my_py_pkg' with type 'ros.ament_python' and name 'my_py_pkg'
[0.675s] Level 1:colcon.colcon_core.package_identification:_identify(src/stage_ros2) by extensions ['ignore', 'ignore_ament_install']
[0.675s] Level 1:colcon.colcon_core.package_identification:_identify(src/stage_ros2) by extension 'ignore'
[0.675s] Level 1:colcon.colcon_core.package_identification:_identify(src/stage_ros2) by extension 'ignore_ament_install'
[0.675s] Level 1:colcon.colcon_core.package_identification:_identify(src/stage_ros2) by extensions ['colcon_pkg']
[0.675s] Level 1:colcon.colcon_core.package_identification:_identify(src/stage_ros2) by extension 'colcon_pkg'
[0.675s] Level 1:colcon.colcon_core.package_identification:_identify(src/stage_ros2) by extensions ['colcon_meta']
[0.675s] Level 1:colcon.colcon_core.package_identification:_identify(src/stage_ros2) by extension 'colcon_meta'
[0.675s] Level 1:colcon.colcon_core.package_identification:_identify(src/stage_ros2) by extensions ['ros']
[0.675s] Level 1:colcon.colcon_core.package_identification:_identify(src/stage_ros2) by extension 'ros'
[0.677s] DEBUG:colcon.colcon_core.package_identification:Package 'src/stage_ros2' with type 'ros.ament_cmake' and name 'stage_ros2'
[0.677s] Level 1:colcon.colcon_core.package_discovery:discover_packages(recursive) using defaults
[0.677s] Level 1:colcon.colcon_core.package_discovery:discover_packages(ignore) discover
[0.677s] Level 1:colcon.colcon_core.package_discovery:discover_packages(ignore) using defaults
[0.677s] Level 1:colcon.colcon_core.package_discovery:discover_packages(path) discover
[0.677s] Level 1:colcon.colcon_core.package_discovery:discover_packages(path) using defaults
[0.702s] Level 1:colcon.colcon_core.package_discovery:discover_packages(prefix_path) check parameters
[0.702s] Level 1:colcon.colcon_core.package_discovery:discover_packages(prefix_path) discover
[0.705s] DEBUG:colcon.colcon_installed_package_information.package_discovery:Found 3 installed packages in /home/ros2/ros2_ws/install
[0.707s] DEBUG:colcon.colcon_installed_package_information.package_discovery:Found 271 installed packages in /opt/ros/humble
[0.709s] Level 1:colcon.colcon_core.package_discovery:discover_packages(prefix_path) using defaults
[0.800s] Level 5:colcon.colcon_core.verb:set package 'my_py_pkg' build argument 'bazel_args' from command line to 'None'
[0.800s] Level 5:colcon.colcon_core.verb:set package 'my_py_pkg' build argument 'bazel_task' from command line to 'None'
[0.800s] Level 5:colcon.colcon_core.verb:set package 'my_py_pkg' build argument 'cmake_args' from command line to 'None'
[0.800s] Level 5:colcon.colcon_core.verb:set package 'my_py_pkg' build argument 'cmake_target' from command line to 'None'
[0.800s] Level 5:colcon.colcon_core.verb:set package 'my_py_pkg' build argument 'cmake_target_skip_unavailable' from command line to 'False'
[0.800s] Level 5:colcon.colcon_core.verb:set package 'my_py_pkg' build argument 'cmake_clean_cache' from command line to 'False'
[0.800s] Level 5:colcon.colcon_core.verb:set package 'my_py_pkg' build argument 'cmake_clean_first' from command line to 'False'
[0.800s] Level 5:colcon.colcon_core.verb:set package 'my_py_pkg' build argument 'cmake_force_configure' from command line to 'False'
[0.800s] Level 5:colcon.colcon_core.verb:set package 'my_py_pkg' build argument 'meson_args' from command line to '[]'
[0.800s] Level 5:colcon.colcon_core.verb:set package 'my_py_pkg' build argument 'ament_cmake_args' from command line to 'None'
[0.800s] Level 5:colcon.colcon_core.verb:set package 'my_py_pkg' build argument 'catkin_cmake_args' from command line to 'None'
[0.800s] Level 5:colcon.colcon_core.verb:set package 'my_py_pkg' build argument 'catkin_skip_building_tests' from command line to 'False'
[0.800s] DEBUG:colcon.colcon_core.verb:Building package 'my_py_pkg' with the following arguments: {'ament_cmake_args': None, 'bazel_args': None, 'bazel_task': None, 'build_base': '/home/ros2/ros2_ws/build/my_py_pkg', 'catkin_cmake_args': None, 'catkin_skip_building_tests': False, 'cmake_args': None, 'cmake_clean_cache': False, 'cmake_clean_first': False, 'cmake_force_configure': False, 'cmake_target': None, 'cmake_target_skip_unavailable': False, 'install_base': '/home/ros2/ros2_ws/install/my_py_pkg', 'merge_install': False, 'meson_args': [], 'path': '/home/ros2/ros2_ws/src/my_py_pkg', 'symlink_install': False, 'test_result_base': None}
[0.825s] Level 5:colcon.colcon_core.verb:set package 'stage' build argument 'bazel_args' from command line to 'None'
[0.825s] Level 5:colcon.colcon_core.verb:set package 'stage' build argument 'bazel_task' from command line to 'None'
[0.825s] Level 5:colcon.colcon_core.verb:set package 'stage' build argument 'cmake_args' from command line to 'None'
[0.825s] Level 5:colcon.colcon_core.verb:set package 'stage' build argument 'cmake_target' from command line to 'None'
[0.825s] Level 5:colcon.colcon_core.verb:set package 'stage' build argument 'cmake_target_skip_unavailable' from command line to 'False'
[0.825s] Level 5:colcon.colcon_core.verb:set package 'stage' build argument 'cmake_clean_cache' from command line to 'False'
[0.825s] Level 5:colcon.colcon_core.verb:set package 'stage' build argument 'cmake_clean_first' from command line to 'False'
[0.825s] Level 5:colcon.colcon_core.verb:set package 'stage' build argument 'cmake_force_configure' from command line to 'False'
[0.825s] Level 5:colcon.colcon_core.verb:set package 'stage' build argument 'meson_args' from command line to '[]'
[0.825s] Level 5:colcon.colcon_core.verb:set package 'stage' build argument 'ament_cmake_args' from command line to 'None'
[0.825s] Level 5:colcon.colcon_core.verb:set package 'stage' build argument 'catkin_cmake_args' from command line to 'None'
[0.825s] Level 5:colcon.colcon_core.verb:set package 'stage' build argument 'catkin_skip_building_tests' from command line to 'False'
[0.825s] DEBUG:colcon.colcon_core.verb:Building package 'stage' with the following arguments: {'ament_cmake_args': None, 'bazel_args': None, 'bazel_task': None, 'build_base': '/home/ros2/ros2_ws/build/stage', 'catkin_cmake_args': None, 'catkin_skip_building_tests': False, 'cmake_args': None, 'cmake_clean_cache': False, 'cmake_clean_first': False, 'cmake_force_configure': False, 'cmake_target': None, 'cmake_target_skip_unavailable': False, 'install_base': '/home/ros2/ros2_ws/install/stage', 'merge_install': False, 'meson_args': [], 'path': '/home/ros2/ros2_ws/src/Stage', 'symlink_install': False, 'test_result_base': None}
[0.851s] Level 5:colcon.colcon_core.verb:set package 'stage_ros2' build argument 'bazel_args' from command line to 'None'
[0.851s] Level 5:colcon.colcon_core.verb:set package 'stage_ros2' build argument 'bazel_task' from command line to 'None'
[0.851s] Level 5:colcon.colcon_core.verb:set package 'stage_ros2' build argument 'cmake_args' from command line to 'None'
[0.851s] Level 5:colcon.colcon_core.verb:set package 'stage_ros2' build argument 'cmake_target' from command line to 'None'
[0.851s] Level 5:colcon.colcon_core.verb:set package 'stage_ros2' build argument 'cmake_target_skip_unavailable' from command line to 'False'
[0.851s] Level 5:colcon.colcon_core.verb:set package 'stage_ros2' build argument 'cmake_clean_cache' from command line to 'False'
[0.851s] Level 5:colcon.colcon_core.verb:set package 'stage_ros2' build argument 'cmake_clean_first' from command line to 'False'
[0.851s] Level 5:colcon.colcon_core.verb:set package 'stage_ros2' build argument 'cmake_force_configure' from command line to 'False'
[0.851s] Level 5:colcon.colcon_core.verb:set package 'stage_ros2' build argument 'meson_args' from command line to '[]'
[0.851s] Level 5:colcon.colcon_core.verb:set package 'stage_ros2' build argument 'ament_cmake_args' from command line to 'None'
[0.851s] Level 5:colcon.colcon_core.verb:set package 'stage_ros2' build argument 'catkin_cmake_args' from command line to 'None'
[0.851s] Level 5:colcon.colcon_core.verb:set package 'stage_ros2' build argument 'catkin_skip_building_tests' from command line to 'False'
[0.851s] DEBUG:colcon.colcon_core.verb:Building package 'stage_ros2' with the following arguments: {'ament_cmake_args': None, 'bazel_args': None, 'bazel_task': None, 'build_base': '/home/ros2/ros2_ws/build/stage_ros2', 'catkin_cmake_args': None, 'catkin_skip_building_tests': False, 'cmake_args': None, 'cmake_clean_cache': False, 'cmake_clean_first': False, 'cmake_force_configure': False, 'cmake_target': None, 'cmake_target_skip_unavailable': False, 'install_base': '/home/ros2/ros2_ws/install/stage_ros2', 'merge_install': False, 'meson_args': [], 'path': '/home/ros2/ros2_ws/src/stage_ros2', 'symlink_install': False, 'test_result_base': None}
[0.851s] INFO:colcon.colcon_core.executor:Executing jobs using 'parallel' executor
[0.853s] DEBUG:colcon.colcon_parallel_executor.executor.parallel:run_until_complete
[0.853s] INFO:colcon.colcon_ros.task.ament_python.build:Building ROS package in '/home/ros2/ros2_ws/src/my_py_pkg' with build type 'ament_python'
[0.853s] Level 1:colcon.colcon_core.shell:create_environment_hook('my_py_pkg', 'ament_prefix_path')
[0.856s] INFO:colcon.colcon_core.plugin_system:Skipping extension 'colcon_core.shell.bat': Not used on non-Windows systems
[0.857s] INFO:colcon.colcon_core.shell:Creating environment hook '/home/ros2/ros2_ws/install/my_py_pkg/share/my_py_pkg/hook/ament_prefix_path.ps1'
[0.858s] INFO:colcon.colcon_core.shell:Creating environment descriptor '/home/ros2/ros2_ws/install/my_py_pkg/share/my_py_pkg/hook/ament_prefix_path.dsv'
[0.858s] INFO:colcon.colcon_core.shell:Creating environment hook '/home/ros2/ros2_ws/install/my_py_pkg/share/my_py_pkg/hook/ament_prefix_path.sh'
[0.860s] DEBUG:colcon.colcon_ros_domain_id_coordinator.shell.ros_domain_id:Allocated ROS_DOMAIN_ID=52 for '/home/ros2/ros2_ws/build/my_py_pkg'
[0.860s] INFO:colcon.colcon_core.shell:Skip shell extension 'ros_domain_id' for command environment: 
[0.860s] INFO:colcon.colcon_core.shell:Skip shell extension 'powershell' for command environment: Not usable outside of PowerShell
[0.860s] DEBUG:colcon.colcon_core.shell:Skip shell extension 'dsv' for command environment
[0.865s] INFO:colcon.colcon_ros.task.catkin.build:Building ROS package in '/home/ros2/ros2_ws/src/Stage' with build type 'catkin'
[0.865s] INFO:colcon.colcon_cmake.task.cmake.build:Building CMake package in '/home/ros2/ros2_ws/src/Stage'
[0.865s] DEBUG:colcon.colcon_ros_domain_id_coordinator.shell.ros_domain_id:Allocated ROS_DOMAIN_ID=10 for '/home/ros2/ros2_ws/build/stage'
[0.865s] INFO:colcon.colcon_core.shell:Skip shell extension 'ros_domain_id' for command environment: 
[0.865s] INFO:colcon.colcon_core.shell:Skip shell extension 'powershell' for command environment: Not usable outside of PowerShell
[0.865s] DEBUG:colcon.colcon_core.shell:Skip shell extension 'dsv' for command environment
[0.870s] INFO:colcon.colcon_ros.task.ament_cmake.build:Building ROS package in '/home/ros2/ros2_ws/src/stage_ros2' with build type 'ament_cmake'
[0.870s] INFO:colcon.colcon_cmake.task.cmake.build:Building CMake package in '/home/ros2/ros2_ws/src/stage_ros2'
[0.870s] DEBUG:colcon.colcon_ros_domain_id_coordinator.shell.ros_domain_id:Allocated ROS_DOMAIN_ID=63 for '/home/ros2/ros2_ws/build/stage_ros2'
[0.870s] INFO:colcon.colcon_core.shell:Skip shell extension 'ros_domain_id' for command environment: 
[0.870s] INFO:colcon.colcon_core.shell:Skip shell extension 'powershell' for command environment: Not usable outside of PowerShell
[0.870s] DEBUG:colcon.colcon_core.shell:Skip shell extension 'dsv' for command environment
[1.250s] INFO:colcon.colcon_core.task.python.build:Building Python package in '/home/ros2/ros2_ws/src/my_py_pkg'
[1.250s] DEBUG:colcon.colcon_ros_domain_id_coordinator.shell.ros_domain_id:Allocated ROS_DOMAIN_ID=52 for '/home/ros2/ros2_ws/build/my_py_pkg'
[1.251s] INFO:colcon.colcon_core.shell:Skip shell extension 'ros_domain_id' for command environment: 
[1.251s] INFO:colcon.colcon_core.shell:Skip shell extension 'powershell' for command environment: Not usable outside of PowerShell
[1.251s] DEBUG:colcon.colcon_core.shell:Skip shell extension 'dsv' for command environment
[1.265s] DEBUG:colcon.colcon_core.event_handler.log_command:Invoking command in '/home/ros2/ros2_ws/build/stage': /usr/bin/cmake --build /home/ros2/ros2_ws/build/stage -- -j4 -l4
[1.269s] DEBUG:colcon.colcon_core.event_handler.log_command:Invoking command in '/home/ros2/ros2_ws/build/stage_ros2': CMAKE_PREFIX_PATH=/home/ros2/ros2_ws/install/stage_ros2:/home/ros2/ros2_ws/install/my_py_pkg:/opt/ros/humble:/home/ros2/ros2_ws/install/stage /usr/bin/cmake --build /home/ros2/ros2_ws/build/stage_ros2 -- -j4 -l4
[1.474s] DEBUG:colcon.colcon_core.event_handler.log_command:Invoked command in '/home/ros2/ros2_ws/build/stage_ros2' returned '0': CMAKE_PREFIX_PATH=/home/ros2/ros2_ws/install/stage_ros2:/home/ros2/ros2_ws/install/my_py_pkg:/opt/ros/humble:/home/ros2/ros2_ws/install/stage /usr/bin/cmake --build /home/ros2/ros2_ws/build/stage_ros2 -- -j4 -l4
[1.487s] DEBUG:colcon.colcon_core.event_handler.log_command:Invoking command in '/home/ros2/ros2_ws/build/stage_ros2': CMAKE_PREFIX_PATH=/home/ros2/ros2_ws/install/stage_ros2:/home/ros2/ros2_ws/install/my_py_pkg:/opt/ros/humble:/home/ros2/ros2_ws/install/stage /usr/bin/cmake --install /home/ros2/ros2_ws/build/stage_ros2
[1.506s] Level 1:colcon.colcon_core.environment:create_environment_scripts_only(stage_ros2)
[1.509s] DEBUG:colcon.colcon_core.event_handler.log_command:Invoked command in '/home/ros2/ros2_ws/build/stage_ros2' returned '0': CMAKE_PREFIX_PATH=/home/ros2/ros2_ws/install/stage_ros2:/home/ros2/ros2_ws/install/my_py_pkg:/opt/ros/humble:/home/ros2/ros2_ws/install/stage /usr/bin/cmake --install /home/ros2/ros2_ws/build/stage_ros2
[1.511s] Level 1:colcon.colcon_core.environment:checking '/home/ros2/ros2_ws/install/stage_ros2' for CMake module files
[1.512s] Level 1:colcon.colcon_core.environment:checking '/home/ros2/ros2_ws/install/stage_ros2' for CMake config files
[1.512s] Level 1:colcon.colcon_core.shell:create_environment_hook('stage_ros2', 'cmake_prefix_path')
[1.513s] INFO:colcon.colcon_core.shell:Creating environment hook '/home/ros2/ros2_ws/install/stage_ros2/share/stage_ros2/hook/cmake_prefix_path.ps1'
[1.513s] INFO:colcon.colcon_core.shell:Creating environment descriptor '/home/ros2/ros2_ws/install/stage_ros2/share/stage_ros2/hook/cmake_prefix_path.dsv'
[1.514s] INFO:colcon.colcon_core.shell:Creating environment hook '/home/ros2/ros2_ws/install/stage_ros2/share/stage_ros2/hook/cmake_prefix_path.sh'
[1.515s] Level 1:colcon.colcon_core.environment:checking '/home/ros2/ros2_ws/install/stage_ros2/lib'
[1.515s] Level 1:colcon.colcon_core.shell:create_environment_hook('stage_ros2', 'ld_library_path_lib')
[1.515s] INFO:colcon.colcon_core.shell:Creating environment hook '/home/ros2/ros2_ws/install/stage_ros2/share/stage_ros2/hook/ld_library_path_lib.ps1'
[1.516s] INFO:colcon.colcon_core.shell:Creating environment descriptor '/home/ros2/ros2_ws/install/stage_ros2/share/stage_ros2/hook/ld_library_path_lib.dsv'
[1.516s] INFO:colcon.colcon_core.shell:Creating environment hook '/home/ros2/ros2_ws/install/stage_ros2/share/stage_ros2/hook/ld_library_path_lib.sh'
[1.517s] Level 1:colcon.colcon_core.environment:checking '/home/ros2/ros2_ws/install/stage_ros2/bin'
[1.517s] Level 1:colcon.colcon_core.environment:checking '/home/ros2/ros2_ws/install/stage_ros2/lib/pkgconfig/stage_ros2.pc'
[1.518s] Level 1:colcon.colcon_core.environment:checking '/home/ros2/ros2_ws/install/stage_ros2/lib/python3.10/site-packages'
[1.518s] Level 1:colcon.colcon_core.environment:checking '/home/ros2/ros2_ws/install/stage_ros2/bin'
[1.519s] INFO:colcon.colcon_core.shell:Creating package script '/home/ros2/ros2_ws/install/stage_ros2/share/stage_ros2/package.ps1'
[1.520s] INFO:colcon.colcon_core.shell:Creating package descriptor '/home/ros2/ros2_ws/install/stage_ros2/share/stage_ros2/package.dsv'
[1.521s] INFO:colcon.colcon_core.shell:Creating package script '/home/ros2/ros2_ws/install/stage_ros2/share/stage_ros2/package.sh'
[1.522s] INFO:colcon.colcon_core.shell:Creating package script '/home/ros2/ros2_ws/install/stage_ros2/share/stage_ros2/package.bash'
[1.523s] INFO:colcon.colcon_core.shell:Creating package script '/home/ros2/ros2_ws/install/stage_ros2/share/stage_ros2/package.zsh'
[1.524s] Level 1:colcon.colcon_core.environment:create_file_with_runtime_dependencies(/home/ros2/ros2_ws/install/stage_ros2/share/colcon-core/packages/stage_ros2)
[1.525s] Level 1:colcon.colcon_core.environment:create_environment_scripts_only(stage_ros2)
[1.525s] Level 1:colcon.colcon_core.environment:checking '/home/ros2/ros2_ws/install/stage_ros2' for CMake module files
[1.526s] Level 1:colcon.colcon_core.environment:checking '/home/ros2/ros2_ws/install/stage_ros2' for CMake config files
[1.530s] Level 1:colcon.colcon_core.shell:create_environment_hook('stage_ros2', 'cmake_prefix_path')
[1.531s] INFO:colcon.colcon_core.shell:Creating environment hook '/home/ros2/ros2_ws/install/stage_ros2/share/stage_ros2/hook/cmake_prefix_path.ps1'
[1.533s] INFO:colcon.colcon_core.shell:Creating environment descriptor '/home/ros2/ros2_ws/install/stage_ros2/share/stage_ros2/hook/cmake_prefix_path.dsv'
[1.534s] INFO:colcon.colcon_core.shell:Creating environment hook '/home/ros2/ros2_ws/install/stage_ros2/share/stage_ros2/hook/cmake_prefix_path.sh'
[1.534s] Level 1:colcon.colcon_core.environment:checking '/home/ros2/ros2_ws/install/stage_ros2/lib'
[1.535s] Level 1:colcon.colcon_core.shell:create_environment_hook('stage_ros2', 'ld_library_path_lib')
[1.535s] INFO:colcon.colcon_core.shell:Creating environment hook '/home/ros2/ros2_ws/install/stage_ros2/share/stage_ros2/hook/ld_library_path_lib.ps1'
[1.536s] INFO:colcon.colcon_core.shell:Creating environment descriptor '/home/ros2/ros2_ws/install/stage_ros2/share/stage_ros2/hook/ld_library_path_lib.dsv'
[1.536s] INFO:colcon.colcon_core.shell:Creating environment hook '/home/ros2/ros2_ws/install/stage_ros2/share/stage_ros2/hook/ld_library_path_lib.sh'
[1.536s] Level 1:colcon.colcon_core.environment:checking '/home/ros2/ros2_ws/install/stage_ros2/bin'
[1.536s] Level 1:colcon.colcon_core.environment:checking '/home/ros2/ros2_ws/install/stage_ros2/lib/pkgconfig/stage_ros2.pc'
[1.537s] Level 1:colcon.colcon_core.environment:checking '/home/ros2/ros2_ws/install/stage_ros2/lib/python3.10/site-packages'
[1.537s] Level 1:colcon.colcon_core.environment:checking '/home/ros2/ros2_ws/install/stage_ros2/bin'
[1.538s] INFO:colcon.colcon_core.shell:Creating package script '/home/ros2/ros2_ws/install/stage_ros2/share/stage_ros2/package.ps1'
[1.538s] INFO:colcon.colcon_core.shell:Creating package descriptor '/home/ros2/ros2_ws/install/stage_ros2/share/stage_ros2/package.dsv'
[1.539s] INFO:colcon.colcon_core.shell:Creating package script '/home/ros2/ros2_ws/install/stage_ros2/share/stage_ros2/package.sh'
[1.540s] INFO:colcon.colcon_core.shell:Creating package script '/home/ros2/ros2_ws/install/stage_ros2/share/stage_ros2/package.bash'
[1.540s] INFO:colcon.colcon_core.shell:Creating package script '/home/ros2/ros2_ws/install/stage_ros2/share/stage_ros2/package.zsh'
[1.541s] Level 1:colcon.colcon_core.environment:create_file_with_runtime_dependencies(/home/ros2/ros2_ws/install/stage_ros2/share/colcon-core/packages/stage_ros2)
[1.545s] DEBUG:colcon.colcon_ros_domain_id_coordinator.shell.ros_domain_id:Released ROS_DOMAIN_ID=63 for '/home/ros2/ros2_ws/build/stage_ros2'
[1.551s] DEBUG:colcon.colcon_core.event_handler.log_command:Invoked command in '/home/ros2/ros2_ws/build/stage' returned '0': /usr/bin/cmake --build /home/ros2/ros2_ws/build/stage -- -j4 -l4
[1.552s] DEBUG:colcon.colcon_core.event_handler.log_command:Invoking command in '/home/ros2/ros2_ws/build/stage': /usr/bin/cmake --install /home/ros2/ros2_ws/build/stage
[1.588s] Level 1:colcon.colcon_core.shell:create_environment_hook('stage', 'ros_package_path')
[1.588s] INFO:colcon.colcon_core.shell:Creating environment hook '/home/ros2/ros2_ws/install/stage/share/stage/hook/ros_package_path.ps1'
[1.589s] INFO:colcon.colcon_core.shell:Creating environment descriptor '/home/ros2/ros2_ws/install/stage/share/stage/hook/ros_package_path.dsv'
[1.589s] DEBUG:colcon.colcon_core.event_handler.log_command:Invoked command in '/home/ros2/ros2_ws/build/stage' returned '0': /usr/bin/cmake --install /home/ros2/ros2_ws/build/stage
[1.590s] INFO:colcon.colcon_core.shell:Creating environment hook '/home/ros2/ros2_ws/install/stage/share/stage/hook/ros_package_path.sh'
[1.591s] Level 1:colcon.colcon_core.shell:create_environment_hook('stage', 'pkg_config_path')
[1.591s] INFO:colcon.colcon_core.shell:Creating environment hook '/home/ros2/ros2_ws/install/stage/share/stage/hook/pkg_config_path.ps1'
[1.592s] INFO:colcon.colcon_core.shell:Creating environment descriptor '/home/ros2/ros2_ws/install/stage/share/stage/hook/pkg_config_path.dsv'
[1.592s] INFO:colcon.colcon_core.shell:Creating environment hook '/home/ros2/ros2_ws/install/stage/share/stage/hook/pkg_config_path.sh'
[1.594s] Level 1:colcon.colcon_core.shell:create_environment_hook('stage', 'pkg_config_path_multiarch')
[1.595s] INFO:colcon.colcon_core.shell:Creating environment hook '/home/ros2/ros2_ws/install/stage/share/stage/hook/pkg_config_path_multiarch.ps1'
[1.595s] INFO:colcon.colcon_core.shell:Creating environment descriptor '/home/ros2/ros2_ws/install/stage/share/stage/hook/pkg_config_path_multiarch.dsv'
[1.596s] INFO:colcon.colcon_core.shell:Creating environment hook '/home/ros2/ros2_ws/install/stage/share/stage/hook/pkg_config_path_multiarch.sh'
[1.598s] Level 1:colcon.colcon_core.environment:create_environment_scripts_only(stage)
[1.598s] Level 1:colcon.colcon_core.environment:checking '/home/ros2/ros2_ws/install/stage' for CMake module files
[1.599s] Level 1:colcon.colcon_core.environment:checking '/home/ros2/ros2_ws/install/stage' for CMake config files
[1.599s] Level 1:colcon.colcon_core.shell:create_environment_hook('stage', 'cmake_prefix_path')
[1.599s] INFO:colcon.colcon_core.shell:Creating environment hook '/home/ros2/ros2_ws/install/stage/share/stage/hook/cmake_prefix_path.ps1'
[1.600s] INFO:colcon.colcon_core.shell:Creating environment descriptor '/home/ros2/ros2_ws/install/stage/share/stage/hook/cmake_prefix_path.dsv'
[1.600s] INFO:colcon.colcon_core.shell:Creating environment hook '/home/ros2/ros2_ws/install/stage/share/stage/hook/cmake_prefix_path.sh'
[1.601s] Level 1:colcon.colcon_core.environment:checking '/home/ros2/ros2_ws/install/stage/lib'
[1.601s] Level 1:colcon.colcon_core.shell:create_environment_hook('stage', 'ld_library_path_lib')
[1.601s] INFO:colcon.colcon_core.shell:Creating environment hook '/home/ros2/ros2_ws/install/stage/share/stage/hook/ld_library_path_lib.ps1'
[1.602s] INFO:colcon.colcon_core.shell:Creating environment descriptor '/home/ros2/ros2_ws/install/stage/share/stage/hook/ld_library_path_lib.dsv'
[1.602s] INFO:colcon.colcon_core.shell:Creating environment hook '/home/ros2/ros2_ws/install/stage/share/stage/hook/ld_library_path_lib.sh'
[1.602s] Level 1:colcon.colcon_core.environment:checking '/home/ros2/ros2_ws/install/stage/bin'
[1.603s] Level 1:colcon.colcon_core.shell:create_environment_hook('stage', 'path')
[1.603s] INFO:colcon.colcon_core.shell:Creating environment hook '/home/ros2/ros2_ws/install/stage/share/stage/hook/path.ps1'
[1.603s] INFO:colcon.colcon_core.shell:Creating environment descriptor '/home/ros2/ros2_ws/install/stage/share/stage/hook/path.dsv'
[1.604s] INFO:colcon.colcon_core.shell:Creating environment hook '/home/ros2/ros2_ws/install/stage/share/stage/hook/path.sh'
[1.604s] Level 1:colcon.colcon_core.environment:checking '/home/ros2/ros2_ws/install/stage/lib/pkgconfig/stage.pc'
[1.605s] Level 1:colcon.colcon_core.shell:create_environment_hook('stage', 'pkg_config')
[1.605s] INFO:colcon.colcon_core.shell:Creating environment hook '/home/ros2/ros2_ws/install/stage/share/stage/hook/pkg_config.ps1'
[1.605s] INFO:colcon.colcon_core.shell:Creating environment descriptor '/home/ros2/ros2_ws/install/stage/share/stage/hook/pkg_config.dsv'
[1.606s] INFO:colcon.colcon_core.shell:Creating environment hook '/home/ros2/ros2_ws/install/stage/share/stage/hook/pkg_config.sh'
[1.607s] Level 1:colcon.colcon_core.environment:checking '/home/ros2/ros2_ws/install/stage/lib/python3.10/site-packages'
[1.607s] Level 1:colcon.colcon_core.environment:checking '/home/ros2/ros2_ws/install/stage/bin'
[1.607s] Level 1:colcon.colcon_core.shell:create_environment_hook('stage', 'pythonscriptspath')
[1.607s] INFO:colcon.colcon_core.shell:Creating environment hook '/home/ros2/ros2_ws/install/stage/share/stage/hook/pythonscriptspath.ps1'
[1.608s] INFO:colcon.colcon_core.shell:Creating environment descriptor '/home/ros2/ros2_ws/install/stage/share/stage/hook/pythonscriptspath.dsv'
[1.608s] INFO:colcon.colcon_core.shell:Creating environment hook '/home/ros2/ros2_ws/install/stage/share/stage/hook/pythonscriptspath.sh'
[1.610s] INFO:colcon.colcon_core.shell:Creating package script '/home/ros2/ros2_ws/install/stage/share/stage/package.ps1'
[1.611s] INFO:colcon.colcon_core.shell:Creating package descriptor '/home/ros2/ros2_ws/install/stage/share/stage/package.dsv'
[1.612s] INFO:colcon.colcon_core.shell:Creating package script '/home/ros2/ros2_ws/install/stage/share/stage/package.sh'
[1.613s] INFO:colcon.colcon_core.shell:Creating package script '/home/ros2/ros2_ws/install/stage/share/stage/package.bash'
[1.613s] INFO:colcon.colcon_core.shell:Creating package script '/home/ros2/ros2_ws/install/stage/share/stage/package.zsh'
[1.614s] Level 1:colcon.colcon_core.environment:create_file_with_runtime_dependencies(/home/ros2/ros2_ws/install/stage/share/colcon-core/packages/stage)
[1.614s] DEBUG:colcon.colcon_ros_domain_id_coordinator.shell.ros_domain_id:Released ROS_DOMAIN_ID=10 for '/home/ros2/ros2_ws/build/stage'
[1.789s] DEBUG:colcon.colcon_core.event_handler.log_command:Invoking command in '/home/ros2/ros2_ws/src/my_py_pkg': PYTHONPATH=/home/ros2/ros2_ws/build/my_py_pkg/prefix_override:/usr/lib/python3/dist-packages/colcon_core/task/python/colcon_distutils_commands:/home/ros2/ros2_ws/install/my_py_pkg/lib/python3.10/site-packages:${PYTHONPATH} /usr/bin/python3 -W ignore:setup.py install is deprecated -W ignore:easy_install command is deprecated setup.py egg_info --egg-base ../../build/my_py_pkg build --build-base /home/ros2/ros2_ws/build/my_py_pkg/build install --record /home/ros2/ros2_ws/build/my_py_pkg/install.log --single-version-externally-managed install_data
[2.203s] Level 1:colcon.colcon_core.environment:checking '/home/ros2/ros2_ws/install/my_py_pkg' for CMake module files
[2.204s] DEBUG:colcon.colcon_core.event_handler.log_command:Invoked command in '/home/ros2/ros2_ws/src/my_py_pkg' returned '0': PYTHONPATH=/home/ros2/ros2_ws/build/my_py_pkg/prefix_override:/usr/lib/python3/dist-packages/colcon_core/task/python/colcon_distutils_commands:/home/ros2/ros2_ws/install/my_py_pkg/lib/python3.10/site-packages:${PYTHONPATH} /usr/bin/python3 -W ignore:setup.py install is deprecated -W ignore:easy_install command is deprecated setup.py egg_info --egg-base ../../build/my_py_pkg build --build-base /home/ros2/ros2_ws/build/my_py_pkg/build install --record /home/ros2/ros2_ws/build/my_py_pkg/install.log --single-version-externally-managed install_data
[2.204s] Level 1:colcon.colcon_core.environment:checking '/home/ros2/ros2_ws/install/my_py_pkg' for CMake config files
[2.205s] Level 1:colcon.colcon_core.environment:checking '/home/ros2/ros2_ws/install/my_py_pkg/lib'
[2.205s] Level 1:colcon.colcon_core.environment:checking '/home/ros2/ros2_ws/install/my_py_pkg/bin'
[2.205s] Level 1:colcon.colcon_core.environment:checking '/home/ros2/ros2_ws/install/my_py_pkg/lib/pkgconfig/my_py_pkg.pc'
[2.205s] Level 1:colcon.colcon_core.environment:checking '/home/ros2/ros2_ws/install/my_py_pkg/lib/python3.10/site-packages'
[2.205s] Level 1:colcon.colcon_core.shell:create_environment_hook('my_py_pkg', 'pythonpath')
[2.206s] INFO:colcon.colcon_core.shell:Creating environment hook '/home/ros2/ros2_ws/install/my_py_pkg/share/my_py_pkg/hook/pythonpath.ps1'
[2.206s] INFO:colcon.colcon_core.shell:Creating environment descriptor '/home/ros2/ros2_ws/install/my_py_pkg/share/my_py_pkg/hook/pythonpath.dsv'
[2.207s] INFO:colcon.colcon_core.shell:Creating environment hook '/home/ros2/ros2_ws/install/my_py_pkg/share/my_py_pkg/hook/pythonpath.sh'
[2.207s] Level 1:colcon.colcon_core.environment:checking '/home/ros2/ros2_ws/install/my_py_pkg/bin'
[2.208s] Level 1:colcon.colcon_core.environment:create_environment_scripts_only(my_py_pkg)
[2.208s] INFO:colcon.colcon_core.shell:Creating package script '/home/ros2/ros2_ws/install/my_py_pkg/share/my_py_pkg/package.ps1'
[2.209s] INFO:colcon.colcon_core.shell:Creating package descriptor '/home/ros2/ros2_ws/install/my_py_pkg/share/my_py_pkg/package.dsv'
[2.209s] INFO:colcon.colcon_core.shell:Creating package script '/home/ros2/ros2_ws/install/my_py_pkg/share/my_py_pkg/package.sh'
[2.210s] INFO:colcon.colcon_core.shell:Creating package script '/home/ros2/ros2_ws/install/my_py_pkg/share/my_py_pkg/package.bash'
[2.210s] INFO:colcon.colcon_core.shell:Creating package script '/home/ros2/ros2_ws/install/my_py_pkg/share/my_py_pkg/package.zsh'
[2.211s] Level 1:colcon.colcon_core.environment:create_file_with_runtime_dependencies(/home/ros2/ros2_ws/install/my_py_pkg/share/colcon-core/packages/my_py_pkg)
[2.211s] DEBUG:colcon.colcon_parallel_executor.executor.parallel:closing loop
[2.211s] DEBUG:colcon.colcon_ros_domain_id_coordinator.shell.ros_domain_id:Released ROS_DOMAIN_ID=52 for '/home/ros2/ros2_ws/build/my_py_pkg'
[2.211s] DEBUG:colcon.colcon_parallel_executor.executor.parallel:loop closed
[2.211s] DEBUG:colcon.colcon_parallel_executor.executor.parallel:run_until_complete finished with '0'
[2.211s] DEBUG:colcon.colcon_core.event_reactor:joining thread
[2.218s] INFO:colcon.colcon_core.plugin_system:Skipping extension 'colcon_notification.desktop_notification.terminal_notifier': Not used on non-Darwin systems
[2.218s] INFO:colcon.colcon_core.plugin_system:Skipping extension 'colcon_notification.desktop_notification.win32': Not used on non-Windows systems
[2.218s] INFO:colcon.colcon_notification.desktop_notification:Sending desktop notification using 'notify2'
[2.233s] DEBUG:colcon.colcon_core.event_reactor:joined thread
[2.233s] INFO:colcon.colcon_core.shell:Creating prefix script '/home/ros2/ros2_ws/install/local_setup.ps1'
[2.235s] INFO:colcon.colcon_core.shell:Creating prefix util module '/home/ros2/ros2_ws/install/_local_setup_util_ps1.py'
[2.237s] INFO:colcon.colcon_core.shell:Creating prefix chain script '/home/ros2/ros2_ws/install/setup.ps1'
[2.239s] INFO:colcon.colcon_core.shell:Creating prefix script '/home/ros2/ros2_ws/install/local_setup.sh'
[2.240s] INFO:colcon.colcon_core.shell:Creating prefix util module '/home/ros2/ros2_ws/install/_local_setup_util_sh.py'
[2.240s] INFO:colcon.colcon_core.shell:Creating prefix chain script '/home/ros2/ros2_ws/install/setup.sh'
[2.242s] INFO:colcon.colcon_core.shell:Creating prefix script '/home/ros2/ros2_ws/install/local_setup.bash'
[2.243s] INFO:colcon.colcon_core.shell:Creating prefix chain script '/home/ros2/ros2_ws/install/setup.bash'
[2.245s] INFO:colcon.colcon_core.shell:Creating prefix script '/home/ros2/ros2_ws/install/local_setup.zsh'
[2.245s] INFO:colcon.colcon_core.shell:Creating prefix chain script '/home/ros2/ros2_ws/install/setup.zsh'
[2.247s] INFO:colcon.colcon_core.shell:Creating '/home/ros2/ros2_ws/install/spawn_shell.bash'
