[0.403s] DEBUG:colcon:Command line arguments: ['/usr/bin/colcon', 'build']
[0.403s] DEBUG:colcon:Parsed command line arguments: Namespace(log_base=None, log_level=None, verb_name='build', build_base='build', install_base='install', merge_install=False, symlink_install=False, test_result_base=None, continue_on_error=False, executor='parallel', parallel_workers=4, event_handlers=None, ignore_user_meta=False, metas=['./colcon.meta'], base_paths=['.'], packages_ignore=None, packages_ignore_regex=None, paths=None, packages_up_to=None, packages_up_to_regex=None, packages_above=None, packages_above_and_dependencies=None, packages_above_depth=None, packages_select_by_dep=None, packages_skip_by_dep=None, packages_skip_up_to=None, packages_select_build_failed=False, packages_skip_build_finished=False, packages_select_test_failures=False, packages_skip_test_passed=False, packages_select=None, packages_skip=None, packages_select_regex=None, packages_skip_regex=None, packages_start=None, packages_end=None, allow_overriding=[], bazel_args=None, bazel_task=None, cmake_args=None, cmake_target=None, cmake_target_skip_unavailable=False, cmake_clean_cache=False, cmake_clean_first=False, cmake_force_configure=False, meson_args=[], ament_cmake_args=None, catkin_cmake_args=None, catkin_skip_building_tests=False, mixin_files=None, mixin=None, verb_parser=<colcon_alias.argument_parser.alias.AliasArgumentDecorator object at 0x74c5ca5c4100>, verb_extension=<colcon_core.verb.build.BuildVerb object at 0x74c5ca78b160>, main=<bound method BuildVerb.main of <colcon_core.verb.build.BuildVerb object at 0x74c5ca78b160>>, mixin_verb=('build',))
[0.663s] Level 1:colcon.colcon_core.package_discovery:discover_packages(colcon_meta) check parameters
[0.663s] Level 1:colcon.colcon_core.package_discovery:discover_packages(recursive) check parameters
[0.663s] Level 1:colcon.colcon_core.package_discovery:discover_packages(ignore) check parameters
[0.663s] Level 1:colcon.colcon_core.package_discovery:discover_packages(path) check parameters
[0.663s] Level 1:colcon.colcon_core.package_discovery:discover_packages(colcon_meta) discover
[0.663s] Level 1:colcon.colcon_core.package_discovery:discover_packages(recursive) discover
[0.663s] INFO:colcon.colcon_core.package_discovery:Crawling recursively for packages in '/home/ros2/ros2_ws'
[0.663s] Level 1:colcon.colcon_core.package_identification:_identify(.) by extensions ['ignore', 'ignore_ament_install']
[0.664s] Level 1:colcon.colcon_core.package_identification:_identify(.) by extension 'ignore'
[0.664s] Level 1:colcon.colcon_core.package_identification:_identify(.) by extension 'ignore_ament_install'
[0.664s] Level 1:colcon.colcon_core.package_identification:_identify(.) by extensions ['colcon_pkg']
[0.664s] Level 1:colcon.colcon_core.package_identification:_identify(.) by extension 'colcon_pkg'
[0.664s] Level 1:colcon.colcon_core.package_identification:_identify(.) by extensions ['colcon_meta']
[0.664s] Level 1:colcon.colcon_core.package_identification:_identify(.) by extension 'colcon_meta'
[0.664s] Level 1:colcon.colcon_core.package_identification:_identify(.) by extensions ['ros']
[0.664s] Level 1:colcon.colcon_core.package_identification:_identify(.) by extension 'ros'
[0.668s] Level 1:colcon.colcon_core.package_identification:_identify(.) by extensions ['bazel', 'cmake', 'meson', 'python']
[0.668s] Level 1:colcon.colcon_core.package_identification:_identify(.) by extension 'bazel'
[0.668s] Level 1:colcon.colcon_core.package_identification:_identify(.) by extension 'cmake'
[0.668s] Level 1:colcon.colcon_core.package_identification:_identify(.) by extension 'meson'
[0.668s] Level 1:colcon.colcon_core.package_identification:_identify(.) by extension 'python'
[0.668s] Level 1:colcon.colcon_core.package_identification:_identify(.) by extensions ['python_setup_py']
[0.668s] Level 1:colcon.colcon_core.package_identification:_identify(.) by extension 'python_setup_py'
[0.668s] Level 1:colcon.colcon_core.package_identification:_identify(build) by extensions ['ignore', 'ignore_ament_install']
[0.669s] Level 1:colcon.colcon_core.package_identification:_identify(build) by extension 'ignore'
[0.669s] Level 1:colcon.colcon_core.package_identification:_identify(build) ignored
[0.669s] Level 1:colcon.colcon_core.package_identification:_identify(install) by extensions ['ignore', 'ignore_ament_install']
[0.669s] Level 1:colcon.colcon_core.package_identification:_identify(install) by extension 'ignore'
[0.669s] Level 1:colcon.colcon_core.package_identification:_identify(install) ignored
[0.669s] Level 1:colcon.colcon_core.package_identification:_identify(log) by extensions ['ignore', 'ignore_ament_install']
[0.669s] Level 1:colcon.colcon_core.package_identification:_identify(log) by extension 'ignore'
[0.669s] Level 1:colcon.colcon_core.package_identification:_identify(log) ignored
[0.670s] Level 1:colcon.colcon_core.package_identification:_identify(src) by extensions ['ignore', 'ignore_ament_install']
[0.670s] Level 1:colcon.colcon_core.package_identification:_identify(src) by extension 'ignore'
[0.670s] Level 1:colcon.colcon_core.package_identification:_identify(src) by extension 'ignore_ament_install'
[0.670s] Level 1:colcon.colcon_core.package_identification:_identify(src) by extensions ['colcon_pkg']
[0.670s] Level 1:colcon.colcon_core.package_identification:_identify(src) by extension 'colcon_pkg'
[0.670s] Level 1:colcon.colcon_core.package_identification:_identify(src) by extensions ['colcon_meta']
[0.670s] Level 1:colcon.colcon_core.package_identification:_identify(src) by extension 'colcon_meta'
[0.670s] Level 1:colcon.colcon_core.package_identification:_identify(src) by extensions ['ros']
[0.670s] Level 1:colcon.colcon_core.package_identification:_identify(src) by extension 'ros'
[0.670s] Level 1:colcon.colcon_core.package_identification:_identify(src) by extensions ['bazel', 'cmake', 'meson', 'python']
[0.670s] Level 1:colcon.colcon_core.package_identification:_identify(src) by extension 'bazel'
[0.670s] Level 1:colcon.colcon_core.package_identification:_identify(src) by extension 'cmake'
[0.670s] Level 1:colcon.colcon_core.package_identification:_identify(src) by extension 'meson'
[0.670s] Level 1:colcon.colcon_core.package_identification:_identify(src) by extension 'python'
[0.671s] Level 1:colcon.colcon_core.package_identification:_identify(src) by extensions ['python_setup_py']
[0.671s] Level 1:colcon.colcon_core.package_identification:_identify(src) by extension 'python_setup_py'
[0.671s] Level 1:colcon.colcon_core.package_identification:_identify(src/Stage) by extensions ['ignore', 'ignore_ament_install']
[0.671s] Level 1:colcon.colcon_core.package_identification:_identify(src/Stage) by extension 'ignore'
[0.671s] Level 1:colcon.colcon_core.package_identification:_identify(src/Stage) by extension 'ignore_ament_install'
[0.671s] Level 1:colcon.colcon_core.package_identification:_identify(src/Stage) by extensions ['colcon_pkg']
[0.671s] Level 1:colcon.colcon_core.package_identification:_identify(src/Stage) by extension 'colcon_pkg'
[0.671s] Level 1:colcon.colcon_core.package_identification:_identify(src/Stage) by extensions ['colcon_meta']
[0.671s] Level 1:colcon.colcon_core.package_identification:_identify(src/Stage) by extension 'colcon_meta'
[0.671s] Level 1:colcon.colcon_core.package_identification:_identify(src/Stage) by extensions ['ros']
[0.671s] Level 1:colcon.colcon_core.package_identification:_identify(src/Stage) by extension 'ros'
[0.675s] DEBUG:colcon.colcon_core.package_identification:Package 'src/Stage' with type 'ros.catkin' and name 'stage'
[0.675s] Level 1:colcon.colcon_core.package_identification:_identify(src/my_py_pkg) by extensions ['ignore', 'ignore_ament_install']
[0.676s] Level 1:colcon.colcon_core.package_identification:_identify(src/my_py_pkg) by extension 'ignore'
[0.676s] Level 1:colcon.colcon_core.package_identification:_identify(src/my_py_pkg) by extension 'ignore_ament_install'
[0.676s] Level 1:colcon.colcon_core.package_identification:_identify(src/my_py_pkg) by extensions ['colcon_pkg']
[0.676s] Level 1:colcon.colcon_core.package_identification:_identify(src/my_py_pkg) by extension 'colcon_pkg'
[0.676s] Level 1:colcon.colcon_core.package_identification:_identify(src/my_py_pkg) by extensions ['colcon_meta']
[0.676s] Level 1:colcon.colcon_core.package_identification:_identify(src/my_py_pkg) by extension 'colcon_meta'
[0.676s] Level 1:colcon.colcon_core.package_identification:_identify(src/my_py_pkg) by extensions ['ros']
[0.676s] Level 1:colcon.colcon_core.package_identification:_identify(src/my_py_pkg) by extension 'ros'
[0.677s] DEBUG:colcon.colcon_core.package_identification:Package 'src/my_py_pkg' with type 'ros.ament_python' and name 'my_py_pkg'
[0.677s] Level 1:colcon.colcon_core.package_identification:_identify(src/stage_ros2) by extensions ['ignore', 'ignore_ament_install']
[0.677s] Level 1:colcon.colcon_core.package_identification:_identify(src/stage_ros2) by extension 'ignore'
[0.677s] Level 1:colcon.colcon_core.package_identification:_identify(src/stage_ros2) by extension 'ignore_ament_install'
[0.677s] Level 1:colcon.colcon_core.package_identification:_identify(src/stage_ros2) by extensions ['colcon_pkg']
[0.677s] Level 1:colcon.colcon_core.package_identification:_identify(src/stage_ros2) by extension 'colcon_pkg'
[0.677s] Level 1:colcon.colcon_core.package_identification:_identify(src/stage_ros2) by extensions ['colcon_meta']
[0.677s] Level 1:colcon.colcon_core.package_identification:_identify(src/stage_ros2) by extension 'colcon_meta'
[0.677s] Level 1:colcon.colcon_core.package_identification:_identify(src/stage_ros2) by extensions ['ros']
[0.678s] Level 1:colcon.colcon_core.package_identification:_identify(src/stage_ros2) by extension 'ros'
[0.679s] DEBUG:colcon.colcon_core.package_identification:Package 'src/stage_ros2' with type 'ros.ament_cmake' and name 'stage_ros2'
[0.679s] Level 1:colcon.colcon_core.package_discovery:discover_packages(recursive) using defaults
[0.679s] Level 1:colcon.colcon_core.package_discovery:discover_packages(ignore) discover
[0.679s] Level 1:colcon.colcon_core.package_discovery:discover_packages(ignore) using defaults
[0.679s] Level 1:colcon.colcon_core.package_discovery:discover_packages(path) discover
[0.679s] Level 1:colcon.colcon_core.package_discovery:discover_packages(path) using defaults
[0.704s] Level 1:colcon.colcon_core.package_discovery:discover_packages(prefix_path) check parameters
[0.704s] Level 1:colcon.colcon_core.package_discovery:discover_packages(prefix_path) discover
[0.706s] DEBUG:colcon.colcon_installed_package_information.package_discovery:Found 3 installed packages in /home/ros2/ros2_ws/install
[0.708s] DEBUG:colcon.colcon_installed_package_information.package_discovery:Found 271 installed packages in /opt/ros/humble
[0.711s] Level 1:colcon.colcon_core.package_discovery:discover_packages(prefix_path) using defaults
[0.803s] Level 5:colcon.colcon_core.verb:set package 'my_py_pkg' build argument 'bazel_args' from command line to 'None'
[0.803s] Level 5:colcon.colcon_core.verb:set package 'my_py_pkg' build argument 'bazel_task' from command line to 'None'
[0.803s] Level 5:colcon.colcon_core.verb:set package 'my_py_pkg' build argument 'cmake_args' from command line to 'None'
[0.803s] Level 5:colcon.colcon_core.verb:set package 'my_py_pkg' build argument 'cmake_target' from command line to 'None'
[0.803s] Level 5:colcon.colcon_core.verb:set package 'my_py_pkg' build argument 'cmake_target_skip_unavailable' from command line to 'False'
[0.803s] Level 5:colcon.colcon_core.verb:set package 'my_py_pkg' build argument 'cmake_clean_cache' from command line to 'False'
[0.803s] Level 5:colcon.colcon_core.verb:set package 'my_py_pkg' build argument 'cmake_clean_first' from command line to 'False'
[0.803s] Level 5:colcon.colcon_core.verb:set package 'my_py_pkg' build argument 'cmake_force_configure' from command line to 'False'
[0.803s] Level 5:colcon.colcon_core.verb:set package 'my_py_pkg' build argument 'meson_args' from command line to '[]'
[0.803s] Level 5:colcon.colcon_core.verb:set package 'my_py_pkg' build argument 'ament_cmake_args' from command line to 'None'
[0.803s] Level 5:colcon.colcon_core.verb:set package 'my_py_pkg' build argument 'catkin_cmake_args' from command line to 'None'
[0.803s] Level 5:colcon.colcon_core.verb:set package 'my_py_pkg' build argument 'catkin_skip_building_tests' from command line to 'False'
[0.803s] DEBUG:colcon.colcon_core.verb:Building package 'my_py_pkg' with the following arguments: {'ament_cmake_args': None, 'bazel_args': None, 'bazel_task': None, 'build_base': '/home/ros2/ros2_ws/build/my_py_pkg', 'catkin_cmake_args': None, 'catkin_skip_building_tests': False, 'cmake_args': None, 'cmake_clean_cache': False, 'cmake_clean_first': False, 'cmake_force_configure': False, 'cmake_target': None, 'cmake_target_skip_unavailable': False, 'install_base': '/home/ros2/ros2_ws/install/my_py_pkg', 'merge_install': False, 'meson_args': [], 'path': '/home/ros2/ros2_ws/src/my_py_pkg', 'symlink_install': False, 'test_result_base': None}
[0.828s] Level 5:colcon.colcon_core.verb:set package 'stage' build argument 'bazel_args' from command line to 'None'
[0.828s] Level 5:colcon.colcon_core.verb:set package 'stage' build argument 'bazel_task' from command line to 'None'
[0.828s] Level 5:colcon.colcon_core.verb:set package 'stage' build argument 'cmake_args' from command line to 'None'
[0.828s] Level 5:colcon.colcon_core.verb:set package 'stage' build argument 'cmake_target' from command line to 'None'
[0.828s] Level 5:colcon.colcon_core.verb:set package 'stage' build argument 'cmake_target_skip_unavailable' from command line to 'False'
[0.829s] Level 5:colcon.colcon_core.verb:set package 'stage' build argument 'cmake_clean_cache' from command line to 'False'
[0.829s] Level 5:colcon.colcon_core.verb:set package 'stage' build argument 'cmake_clean_first' from command line to 'False'
[0.829s] Level 5:colcon.colcon_core.verb:set package 'stage' build argument 'cmake_force_configure' from command line to 'False'
[0.829s] Level 5:colcon.colcon_core.verb:set package 'stage' build argument 'meson_args' from command line to '[]'
[0.829s] Level 5:colcon.colcon_core.verb:set package 'stage' build argument 'ament_cmake_args' from command line to 'None'
[0.829s] Level 5:colcon.colcon_core.verb:set package 'stage' build argument 'catkin_cmake_args' from command line to 'None'
[0.829s] Level 5:colcon.colcon_core.verb:set package 'stage' build argument 'catkin_skip_building_tests' from command line to 'False'
[0.829s] DEBUG:colcon.colcon_core.verb:Building package 'stage' with the following arguments: {'ament_cmake_args': None, 'bazel_args': None, 'bazel_task': None, 'build_base': '/home/ros2/ros2_ws/build/stage', 'catkin_cmake_args': None, 'catkin_skip_building_tests': False, 'cmake_args': None, 'cmake_clean_cache': False, 'cmake_clean_first': False, 'cmake_force_configure': False, 'cmake_target': None, 'cmake_target_skip_unavailable': False, 'install_base': '/home/ros2/ros2_ws/install/stage', 'merge_install': False, 'meson_args': [], 'path': '/home/ros2/ros2_ws/src/Stage', 'symlink_install': False, 'test_result_base': None}
[0.855s] Level 5:colcon.colcon_core.verb:set package 'stage_ros2' build argument 'bazel_args' from command line to 'None'
[0.855s] Level 5:colcon.colcon_core.verb:set package 'stage_ros2' build argument 'bazel_task' from command line to 'None'
[0.855s] Level 5:colcon.colcon_core.verb:set package 'stage_ros2' build argument 'cmake_args' from command line to 'None'
[0.855s] Level 5:colcon.colcon_core.verb:set package 'stage_ros2' build argument 'cmake_target' from command line to 'None'
[0.855s] Level 5:colcon.colcon_core.verb:set package 'stage_ros2' build argument 'cmake_target_skip_unavailable' from command line to 'False'
[0.855s] Level 5:colcon.colcon_core.verb:set package 'stage_ros2' build argument 'cmake_clean_cache' from command line to 'False'
[0.855s] Level 5:colcon.colcon_core.verb:set package 'stage_ros2' build argument 'cmake_clean_first' from command line to 'False'
[0.855s] Level 5:colcon.colcon_core.verb:set package 'stage_ros2' build argument 'cmake_force_configure' from command line to 'False'
[0.855s] Level 5:colcon.colcon_core.verb:set package 'stage_ros2' build argument 'meson_args' from command line to '[]'
[0.855s] Level 5:colcon.colcon_core.verb:set package 'stage_ros2' build argument 'ament_cmake_args' from command line to 'None'
[0.855s] Level 5:colcon.colcon_core.verb:set package 'stage_ros2' build argument 'catkin_cmake_args' from command line to 'None'
[0.855s] Level 5:colcon.colcon_core.verb:set package 'stage_ros2' build argument 'catkin_skip_building_tests' from command line to 'False'
[0.855s] DEBUG:colcon.colcon_core.verb:Building package 'stage_ros2' with the following arguments: {'ament_cmake_args': None, 'bazel_args': None, 'bazel_task': None, 'build_base': '/home/ros2/ros2_ws/build/stage_ros2', 'catkin_cmake_args': None, 'catkin_skip_building_tests': False, 'cmake_args': None, 'cmake_clean_cache': False, 'cmake_clean_first': False, 'cmake_force_configure': False, 'cmake_target': None, 'cmake_target_skip_unavailable': False, 'install_base': '/home/ros2/ros2_ws/install/stage_ros2', 'merge_install': False, 'meson_args': [], 'path': '/home/ros2/ros2_ws/src/stage_ros2', 'symlink_install': False, 'test_result_base': None}
[0.855s] INFO:colcon.colcon_core.executor:Executing jobs using 'parallel' executor
[0.857s] DEBUG:colcon.colcon_parallel_executor.executor.parallel:run_until_complete
[0.857s] INFO:colcon.colcon_ros.task.ament_python.build:Building ROS package in '/home/ros2/ros2_ws/src/my_py_pkg' with build type 'ament_python'
[0.857s] Level 1:colcon.colcon_core.shell:create_environment_hook('my_py_pkg', 'ament_prefix_path')
[0.860s] INFO:colcon.colcon_core.plugin_system:Skipping extension 'colcon_core.shell.bat': Not used on non-Windows systems
[0.861s] INFO:colcon.colcon_core.shell:Creating environment hook '/home/ros2/ros2_ws/install/my_py_pkg/share/my_py_pkg/hook/ament_prefix_path.ps1'
[0.862s] INFO:colcon.colcon_core.shell:Creating environment descriptor '/home/ros2/ros2_ws/install/my_py_pkg/share/my_py_pkg/hook/ament_prefix_path.dsv'
[0.862s] INFO:colcon.colcon_core.shell:Creating environment hook '/home/ros2/ros2_ws/install/my_py_pkg/share/my_py_pkg/hook/ament_prefix_path.sh'
[0.863s] DEBUG:colcon.colcon_ros_domain_id_coordinator.shell.ros_domain_id:Allocated ROS_DOMAIN_ID=20 for '/home/ros2/ros2_ws/build/my_py_pkg'
[0.863s] INFO:colcon.colcon_core.shell:Skip shell extension 'ros_domain_id' for command environment: 
[0.863s] INFO:colcon.colcon_core.shell:Skip shell extension 'powershell' for command environment: Not usable outside of PowerShell
[0.864s] DEBUG:colcon.colcon_core.shell:Skip shell extension 'dsv' for command environment
[0.868s] INFO:colcon.colcon_ros.task.catkin.build:Building ROS package in '/home/ros2/ros2_ws/src/Stage' with build type 'catkin'
[0.868s] INFO:colcon.colcon_cmake.task.cmake.build:Building CMake package in '/home/ros2/ros2_ws/src/Stage'
[0.869s] DEBUG:colcon.colcon_ros_domain_id_coordinator.shell.ros_domain_id:Allocated ROS_DOMAIN_ID=40 for '/home/ros2/ros2_ws/build/stage'
[0.869s] INFO:colcon.colcon_core.shell:Skip shell extension 'ros_domain_id' for command environment: 
[0.869s] INFO:colcon.colcon_core.shell:Skip shell extension 'powershell' for command environment: Not usable outside of PowerShell
[0.869s] DEBUG:colcon.colcon_core.shell:Skip shell extension 'dsv' for command environment
[0.875s] INFO:colcon.colcon_ros.task.ament_cmake.build:Building ROS package in '/home/ros2/ros2_ws/src/stage_ros2' with build type 'ament_cmake'
[0.875s] INFO:colcon.colcon_cmake.task.cmake.build:Building CMake package in '/home/ros2/ros2_ws/src/stage_ros2'
[0.876s] DEBUG:colcon.colcon_ros_domain_id_coordinator.shell.ros_domain_id:Allocated ROS_DOMAIN_ID=51 for '/home/ros2/ros2_ws/build/stage_ros2'
[0.876s] INFO:colcon.colcon_core.shell:Skip shell extension 'ros_domain_id' for command environment: 
[0.876s] INFO:colcon.colcon_core.shell:Skip shell extension 'powershell' for command environment: Not usable outside of PowerShell
[0.876s] DEBUG:colcon.colcon_core.shell:Skip shell extension 'dsv' for command environment
[1.264s] INFO:colcon.colcon_core.task.python.build:Building Python package in '/home/ros2/ros2_ws/src/my_py_pkg'
[1.264s] DEBUG:colcon.colcon_ros_domain_id_coordinator.shell.ros_domain_id:Allocated ROS_DOMAIN_ID=20 for '/home/ros2/ros2_ws/build/my_py_pkg'
[1.264s] INFO:colcon.colcon_core.shell:Skip shell extension 'ros_domain_id' for command environment: 
[1.264s] INFO:colcon.colcon_core.shell:Skip shell extension 'powershell' for command environment: Not usable outside of PowerShell
[1.264s] DEBUG:colcon.colcon_core.shell:Skip shell extension 'dsv' for command environment
[1.274s] DEBUG:colcon.colcon_core.event_handler.log_command:Invoking command in '/home/ros2/ros2_ws/build/stage': /usr/bin/cmake --build /home/ros2/ros2_ws/build/stage -- -j4 -l4
[1.278s] DEBUG:colcon.colcon_core.event_handler.log_command:Invoking command in '/home/ros2/ros2_ws/build/stage_ros2': CMAKE_PREFIX_PATH=/home/ros2/ros2_ws/install/stage_ros2:/home/ros2/ros2_ws/install/my_py_pkg:/opt/ros/humble:/home/ros2/ros2_ws/install/stage /usr/bin/cmake --build /home/ros2/ros2_ws/build/stage_ros2 -- -j4 -l4
[1.434s] DEBUG:colcon.colcon_core.event_handler.log_command:Invoked command in '/home/ros2/ros2_ws/build/stage_ros2' returned '0': CMAKE_PREFIX_PATH=/home/ros2/ros2_ws/install/stage_ros2:/home/ros2/ros2_ws/install/my_py_pkg:/opt/ros/humble:/home/ros2/ros2_ws/install/stage /usr/bin/cmake --build /home/ros2/ros2_ws/build/stage_ros2 -- -j4 -l4
[1.462s] DEBUG:colcon.colcon_core.event_handler.log_command:Invoking command in '/home/ros2/ros2_ws/build/stage_ros2': CMAKE_PREFIX_PATH=/home/ros2/ros2_ws/install/stage_ros2:/home/ros2/ros2_ws/install/my_py_pkg:/opt/ros/humble:/home/ros2/ros2_ws/install/stage /usr/bin/cmake --install /home/ros2/ros2_ws/build/stage_ros2
[1.488s] Level 1:colcon.colcon_core.environment:create_environment_scripts_only(stage_ros2)
[1.492s] DEBUG:colcon.colcon_core.event_handler.log_command:Invoked command in '/home/ros2/ros2_ws/build/stage_ros2' returned '0': CMAKE_PREFIX_PATH=/home/ros2/ros2_ws/install/stage_ros2:/home/ros2/ros2_ws/install/my_py_pkg:/opt/ros/humble:/home/ros2/ros2_ws/install/stage /usr/bin/cmake --install /home/ros2/ros2_ws/build/stage_ros2
[1.493s] Level 1:colcon.colcon_core.environment:checking '/home/ros2/ros2_ws/install/stage_ros2' for CMake module files
[1.494s] Level 1:colcon.colcon_core.environment:checking '/home/ros2/ros2_ws/install/stage_ros2' for CMake config files
[1.494s] Level 1:colcon.colcon_core.shell:create_environment_hook('stage_ros2', 'cmake_prefix_path')
[1.495s] INFO:colcon.colcon_core.shell:Creating environment hook '/home/ros2/ros2_ws/install/stage_ros2/share/stage_ros2/hook/cmake_prefix_path.ps1'
[1.495s] INFO:colcon.colcon_core.shell:Creating environment descriptor '/home/ros2/ros2_ws/install/stage_ros2/share/stage_ros2/hook/cmake_prefix_path.dsv'
[1.496s] INFO:colcon.colcon_core.shell:Creating environment hook '/home/ros2/ros2_ws/install/stage_ros2/share/stage_ros2/hook/cmake_prefix_path.sh'
[1.497s] Level 1:colcon.colcon_core.environment:checking '/home/ros2/ros2_ws/install/stage_ros2/lib'
[1.497s] Level 1:colcon.colcon_core.shell:create_environment_hook('stage_ros2', 'ld_library_path_lib')
[1.497s] INFO:colcon.colcon_core.shell:Creating environment hook '/home/ros2/ros2_ws/install/stage_ros2/share/stage_ros2/hook/ld_library_path_lib.ps1'
[1.498s] INFO:colcon.colcon_core.shell:Creating environment descriptor '/home/ros2/ros2_ws/install/stage_ros2/share/stage_ros2/hook/ld_library_path_lib.dsv'
[1.498s] INFO:colcon.colcon_core.shell:Creating environment hook '/home/ros2/ros2_ws/install/stage_ros2/share/stage_ros2/hook/ld_library_path_lib.sh'
[1.499s] Level 1:colcon.colcon_core.environment:checking '/home/ros2/ros2_ws/install/stage_ros2/bin'
[1.499s] Level 1:colcon.colcon_core.environment:checking '/home/ros2/ros2_ws/install/stage_ros2/lib/pkgconfig/stage_ros2.pc'
[1.499s] Level 1:colcon.colcon_core.environment:checking '/home/ros2/ros2_ws/install/stage_ros2/lib/python3.10/site-packages'
[1.500s] Level 1:colcon.colcon_core.environment:checking '/home/ros2/ros2_ws/install/stage_ros2/bin'
[1.500s] INFO:colcon.colcon_core.shell:Creating package script '/home/ros2/ros2_ws/install/stage_ros2/share/stage_ros2/package.ps1'
[1.501s] INFO:colcon.colcon_core.shell:Creating package descriptor '/home/ros2/ros2_ws/install/stage_ros2/share/stage_ros2/package.dsv'
[1.502s] INFO:colcon.colcon_core.shell:Creating package script '/home/ros2/ros2_ws/install/stage_ros2/share/stage_ros2/package.sh'
[1.504s] INFO:colcon.colcon_core.shell:Creating package script '/home/ros2/ros2_ws/install/stage_ros2/share/stage_ros2/package.bash'
[1.505s] INFO:colcon.colcon_core.shell:Creating package script '/home/ros2/ros2_ws/install/stage_ros2/share/stage_ros2/package.zsh'
[1.511s] Level 1:colcon.colcon_core.environment:create_file_with_runtime_dependencies(/home/ros2/ros2_ws/install/stage_ros2/share/colcon-core/packages/stage_ros2)
[1.518s] Level 1:colcon.colcon_core.environment:create_environment_scripts_only(stage_ros2)
[1.518s] Level 1:colcon.colcon_core.environment:checking '/home/ros2/ros2_ws/install/stage_ros2' for CMake module files
[1.525s] Level 1:colcon.colcon_core.environment:checking '/home/ros2/ros2_ws/install/stage_ros2' for CMake config files
[1.525s] Level 1:colcon.colcon_core.shell:create_environment_hook('stage_ros2', 'cmake_prefix_path')
[1.526s] INFO:colcon.colcon_core.shell:Creating environment hook '/home/ros2/ros2_ws/install/stage_ros2/share/stage_ros2/hook/cmake_prefix_path.ps1'
[1.526s] INFO:colcon.colcon_core.shell:Creating environment descriptor '/home/ros2/ros2_ws/install/stage_ros2/share/stage_ros2/hook/cmake_prefix_path.dsv'
[1.527s] INFO:colcon.colcon_core.shell:Creating environment hook '/home/ros2/ros2_ws/install/stage_ros2/share/stage_ros2/hook/cmake_prefix_path.sh'
[1.533s] Level 1:colcon.colcon_core.environment:checking '/home/ros2/ros2_ws/install/stage_ros2/lib'
[1.533s] Level 1:colcon.colcon_core.shell:create_environment_hook('stage_ros2', 'ld_library_path_lib')
[1.533s] INFO:colcon.colcon_core.shell:Creating environment hook '/home/ros2/ros2_ws/install/stage_ros2/share/stage_ros2/hook/ld_library_path_lib.ps1'
[1.534s] INFO:colcon.colcon_core.shell:Creating environment descriptor '/home/ros2/ros2_ws/install/stage_ros2/share/stage_ros2/hook/ld_library_path_lib.dsv'
[1.534s] INFO:colcon.colcon_core.shell:Creating environment hook '/home/ros2/ros2_ws/install/stage_ros2/share/stage_ros2/hook/ld_library_path_lib.sh'
[1.535s] Level 1:colcon.colcon_core.environment:checking '/home/ros2/ros2_ws/install/stage_ros2/bin'
[1.535s] Level 1:colcon.colcon_core.environment:checking '/home/ros2/ros2_ws/install/stage_ros2/lib/pkgconfig/stage_ros2.pc'
[1.536s] Level 1:colcon.colcon_core.environment:checking '/home/ros2/ros2_ws/install/stage_ros2/lib/python3.10/site-packages'
[1.536s] Level 1:colcon.colcon_core.environment:checking '/home/ros2/ros2_ws/install/stage_ros2/bin'
[1.537s] INFO:colcon.colcon_core.shell:Creating package script '/home/ros2/ros2_ws/install/stage_ros2/share/stage_ros2/package.ps1'
[1.538s] INFO:colcon.colcon_core.shell:Creating package descriptor '/home/ros2/ros2_ws/install/stage_ros2/share/stage_ros2/package.dsv'
[1.539s] INFO:colcon.colcon_core.shell:Creating package script '/home/ros2/ros2_ws/install/stage_ros2/share/stage_ros2/package.sh'
[1.540s] INFO:colcon.colcon_core.shell:Creating package script '/home/ros2/ros2_ws/install/stage_ros2/share/stage_ros2/package.bash'
[1.541s] INFO:colcon.colcon_core.shell:Creating package script '/home/ros2/ros2_ws/install/stage_ros2/share/stage_ros2/package.zsh'
[1.541s] Level 1:colcon.colcon_core.environment:create_file_with_runtime_dependencies(/home/ros2/ros2_ws/install/stage_ros2/share/colcon-core/packages/stage_ros2)
[1.542s] DEBUG:colcon.colcon_ros_domain_id_coordinator.shell.ros_domain_id:Released ROS_DOMAIN_ID=51 for '/home/ros2/ros2_ws/build/stage_ros2'
[1.543s] DEBUG:colcon.colcon_core.event_handler.log_command:Invoked command in '/home/ros2/ros2_ws/build/stage' returned '0': /usr/bin/cmake --build /home/ros2/ros2_ws/build/stage -- -j4 -l4
[1.546s] DEBUG:colcon.colcon_core.event_handler.log_command:Invoking command in '/home/ros2/ros2_ws/build/stage': /usr/bin/cmake --install /home/ros2/ros2_ws/build/stage
[1.579s] DEBUG:colcon.colcon_core.event_handler.log_command:Invoked command in '/home/ros2/ros2_ws/build/stage' returned '0': /usr/bin/cmake --install /home/ros2/ros2_ws/build/stage
[1.580s] Level 1:colcon.colcon_core.shell:create_environment_hook('stage', 'ros_package_path')
[1.580s] INFO:colcon.colcon_core.shell:Creating environment hook '/home/ros2/ros2_ws/install/stage/share/stage/hook/ros_package_path.ps1'
[1.581s] INFO:colcon.colcon_core.shell:Creating environment descriptor '/home/ros2/ros2_ws/install/stage/share/stage/hook/ros_package_path.dsv'
[1.581s] INFO:colcon.colcon_core.shell:Creating environment hook '/home/ros2/ros2_ws/install/stage/share/stage/hook/ros_package_path.sh'
[1.582s] Level 1:colcon.colcon_core.shell:create_environment_hook('stage', 'pkg_config_path')
[1.583s] INFO:colcon.colcon_core.shell:Creating environment hook '/home/ros2/ros2_ws/install/stage/share/stage/hook/pkg_config_path.ps1'
[1.583s] INFO:colcon.colcon_core.shell:Creating environment descriptor '/home/ros2/ros2_ws/install/stage/share/stage/hook/pkg_config_path.dsv'
[1.584s] INFO:colcon.colcon_core.shell:Creating environment hook '/home/ros2/ros2_ws/install/stage/share/stage/hook/pkg_config_path.sh'
[1.586s] Level 1:colcon.colcon_core.shell:create_environment_hook('stage', 'pkg_config_path_multiarch')
[1.587s] INFO:colcon.colcon_core.shell:Creating environment hook '/home/ros2/ros2_ws/install/stage/share/stage/hook/pkg_config_path_multiarch.ps1'
[1.587s] INFO:colcon.colcon_core.shell:Creating environment descriptor '/home/ros2/ros2_ws/install/stage/share/stage/hook/pkg_config_path_multiarch.dsv'
[1.588s] INFO:colcon.colcon_core.shell:Creating environment hook '/home/ros2/ros2_ws/install/stage/share/stage/hook/pkg_config_path_multiarch.sh'
[1.590s] Level 1:colcon.colcon_core.environment:create_environment_scripts_only(stage)
[1.590s] Level 1:colcon.colcon_core.environment:checking '/home/ros2/ros2_ws/install/stage' for CMake module files
[1.591s] Level 1:colcon.colcon_core.environment:checking '/home/ros2/ros2_ws/install/stage' for CMake config files
[1.591s] Level 1:colcon.colcon_core.shell:create_environment_hook('stage', 'cmake_prefix_path')
[1.592s] INFO:colcon.colcon_core.shell:Creating environment hook '/home/ros2/ros2_ws/install/stage/share/stage/hook/cmake_prefix_path.ps1'
[1.592s] INFO:colcon.colcon_core.shell:Creating environment descriptor '/home/ros2/ros2_ws/install/stage/share/stage/hook/cmake_prefix_path.dsv'
[1.593s] INFO:colcon.colcon_core.shell:Creating environment hook '/home/ros2/ros2_ws/install/stage/share/stage/hook/cmake_prefix_path.sh'
[1.593s] Level 1:colcon.colcon_core.environment:checking '/home/ros2/ros2_ws/install/stage/lib'
[1.594s] Level 1:colcon.colcon_core.shell:create_environment_hook('stage', 'ld_library_path_lib')
[1.594s] INFO:colcon.colcon_core.shell:Creating environment hook '/home/ros2/ros2_ws/install/stage/share/stage/hook/ld_library_path_lib.ps1'
[1.596s] INFO:colcon.colcon_core.shell:Creating environment descriptor '/home/ros2/ros2_ws/install/stage/share/stage/hook/ld_library_path_lib.dsv'
[1.597s] INFO:colcon.colcon_core.shell:Creating environment hook '/home/ros2/ros2_ws/install/stage/share/stage/hook/ld_library_path_lib.sh'
[1.597s] Level 1:colcon.colcon_core.environment:checking '/home/ros2/ros2_ws/install/stage/bin'
[1.597s] Level 1:colcon.colcon_core.shell:create_environment_hook('stage', 'path')
[1.598s] INFO:colcon.colcon_core.shell:Creating environment hook '/home/ros2/ros2_ws/install/stage/share/stage/hook/path.ps1'
[1.598s] INFO:colcon.colcon_core.shell:Creating environment descriptor '/home/ros2/ros2_ws/install/stage/share/stage/hook/path.dsv'
[1.599s] INFO:colcon.colcon_core.shell:Creating environment hook '/home/ros2/ros2_ws/install/stage/share/stage/hook/path.sh'
[1.600s] Level 1:colcon.colcon_core.environment:checking '/home/ros2/ros2_ws/install/stage/lib/pkgconfig/stage.pc'
[1.600s] Level 1:colcon.colcon_core.shell:create_environment_hook('stage', 'pkg_config')
[1.600s] INFO:colcon.colcon_core.shell:Creating environment hook '/home/ros2/ros2_ws/install/stage/share/stage/hook/pkg_config.ps1'
[1.601s] INFO:colcon.colcon_core.shell:Creating environment descriptor '/home/ros2/ros2_ws/install/stage/share/stage/hook/pkg_config.dsv'
[1.602s] INFO:colcon.colcon_core.shell:Creating environment hook '/home/ros2/ros2_ws/install/stage/share/stage/hook/pkg_config.sh'
[1.604s] Level 1:colcon.colcon_core.environment:checking '/home/ros2/ros2_ws/install/stage/lib/python3.10/site-packages'
[1.604s] Level 1:colcon.colcon_core.environment:checking '/home/ros2/ros2_ws/install/stage/bin'
[1.604s] Level 1:colcon.colcon_core.shell:create_environment_hook('stage', 'pythonscriptspath')
[1.605s] INFO:colcon.colcon_core.shell:Creating environment hook '/home/ros2/ros2_ws/install/stage/share/stage/hook/pythonscriptspath.ps1'
[1.605s] INFO:colcon.colcon_core.shell:Creating environment descriptor '/home/ros2/ros2_ws/install/stage/share/stage/hook/pythonscriptspath.dsv'
[1.606s] INFO:colcon.colcon_core.shell:Creating environment hook '/home/ros2/ros2_ws/install/stage/share/stage/hook/pythonscriptspath.sh'
[1.612s] INFO:colcon.colcon_core.shell:Creating package script '/home/ros2/ros2_ws/install/stage/share/stage/package.ps1'
[1.614s] INFO:colcon.colcon_core.shell:Creating package descriptor '/home/ros2/ros2_ws/install/stage/share/stage/package.dsv'
[1.615s] INFO:colcon.colcon_core.shell:Creating package script '/home/ros2/ros2_ws/install/stage/share/stage/package.sh'
[1.616s] INFO:colcon.colcon_core.shell:Creating package script '/home/ros2/ros2_ws/install/stage/share/stage/package.bash'
[1.616s] INFO:colcon.colcon_core.shell:Creating package script '/home/ros2/ros2_ws/install/stage/share/stage/package.zsh'
[1.617s] Level 1:colcon.colcon_core.environment:create_file_with_runtime_dependencies(/home/ros2/ros2_ws/install/stage/share/colcon-core/packages/stage)
[1.617s] DEBUG:colcon.colcon_ros_domain_id_coordinator.shell.ros_domain_id:Released ROS_DOMAIN_ID=40 for '/home/ros2/ros2_ws/build/stage'
[1.809s] DEBUG:colcon.colcon_core.event_handler.log_command:Invoking command in '/home/ros2/ros2_ws/src/my_py_pkg': PYTHONPATH=/home/ros2/ros2_ws/build/my_py_pkg/prefix_override:/usr/lib/python3/dist-packages/colcon_core/task/python/colcon_distutils_commands:/home/ros2/ros2_ws/install/my_py_pkg/lib/python3.10/site-packages:${PYTHONPATH} /usr/bin/python3 -W ignore:setup.py install is deprecated -W ignore:easy_install command is deprecated setup.py egg_info --egg-base ../../build/my_py_pkg build --build-base /home/ros2/ros2_ws/build/my_py_pkg/build install --record /home/ros2/ros2_ws/build/my_py_pkg/install.log --single-version-externally-managed install_data
[2.243s] Level 1:colcon.colcon_core.environment:checking '/home/ros2/ros2_ws/install/my_py_pkg' for CMake module files
[2.244s] DEBUG:colcon.colcon_core.event_handler.log_command:Invoked command in '/home/ros2/ros2_ws/src/my_py_pkg' returned '0': PYTHONPATH=/home/ros2/ros2_ws/build/my_py_pkg/prefix_override:/usr/lib/python3/dist-packages/colcon_core/task/python/colcon_distutils_commands:/home/ros2/ros2_ws/install/my_py_pkg/lib/python3.10/site-packages:${PYTHONPATH} /usr/bin/python3 -W ignore:setup.py install is deprecated -W ignore:easy_install command is deprecated setup.py egg_info --egg-base ../../build/my_py_pkg build --build-base /home/ros2/ros2_ws/build/my_py_pkg/build install --record /home/ros2/ros2_ws/build/my_py_pkg/install.log --single-version-externally-managed install_data
[2.244s] Level 1:colcon.colcon_core.environment:checking '/home/ros2/ros2_ws/install/my_py_pkg' for CMake config files
[2.244s] Level 1:colcon.colcon_core.environment:checking '/home/ros2/ros2_ws/install/my_py_pkg/lib'
[2.244s] Level 1:colcon.colcon_core.environment:checking '/home/ros2/ros2_ws/install/my_py_pkg/bin'
[2.245s] Level 1:colcon.colcon_core.environment:checking '/home/ros2/ros2_ws/install/my_py_pkg/lib/pkgconfig/my_py_pkg.pc'
[2.245s] Level 1:colcon.colcon_core.environment:checking '/home/ros2/ros2_ws/install/my_py_pkg/lib/python3.10/site-packages'
[2.245s] Level 1:colcon.colcon_core.shell:create_environment_hook('my_py_pkg', 'pythonpath')
[2.245s] INFO:colcon.colcon_core.shell:Creating environment hook '/home/ros2/ros2_ws/install/my_py_pkg/share/my_py_pkg/hook/pythonpath.ps1'
[2.246s] INFO:colcon.colcon_core.shell:Creating environment descriptor '/home/ros2/ros2_ws/install/my_py_pkg/share/my_py_pkg/hook/pythonpath.dsv'
[2.246s] INFO:colcon.colcon_core.shell:Creating environment hook '/home/ros2/ros2_ws/install/my_py_pkg/share/my_py_pkg/hook/pythonpath.sh'
[2.247s] Level 1:colcon.colcon_core.environment:checking '/home/ros2/ros2_ws/install/my_py_pkg/bin'
[2.247s] Level 1:colcon.colcon_core.environment:create_environment_scripts_only(my_py_pkg)
[2.248s] INFO:colcon.colcon_core.shell:Creating package script '/home/ros2/ros2_ws/install/my_py_pkg/share/my_py_pkg/package.ps1'
[2.249s] INFO:colcon.colcon_core.shell:Creating package descriptor '/home/ros2/ros2_ws/install/my_py_pkg/share/my_py_pkg/package.dsv'
[2.250s] INFO:colcon.colcon_core.shell:Creating package script '/home/ros2/ros2_ws/install/my_py_pkg/share/my_py_pkg/package.sh'
[2.251s] INFO:colcon.colcon_core.shell:Creating package script '/home/ros2/ros2_ws/install/my_py_pkg/share/my_py_pkg/package.bash'
[2.251s] INFO:colcon.colcon_core.shell:Creating package script '/home/ros2/ros2_ws/install/my_py_pkg/share/my_py_pkg/package.zsh'
[2.252s] Level 1:colcon.colcon_core.environment:create_file_with_runtime_dependencies(/home/ros2/ros2_ws/install/my_py_pkg/share/colcon-core/packages/my_py_pkg)
[2.253s] DEBUG:colcon.colcon_parallel_executor.executor.parallel:closing loop
[2.253s] DEBUG:colcon.colcon_parallel_executor.executor.parallel:loop closed
[2.253s] DEBUG:colcon.colcon_parallel_executor.executor.parallel:run_until_complete finished with '0'
[2.253s] DEBUG:colcon.colcon_core.event_reactor:joining thread
[2.253s] DEBUG:colcon.colcon_ros_domain_id_coordinator.shell.ros_domain_id:Released ROS_DOMAIN_ID=20 for '/home/ros2/ros2_ws/build/my_py_pkg'
[2.260s] INFO:colcon.colcon_core.plugin_system:Skipping extension 'colcon_notification.desktop_notification.terminal_notifier': Not used on non-Darwin systems
[2.260s] INFO:colcon.colcon_core.plugin_system:Skipping extension 'colcon_notification.desktop_notification.win32': Not used on non-Windows systems
[2.260s] INFO:colcon.colcon_notification.desktop_notification:Sending desktop notification using 'notify2'
[2.274s] DEBUG:colcon.colcon_core.event_reactor:joined thread
[2.275s] INFO:colcon.colcon_core.shell:Creating prefix script '/home/ros2/ros2_ws/install/local_setup.ps1'
[2.276s] INFO:colcon.colcon_core.shell:Creating prefix util module '/home/ros2/ros2_ws/install/_local_setup_util_ps1.py'
[2.279s] INFO:colcon.colcon_core.shell:Creating prefix chain script '/home/ros2/ros2_ws/install/setup.ps1'
[2.281s] INFO:colcon.colcon_core.shell:Creating prefix script '/home/ros2/ros2_ws/install/local_setup.sh'
[2.282s] INFO:colcon.colcon_core.shell:Creating prefix util module '/home/ros2/ros2_ws/install/_local_setup_util_sh.py'
[2.283s] INFO:colcon.colcon_core.shell:Creating prefix chain script '/home/ros2/ros2_ws/install/setup.sh'
[2.285s] INFO:colcon.colcon_core.shell:Creating prefix script '/home/ros2/ros2_ws/install/local_setup.bash'
[2.286s] INFO:colcon.colcon_core.shell:Creating prefix chain script '/home/ros2/ros2_ws/install/setup.bash'
[2.288s] INFO:colcon.colcon_core.shell:Creating prefix script '/home/ros2/ros2_ws/install/local_setup.zsh'
[2.288s] INFO:colcon.colcon_core.shell:Creating prefix chain script '/home/ros2/ros2_ws/install/setup.zsh'
[2.290s] INFO:colcon.colcon_core.shell:Creating '/home/ros2/ros2_ws/install/spawn_shell.bash'
