[0.855s] Invoking command in '/home/ros2/ros2_ws/src/my_py_pkg': PYTHONPATH=/home/ros2/ros2_ws/build/my_py_pkg/prefix_override:/usr/lib/python3/dist-packages/colcon_core/task/python/colcon_distutils_commands:/home/ros2/ros2_ws/install/my_py_pkg/lib/python3.10/site-packages:${PYTHONPATH} /usr/bin/python3 -W ignore:setup.py install is deprecated -W ignore:easy_install command is deprecated setup.py egg_info --egg-base ../../build/my_py_pkg build --build-base /home/ros2/ros2_ws/build/my_py_pkg/build install --record /home/ros2/ros2_ws/build/my_py_pkg/install.log --single-version-externally-managed install_data
[1.188s] running egg_info
[1.189s] writing ../../build/my_py_pkg/my_py_pkg.egg-info/PKG-INFO
[1.189s] writing dependency_links to ../../build/my_py_pkg/my_py_pkg.egg-info/dependency_links.txt
[1.189s] writing entry points to ../../build/my_py_pkg/my_py_pkg.egg-info/entry_points.txt
[1.189s] writing requirements to ../../build/my_py_pkg/my_py_pkg.egg-info/requires.txt
[1.189s] writing top-level names to ../../build/my_py_pkg/my_py_pkg.egg-info/top_level.txt
[1.192s] reading manifest file '../../build/my_py_pkg/my_py_pkg.egg-info/SOURCES.txt'
[1.193s] writing manifest file '../../build/my_py_pkg/my_py_pkg.egg-info/SOURCES.txt'
[1.193s] running build
[1.193s] running build_py
[1.193s] copying my_py_pkg/robot_controller_node.py -> /home/ros2/ros2_ws/build/my_py_pkg/build/lib/my_py_pkg
[1.194s] running install
[1.194s] running install_lib
[1.195s] copying /home/ros2/ros2_ws/build/my_py_pkg/build/lib/my_py_pkg/robot_controller_node.py -> /home/ros2/ros2_ws/install/my_py_pkg/lib/python3.10/site-packages/my_py_pkg
[1.196s] byte-compiling /home/ros2/ros2_ws/install/my_py_pkg/lib/python3.10/site-packages/my_py_pkg/robot_controller_node.py to robot_controller_node.cpython-310.pyc
[1.197s] running install_data
[1.197s] running install_egg_info
[1.199s] removing '/home/ros2/ros2_ws/install/my_py_pkg/lib/python3.10/site-packages/my_py_pkg-0.0.0-py3.10.egg-info' (and everything under it)
[1.199s] Copying ../../build/my_py_pkg/my_py_pkg.egg-info to /home/ros2/ros2_ws/install/my_py_pkg/lib/python3.10/site-packages/my_py_pkg-0.0.0-py3.10.egg-info
[1.200s] running install_scripts
[1.229s] Installing robot_controller script to /home/ros2/ros2_ws/install/my_py_pkg/lib/my_py_pkg
[1.229s] writing list of installed files to '/home/ros2/ros2_ws/build/my_py_pkg/install.log'
[1.256s] Invoked command in '/home/ros2/ros2_ws/src/my_py_pkg' returned '0': PYTHONPATH=/home/ros2/ros2_ws/build/my_py_pkg/prefix_override:/usr/lib/python3/dist-packages/colcon_core/task/python/colcon_distutils_commands:/home/ros2/ros2_ws/install/my_py_pkg/lib/python3.10/site-packages:${PYTHONPATH} /usr/bin/python3 -W ignore:setup.py install is deprecated -W ignore:easy_install command is deprecated setup.py egg_info --egg-base ../../build/my_py_pkg build --build-base /home/ros2/ros2_ws/build/my_py_pkg/build install --record /home/ros2/ros2_ws/build/my_py_pkg/install.log --single-version-externally-managed install_data
