[0.395s] Invoking command in '/home/ros2/ros2_ws/build/stage': /usr/bin/cmake --build /home/ros2/ros2_ws/build/stage -- -j4 -l4
[0.486s] [ 57%] Built target stage
[0.522s] [ 61%] Built target stagebinary
[0.522s] [ 64%] Built target fasr
[0.528s] [ 67%] Built target sink
[0.534s] [ 71%] Built target source
[0.576s] [ 74%] Built target rasterize
[0.577s] [ 77%] Built target wander
[0.577s] [ 81%] Built target pioneer_flocking
[0.584s] [ 84%] Built target lasernoise
[0.610s] [ 89%] Built target fasr2
[0.613s] [ 93%] Built target dynamic
[0.626s] [ 96%] Built target expand_swarm
[0.626s] [100%] Built target expand_pioneer
[0.675s] Invoked command in '/home/ros2/ros2_ws/build/stage' returned '0': /usr/bin/cmake --build /home/ros2/ros2_ws/build/stage -- -j4 -l4
[0.680s] Invoking command in '/home/ros2/ros2_ws/build/stage': /usr/bin/cmake --install /home/ros2/ros2_ws/build/stage
[0.685s] -- Install configuration: "RELEASE"
[0.686s] -- Up-to-date: /home/ros2/ros2_ws/install/stage/lib/pkgconfig/stage.pc
[0.686s] -- Up-to-date: /home/ros2/ros2_ws/install/stage/lib/cmake/Stage/stage-config.cmake
[0.686s] -- Up-to-date: /home/ros2/ros2_ws/install/stage/lib/cmake/Stage/stage-config-version.cmake
[0.687s] -- Up-to-date: /home/ros2/ros2_ws/install/stage/bin/stage
[0.687s] -- Up-to-date: /home/ros2/ros2_ws/install/stage/lib/libstage.so.4.3.0
[0.688s] -- Up-to-date: /home/ros2/ros2_ws/install/stage/lib/libstage.so
[0.688s] -- Up-to-date: /home/ros2/ros2_ws/install/stage/include/Stage-4.3/stage.hh
[0.692s] -- Up-to-date: /home/ros2/ros2_ws/install/stage/lib/Stage-4.3/fasr.so
[0.694s] -- Up-to-date: /home/ros2/ros2_ws/install/stage/lib/Stage-4.3/sink.so
[0.695s] -- Up-to-date: /home/ros2/ros2_ws/install/stage/lib/Stage-4.3/source.so
[0.695s] -- Up-to-date: /home/ros2/ros2_ws/install/stage/lib/Stage-4.3/wander.so
[0.696s] -- Up-to-date: /home/ros2/ros2_ws/install/stage/lib/Stage-4.3/pioneer_flocking.so
[0.697s] -- Up-to-date: /home/ros2/ros2_ws/install/stage/lib/Stage-4.3/rasterize.so
[0.697s] -- Up-to-date: /home/ros2/ros2_ws/install/stage/lib/Stage-4.3/lasernoise.so
[0.697s] -- Up-to-date: /home/ros2/ros2_ws/install/stage/lib/Stage-4.3/dynamic.so
[0.698s] -- Up-to-date: /home/ros2/ros2_ws/install/stage/lib/Stage-4.3/fasr2.so
[0.699s] -- Up-to-date: /home/ros2/ros2_ws/install/stage/share/stage/assets/blue.png
[0.699s] -- Up-to-date: /home/ros2/ros2_ws/install/stage/share/stage/assets/death.png
[0.699s] -- Up-to-date: /home/ros2/ros2_ws/install/stage/share/stage/assets/green.png
[0.699s] -- Up-to-date: /home/ros2/ros2_ws/install/stage/share/stage/assets/logo.png
[0.700s] -- Up-to-date: /home/ros2/ros2_ws/install/stage/share/stage/assets/mains.png
[0.700s] -- Up-to-date: /home/ros2/ros2_ws/install/stage/share/stage/assets/mainspower.png
[0.700s] -- Up-to-date: /home/ros2/ros2_ws/install/stage/share/stage/assets/question_mark.png
[0.700s] -- Up-to-date: /home/ros2/ros2_ws/install/stage/share/stage/assets/red.png
[0.700s] -- Up-to-date: /home/ros2/ros2_ws/install/stage/share/stage/assets/stagelogo.png
[0.701s] -- Up-to-date: /home/ros2/ros2_ws/install/stage/share/stage/assets/stall-old.png
[0.701s] -- Up-to-date: /home/ros2/ros2_ws/install/stage/share/stage/assets/stall.png
[0.701s] -- Up-to-date: /home/ros2/ros2_ws/install/stage/share/stage/assets/rgb.txt
[0.701s] -- Up-to-date: /home/ros2/ros2_ws/install/stage/share/stage/rgb.txt
[0.702s] -- Up-to-date: /home/ros2/ros2_ws/install/stage/share/stage/worlds/amcl-sonar.cfg
[0.702s] -- Up-to-date: /home/ros2/ros2_ws/install/stage/share/stage/worlds/autolab.cfg
[0.703s] -- Up-to-date: /home/ros2/ros2_ws/install/stage/share/stage/worlds/camera.cfg
[0.703s] -- Up-to-date: /home/ros2/ros2_ws/install/stage/share/stage/worlds/everything.cfg
[0.704s] -- Up-to-date: /home/ros2/ros2_ws/install/stage/share/stage/worlds/lsp_test.cfg
[0.704s] -- Up-to-date: /home/ros2/ros2_ws/install/stage/share/stage/worlds/mbicp.cfg
[0.704s] -- Up-to-date: /home/ros2/ros2_ws/install/stage/share/stage/worlds/nd.cfg
[0.704s] -- Up-to-date: /home/ros2/ros2_ws/install/stage/share/stage/worlds/roomba.cfg
[0.704s] -- Up-to-date: /home/ros2/ros2_ws/install/stage/share/stage/worlds/simple.cfg
[0.704s] -- Up-to-date: /home/ros2/ros2_ws/install/stage/share/stage/worlds/test.cfg
[0.704s] -- Up-to-date: /home/ros2/ros2_ws/install/stage/share/stage/worlds/uoa_robotics_lab.cfg
[0.704s] -- Up-to-date: /home/ros2/ros2_ws/install/stage/share/stage/worlds/vfh.cfg
[0.704s] -- Up-to-date: /home/ros2/ros2_ws/install/stage/share/stage/worlds/wavefront-remote.cfg
[0.704s] -- Up-to-date: /home/ros2/ros2_ws/install/stage/share/stage/worlds/wavefront.cfg
[0.704s] -- Up-to-date: /home/ros2/ros2_ws/install/stage/share/stage/worlds/wifi.cfg
[0.705s] -- Up-to-date: /home/ros2/ros2_ws/install/stage/share/stage/worlds/SFU.world
[0.705s] -- Up-to-date: /home/ros2/ros2_ws/install/stage/share/stage/worlds/autolab.world
[0.705s] -- Up-to-date: /home/ros2/ros2_ws/install/stage/share/stage/worlds/camera.world
[0.705s] -- Up-to-date: /home/ros2/ros2_ws/install/stage/share/stage/worlds/circuit.world
[0.705s] -- Up-to-date: /home/ros2/ros2_ws/install/stage/share/stage/worlds/everything.world
[0.705s] -- Up-to-date: /home/ros2/ros2_ws/install/stage/share/stage/worlds/fasr.world
[0.705s] -- Up-to-date: /home/ros2/ros2_ws/install/stage/share/stage/worlds/fasr2.world
[0.705s] -- Up-to-date: /home/ros2/ros2_ws/install/stage/share/stage/worlds/fasr_plan.world
[0.705s] -- Up-to-date: /home/ros2/ros2_ws/install/stage/share/stage/worlds/large.world
[0.706s] -- Up-to-date: /home/ros2/ros2_ws/install/stage/share/stage/worlds/lsp_test.world
[0.706s] -- Up-to-date: /home/ros2/ros2_ws/install/stage/share/stage/worlds/mbicp.world
[0.706s] -- Up-to-date: /home/ros2/ros2_ws/install/stage/share/stage/worlds/pioneer_flocking.world
[0.706s] -- Up-to-date: /home/ros2/ros2_ws/install/stage/share/stage/worlds/pioneer_follow.world
[0.706s] -- Up-to-date: /home/ros2/ros2_ws/install/stage/share/stage/worlds/pioneer_walle.world
[0.706s] -- Up-to-date: /home/ros2/ros2_ws/install/stage/share/stage/worlds/roomba.world
[0.706s] -- Up-to-date: /home/ros2/ros2_ws/install/stage/share/stage/worlds/sensor_noise_demo.world
[0.706s] -- Up-to-date: /home/ros2/ros2_ws/install/stage/share/stage/worlds/sensor_noise_module_demo.world
[0.706s] -- Up-to-date: /home/ros2/ros2_ws/install/stage/share/stage/worlds/simple.world
[0.707s] -- Up-to-date: /home/ros2/ros2_ws/install/stage/share/stage/worlds/uoa_robotics_lab.world
[0.707s] -- Up-to-date: /home/ros2/ros2_ws/install/stage/share/stage/worlds/wifi.world
[0.707s] -- Up-to-date: /home/ros2/ros2_ws/install/stage/share/stage/worlds/beacons.inc
[0.707s] -- Up-to-date: /home/ros2/ros2_ws/install/stage/share/stage/worlds/chatterbox.inc
[0.707s] -- Up-to-date: /home/ros2/ros2_ws/install/stage/share/stage/worlds/hokuyo.inc
[0.707s] -- Up-to-date: /home/ros2/ros2_ws/install/stage/share/stage/worlds/irobot.inc
[0.707s] -- Up-to-date: /home/ros2/ros2_ws/install/stage/share/stage/worlds/map.inc
[0.707s] -- Up-to-date: /home/ros2/ros2_ws/install/stage/share/stage/worlds/objects.inc
[0.707s] -- Up-to-date: /home/ros2/ros2_ws/install/stage/share/stage/worlds/pantilt.inc
[0.708s] -- Up-to-date: /home/ros2/ros2_ws/install/stage/share/stage/worlds/pioneer.inc
[0.708s] -- Up-to-date: /home/ros2/ros2_ws/install/stage/share/stage/worlds/sick.inc
[0.708s] -- Up-to-date: /home/ros2/ros2_ws/install/stage/share/stage/worlds/ubot.inc
[0.708s] -- Up-to-date: /home/ros2/ros2_ws/install/stage/share/stage/worlds/uoa_robotics_lab_models.inc
[0.708s] -- Up-to-date: /home/ros2/ros2_ws/install/stage/share/stage/worlds/walle.inc
[0.708s] -- Up-to-date: /home/ros2/ros2_ws/install/stage/share/stage/worlds/cfggen.sh
[0.708s] -- Up-to-date: /home/ros2/ros2_ws/install/stage/share/stage/worlds/test.sh
[0.708s] -- Up-to-date: /home/ros2/ros2_ws/install/stage/share/stage/worlds/worldgen.sh
[0.708s] -- Up-to-date: /home/ros2/ros2_ws/install/stage/lib/Stage-4.3/expand_swarm.so
[0.708s] -- Up-to-date: /home/ros2/ros2_ws/install/stage/lib/Stage-4.3/expand_pioneer.so
[0.709s] -- Up-to-date: /home/ros2/ros2_ws/install/stage/share/stage/worlds/bitmaps/889_05.png
[0.709s] -- Up-to-date: /home/ros2/ros2_ws/install/stage/share/stage/worlds/bitmaps/SFU_1200x615.png
[0.709s] -- Up-to-date: /home/ros2/ros2_ws/install/stage/share/stage/worlds/bitmaps/SRI-AIC-kwing.png
[0.709s] -- Up-to-date: /home/ros2/ros2_ws/install/stage/share/stage/worlds/bitmaps/autolab.png
[0.709s] -- Up-to-date: /home/ros2/ros2_ws/install/stage/share/stage/worlds/bitmaps/cave.png
[0.709s] -- Up-to-date: /home/ros2/ros2_ws/install/stage/share/stage/worlds/bitmaps/cave_compact.png
[0.709s] -- Up-to-date: /home/ros2/ros2_ws/install/stage/share/stage/worlds/bitmaps/cave_filled.png
[0.710s] -- Up-to-date: /home/ros2/ros2_ws/install/stage/share/stage/worlds/bitmaps/frieburg.png
[0.710s] -- Up-to-date: /home/ros2/ros2_ws/install/stage/share/stage/worlds/bitmaps/ghost.png
[0.710s] -- Up-to-date: /home/ros2/ros2_ws/install/stage/share/stage/worlds/bitmaps/hospital.png
[0.710s] -- Up-to-date: /home/ros2/ros2_ws/install/stage/share/stage/worlds/bitmaps/hospital_section.png
[0.710s] -- Up-to-date: /home/ros2/ros2_ws/install/stage/share/stage/worlds/bitmaps/human_outline.png
[0.710s] -- Up-to-date: /home/ros2/ros2_ws/install/stage/share/stage/worlds/bitmaps/mbicp.png
[0.710s] -- Up-to-date: /home/ros2/ros2_ws/install/stage/share/stage/worlds/bitmaps/rink.png
[0.710s] -- Up-to-date: /home/ros2/ros2_ws/install/stage/share/stage/worlds/bitmaps/sal2.png
[0.711s] -- Up-to-date: /home/ros2/ros2_ws/install/stage/share/stage/worlds/bitmaps/simple_rooms.png
[0.711s] -- Up-to-date: /home/ros2/ros2_ws/install/stage/share/stage/worlds/bitmaps/space_invader.png
[0.711s] -- Up-to-date: /home/ros2/ros2_ws/install/stage/share/stage/worlds/bitmaps/submarine.png
[0.711s] -- Up-to-date: /home/ros2/ros2_ws/install/stage/share/stage/worlds/bitmaps/submarine_small.png
[0.712s] -- Up-to-date: /home/ros2/ros2_ws/install/stage/share/stage/worlds/bitmaps/table.png
[0.712s] -- Up-to-date: /home/ros2/ros2_ws/install/stage/share/stage/worlds/bitmaps/uoa_robotics_lab.png
[0.712s] -- Up-to-date: /home/ros2/ros2_ws/install/stage/share/stage/worlds/wifi/commando.world
[0.712s] -- Up-to-date: /home/ros2/ros2_ws/install/stage/share/stage/worlds/wifi/hosp_wifi.world
[0.712s] -- Up-to-date: /home/ros2/ros2_ws/install/stage/share/stage/worlds/wifi/hosp_wifi_5.world
[0.712s] -- Up-to-date: /home/ros2/ros2_ws/install/stage/share/stage/worlds/wifi/wifi.world
[0.712s] -- Up-to-date: /home/ros2/ros2_ws/install/stage/share/stage/worlds/wifi/wifi_itu.world
[0.712s] -- Up-to-date: /home/ros2/ros2_ws/install/stage/share/stage/worlds/wifi/wifi_logdistance.world
[0.713s] -- Up-to-date: /home/ros2/ros2_ws/install/stage/share/stage/worlds/wifi/wifi_ray.world
[0.713s] -- Up-to-date: /home/ros2/ros2_ws/install/stage/share/stage/worlds/wifi/wifi_simple.world
[0.713s] -- Up-to-date: /home/ros2/ros2_ws/install/stage/share/stage/worlds/wifi/map.inc
[0.714s] Invoked command in '/home/ros2/ros2_ws/build/stage' returned '0': /usr/bin/cmake --install /home/ros2/ros2_ws/build/stage
