[0.372s] Invoking command in '/home/ros2/ros2_ws/build/stage': /usr/bin/cmake /home/ros2/ros2_ws/src/Stage -DCATKIN_INSTALL_INTO_PREFIX_ROOT=0 -DCMAKE_INSTALL_PREFIX=/home/ros2/ros2_ws/install/stage
[0.437s] -- The C compiler identification is GNU 11.4.0
[0.516s] -- The CXX compiler identification is GNU 11.4.0
[0.535s] -- Detecting C compiler ABI info
[0.607s] -- Detecting C compiler ABI info - done
[0.626s] -- Check for working C compiler: /usr/bin/cc - skipped
[0.629s] -- Detecting C compile features
[0.629s] -- Detecting C compile features - done
[0.633s] -- Detecting CXX compiler ABI info
[0.725s] -- Detecting CXX compiler ABI info - done
[0.744s] -- Check for working CXX compiler: /usr/bin/c++ - skipped
[0.744s] -- Detecting CXX compile features
[0.745s] -- Detecting CXX compile features - done
[0.746s] -- Stage version 4.3.0
[0.746s] -- Operating system is Linux
[0.746s] -- Installing Libraries to /home/ros2/ros2_ws/install/stage/lib
[0.746s] -- Installing Plugins to /home/ros2/ros2_ws/install/stage/lib/Stage-4.3
[0.746s] -- Build type RELEASE
[0.747s] -- Checking for libtool
[0.755s] -- Checking for required libraries...
[0.781s] -- Found JPEG: /usr/lib/x86_64-linux-gnu/libjpeg.so (found version "80") 
[0.802s] -- Found ZLIB: /usr/lib/x86_64-linux-gnu/libz.so (found version "1.2.11") 
[0.848s] -- Found PNG: /usr/lib/x86_64-linux-gnu/libpng.so (found version "1.6.37") 
[0.860s] -- Found OpenGL: /usr/lib/x86_64-linux-gnu/libOpenGL.so   
[0.993s] -- Found X11: /usr/include   
[0.993s] -- Looking for XOpenDisplay in /usr/lib/x86_64-linux-gnu/libX11.so;/usr/lib/x86_64-linux-gnu/libXext.so
[1.080s] -- Looking for XOpenDisplay in /usr/lib/x86_64-linux-gnu/libX11.so;/usr/lib/x86_64-linux-gnu/libXext.so - found
[1.081s] -- Looking for gethostbyname
[1.157s] -- Looking for gethostbyname - found
[1.157s] -- Looking for connect
[1.237s] -- Looking for connect - found
[1.237s] -- Looking for remove
[1.326s] -- Looking for remove - found
[1.327s] -- Looking for shmat
[1.400s] -- Looking for shmat - found
[1.400s] -- Looking for IceConnectionNumber in ICE
[1.476s] -- Looking for IceConnectionNumber in ICE - found
[1.520s] -- Found FLTK: fltk_images;fltk_forms;fltk_gl;fltk  
[1.523s] -- Checking for optional libraries...
[1.524s] -- Installation path CMAKE_INSTALL_PREFIX=/home/ros2/ros2_ws/install/stage
[1.524s] -- Configuring libstage
[1.536s] -- Found PkgConfig: /usr/bin/pkg-config (found version "0.29.2") 
[1.536s] -- Checking for one of the modules 'playercore>=2.1.0'
[1.539s] --   * Player not detected. If Player is installed but not detected, check your PKG_CONFIG_PATH.
[1.561s] -- Configuring done
[1.634s] -- Generating done
[1.636s] [33mCMake Warning:
[1.636s]   Manually-specified variables were not used by the project:
[1.637s] 
[1.637s]     CATKIN_INSTALL_INTO_PREFIX_ROOT
[1.637s] 
[1.637s] [0m
[1.648s] -- Build files have been written to: /home/ros2/ros2_ws/build/stage
[1.660s] Invoked command in '/home/ros2/ros2_ws/build/stage' returned '0': /usr/bin/cmake /home/ros2/ros2_ws/src/Stage -DCATKIN_INSTALL_INTO_PREFIX_ROOT=0 -DCMAKE_INSTALL_PREFIX=/home/ros2/ros2_ws/install/stage
[1.660s] Invoking command in '/home/ros2/ros2_ws/build/stage': /usr/bin/cmake --build /home/ros2/ros2_ws/build/stage -- -j4 -l4
[1.709s] [  3%] [32mBuilding CXX object libstage/CMakeFiles/stage.dir/blockgroup.cc.o[0m
[1.709s] [  5%] [32mBuilding CXX object libstage/CMakeFiles/stage.dir/block.cc.o[0m
[1.709s] [  3%] [32mBuilding CXX object libstage/CMakeFiles/stage.dir/camera.cc.o[0m
[1.716s] [  6%] [32mBuilding CXX object libstage/CMakeFiles/stage.dir/color.cc.o[0m
[4.053s] [  8%] [32mBuilding CXX object libstage/CMakeFiles/stage.dir/file_manager.cc.o[0m
[4.085s] [ 10%] [32mBuilding CXX object libstage/CMakeFiles/stage.dir/gl.cc.o[0m
[4.184s] [ 11%] [32mBuilding CXX object libstage/CMakeFiles/stage.dir/logentry.cc.o[0m
[4.570s] [ 13%] [32mBuilding CXX object libstage/CMakeFiles/stage.dir/model.cc.o[0m
[6.609s] [ 15%] [32mBuilding CXX object libstage/CMakeFiles/stage.dir/model_actuator.cc.o[0m
[6.636s] [ 16%] [32mBuilding CXX object libstage/CMakeFiles/stage.dir/model_blinkenlight.cc.o[0m
[6.996s] [ 18%] [32mBuilding CXX object libstage/CMakeFiles/stage.dir/model_blobfinder.cc.o[0m
[9.099s] [ 20%] [32mBuilding CXX object libstage/CMakeFiles/stage.dir/model_bumper.cc.o[0m
[9.214s] [ 22%] [32mBuilding CXX object libstage/CMakeFiles/stage.dir/model_callbacks.cc.o[0m
[9.838s] [ 23%] [32mBuilding CXX object libstage/CMakeFiles/stage.dir/model_camera.cc.o[0m
[10.094s] [ 25%] [32mBuilding CXX object libstage/CMakeFiles/stage.dir/model_draw.cc.o[0m
[12.932s] [ 27%] [32mBuilding CXX object libstage/CMakeFiles/stage.dir/model_lightindicator.cc.o[0m
[14.547s] [ 28%] [32mBuilding CXX object libstage/CMakeFiles/stage.dir/model_position.cc.o[0m
[16.455s] [ 30%] [32mBuilding CXX object libstage/CMakeFiles/stage.dir/model_ranger.cc.o[0m
[18.035s] [ 32%] [32mBuilding CXX object libstage/CMakeFiles/stage.dir/option.cc.o[0m
[19.186s] [ 33%] [32mBuilding CXX object libstage/CMakeFiles/stage.dir/powerpack.cc.o[0m
[20.415s] [ 35%] [32mBuilding CXX object libstage/CMakeFiles/stage.dir/region.cc.o[0m
[21.843s] [ 37%] [32mBuilding CXX object libstage/CMakeFiles/stage.dir/stage.cc.o[0m
[23.355s] [ 38%] [32mBuilding CXX object libstage/CMakeFiles/stage.dir/texture_manager.cc.o[0m
[24.430s] [ 40%] [32mBuilding CXX object libstage/CMakeFiles/stage.dir/typetable.cc.o[0m
[25.821s] [ 42%] [32mBuilding CXX object libstage/CMakeFiles/stage.dir/world.cc.o[0m
[26.832s] [ 44%] [32mBuilding CXX object libstage/CMakeFiles/stage.dir/worldfile.cc.o[0m
[27.842s] [ 45%] [32mBuilding CXX object libstage/CMakeFiles/stage.dir/model_gripper.cc.o[0m
[28.489s] [ 47%] [32mBuilding CXX object libstage/CMakeFiles/stage.dir/model_fiducial.cc.o[0m
[29.030s] [ 49%] [32mBuilding CXX object libstage/CMakeFiles/stage.dir/canvas.cc.o[0m
[29.184s] [ 50%] [32mBuilding CXX object libstage/CMakeFiles/stage.dir/options_dlg.cc.o[0m
[29.977s] [ 52%] [32mBuilding CXX object libstage/CMakeFiles/stage.dir/vis_strip.cc.o[0m
[30.456s] [ 54%] [32mBuilding CXX object libstage/CMakeFiles/stage.dir/worldgui.cc.o[0m
[31.111s] [ 55%] [32mBuilding CXX object libstage/CMakeFiles/stage.dir/ancestor.cc.o[0m
[32.422s] [ 57%] [32m[1mLinking CXX shared library libstage.so[0m
[32.581s] [ 57%] Built target stage
[32.602s] [ 62%] [32mBuilding CXX object examples/ctrl/CMakeFiles/sink.dir/sink.cc.o[0m
[32.602s] [ 62%] [32mBuilding CXX object examples/ctrl/CMakeFiles/fasr.dir/fasr.cc.o[0m
[32.602s] [ 62%] [32mBuilding CXX object libstage/CMakeFiles/stagebinary.dir/main.cc.o[0m
[33.628s] [ 64%] [32mBuilding CXX object examples/ctrl/CMakeFiles/source.dir/source.cc.o[0m
[33.677s] [ 66%] [32m[1mLinking CXX shared module sink.so[0m
[33.727s] [ 67%] [32m[1mLinking CXX executable stage[0m
[33.771s] [ 69%] [32m[1mLinking CXX shared module fasr.so[0m
[33.785s] [ 69%] Built target sink
[33.834s] [ 71%] [32mBuilding CXX object examples/ctrl/CMakeFiles/wander.dir/wander.cc.o[0m
[33.868s] [ 71%] Built target stagebinary
[33.887s] [ 72%] [32mBuilding CXX object examples/ctrl/CMakeFiles/pioneer_flocking.dir/pioneer_flocking.cc.o[0m
[33.892s] [ 72%] Built target fasr
[33.912s] [ 74%] [32mBuilding CXX object examples/ctrl/CMakeFiles/rasterize.dir/rasterize.cc.o[0m
[34.918s] [ 76%] [32m[1mLinking CXX shared module source.so[0m
[35.012s] [ 77%] [32m[1mLinking CXX shared module wander.so[0m
[35.022s] [ 77%] Built target source
[35.037s] [ 79%] [32m[1mLinking CXX shared module rasterize.so[0m
[35.043s] [ 81%] [32mBuilding CXX object examples/ctrl/CMakeFiles/lasernoise.dir/lasernoise.cc.o[0m
[35.052s] [ 83%] [32m[1mLinking CXX shared module pioneer_flocking.so[0m
[35.119s] [ 83%] Built target wander
[35.139s] [ 84%] [32mBuilding CXX object examples/ctrl/CMakeFiles/dynamic.dir/dynamic.cc.o[0m
[35.162s] [ 84%] Built target rasterize
[35.185s] [ 86%] [32mBuilding CXX object examples/ctrl/CMakeFiles/fasr2.dir/fasr2.cc.o[0m
[35.195s] [ 86%] Built target pioneer_flocking
[35.214s] [ 88%] [32mBuilding CXX object worlds/benchmark/CMakeFiles/expand_swarm.dir/expand_swarm.cc.o[0m
[36.183s] [ 89%] [32m[1mLinking CXX shared module lasernoise.so[0m
[36.292s] [ 89%] Built target lasernoise
[36.300s] [ 91%] [32m[1mLinking CXX shared module dynamic.so[0m
[36.314s] [ 93%] [32mBuilding CXX object worlds/benchmark/CMakeFiles/expand_pioneer.dir/expand_pioneer.cc.o[0m
[36.387s] [ 94%] [32m[1mLinking CXX shared module expand_swarm.so[0m
[36.401s] [ 94%] Built target dynamic
[36.410s] [ 96%] [32mBuilding CXX object examples/ctrl/CMakeFiles/fasr2.dir/astar/findpath.cpp.o[0m
[36.499s] [ 96%] Built target expand_swarm
[37.317s] [ 98%] [32m[1mLinking CXX shared module fasr2.so[0m
[37.428s] [ 98%] Built target fasr2
[37.444s] [100%] [32m[1mLinking CXX shared module expand_pioneer.so[0m
[37.541s] [100%] Built target expand_pioneer
[37.554s] Invoked command in '/home/ros2/ros2_ws/build/stage' returned '0': /usr/bin/cmake --build /home/ros2/ros2_ws/build/stage -- -j4 -l4
[37.554s] Invoking command in '/home/ros2/ros2_ws/build/stage': /usr/bin/cmake --install /home/ros2/ros2_ws/build/stage
[37.560s] -- Install configuration: "RELEASE"
[37.560s] -- Installing: /home/ros2/ros2_ws/install/stage/lib/pkgconfig/stage.pc
[37.561s] -- Installing: /home/ros2/ros2_ws/install/stage/lib/cmake/Stage/stage-config.cmake
[37.561s] -- Installing: /home/ros2/ros2_ws/install/stage/lib/cmake/Stage/stage-config-version.cmake
[37.561s] -- Installing: /home/ros2/ros2_ws/install/stage/bin/stage
[37.562s] -- Set runtime path of "/home/ros2/ros2_ws/install/stage/bin/stage" to ""
[37.562s] -- Installing: /home/ros2/ros2_ws/install/stage/lib/libstage.so.4.3.0
[37.563s] -- Installing: /home/ros2/ros2_ws/install/stage/lib/libstage.so
[37.563s] -- Installing: /home/ros2/ros2_ws/install/stage/include/Stage-4.3/stage.hh
[37.564s] -- Installing: /home/ros2/ros2_ws/install/stage/lib/Stage-4.3/fasr.so
[37.564s] -- Set runtime path of "/home/ros2/ros2_ws/install/stage/lib/Stage-4.3/fasr.so" to ""
[37.564s] -- Installing: /home/ros2/ros2_ws/install/stage/lib/Stage-4.3/sink.so
[37.565s] -- Set runtime path of "/home/ros2/ros2_ws/install/stage/lib/Stage-4.3/sink.so" to ""
[37.565s] -- Installing: /home/ros2/ros2_ws/install/stage/lib/Stage-4.3/source.so
[37.565s] -- Set runtime path of "/home/ros2/ros2_ws/install/stage/lib/Stage-4.3/source.so" to ""
[37.565s] -- Installing: /home/ros2/ros2_ws/install/stage/lib/Stage-4.3/wander.so
[37.566s] -- Set runtime path of "/home/ros2/ros2_ws/install/stage/lib/Stage-4.3/wander.so" to ""
[37.566s] -- Installing: /home/ros2/ros2_ws/install/stage/lib/Stage-4.3/pioneer_flocking.so
[37.566s] -- Set runtime path of "/home/ros2/ros2_ws/install/stage/lib/Stage-4.3/pioneer_flocking.so" to ""
[37.567s] -- Installing: /home/ros2/ros2_ws/install/stage/lib/Stage-4.3/rasterize.so
[37.567s] -- Set runtime path of "/home/ros2/ros2_ws/install/stage/lib/Stage-4.3/rasterize.so" to ""
[37.567s] -- Installing: /home/ros2/ros2_ws/install/stage/lib/Stage-4.3/lasernoise.so
[37.567s] -- Set runtime path of "/home/ros2/ros2_ws/install/stage/lib/Stage-4.3/lasernoise.so" to ""
[37.568s] -- Installing: /home/ros2/ros2_ws/install/stage/lib/Stage-4.3/dynamic.so
[37.568s] -- Set runtime path of "/home/ros2/ros2_ws/install/stage/lib/Stage-4.3/dynamic.so" to ""
[37.568s] -- Installing: /home/ros2/ros2_ws/install/stage/lib/Stage-4.3/fasr2.so
[37.569s] -- Set runtime path of "/home/ros2/ros2_ws/install/stage/lib/Stage-4.3/fasr2.so" to ""
[37.569s] -- Installing: /home/ros2/ros2_ws/install/stage/share/stage/assets/blue.png
[37.569s] -- Installing: /home/ros2/ros2_ws/install/stage/share/stage/assets/death.png
[37.569s] -- Installing: /home/ros2/ros2_ws/install/stage/share/stage/assets/green.png
[37.570s] -- Installing: /home/ros2/ros2_ws/install/stage/share/stage/assets/logo.png
[37.570s] -- Installing: /home/ros2/ros2_ws/install/stage/share/stage/assets/mains.png
[37.570s] -- Installing: /home/ros2/ros2_ws/install/stage/share/stage/assets/mainspower.png
[37.570s] -- Installing: /home/ros2/ros2_ws/install/stage/share/stage/assets/question_mark.png
[37.570s] -- Installing: /home/ros2/ros2_ws/install/stage/share/stage/assets/red.png
[37.572s] -- Installing: /home/ros2/ros2_ws/install/stage/share/stage/assets/stagelogo.png
[37.572s] -- Installing: /home/ros2/ros2_ws/install/stage/share/stage/assets/stall-old.png
[37.573s] -- Installing: /home/ros2/ros2_ws/install/stage/share/stage/assets/stall.png
[37.573s] -- Installing: /home/ros2/ros2_ws/install/stage/share/stage/assets/rgb.txt
[37.573s] -- Installing: /home/ros2/ros2_ws/install/stage/share/stage/rgb.txt
[37.573s] -- Installing: /home/ros2/ros2_ws/install/stage/share/stage/worlds/amcl-sonar.cfg
[37.573s] -- Installing: /home/ros2/ros2_ws/install/stage/share/stage/worlds/autolab.cfg
[37.573s] -- Installing: /home/ros2/ros2_ws/install/stage/share/stage/worlds/camera.cfg
[37.573s] -- Installing: /home/ros2/ros2_ws/install/stage/share/stage/worlds/everything.cfg
[37.573s] -- Installing: /home/ros2/ros2_ws/install/stage/share/stage/worlds/lsp_test.cfg
[37.573s] -- Installing: /home/ros2/ros2_ws/install/stage/share/stage/worlds/mbicp.cfg
[37.573s] -- Installing: /home/ros2/ros2_ws/install/stage/share/stage/worlds/nd.cfg
[37.574s] -- Installing: /home/ros2/ros2_ws/install/stage/share/stage/worlds/roomba.cfg
[37.574s] -- Installing: /home/ros2/ros2_ws/install/stage/share/stage/worlds/simple.cfg
[37.574s] -- Installing: /home/ros2/ros2_ws/install/stage/share/stage/worlds/test.cfg
[37.574s] -- Installing: /home/ros2/ros2_ws/install/stage/share/stage/worlds/uoa_robotics_lab.cfg
[37.574s] -- Installing: /home/ros2/ros2_ws/install/stage/share/stage/worlds/vfh.cfg
[37.574s] -- Installing: /home/ros2/ros2_ws/install/stage/share/stage/worlds/wavefront-remote.cfg
[37.574s] -- Installing: /home/ros2/ros2_ws/install/stage/share/stage/worlds/wavefront.cfg
[37.574s] -- Installing: /home/ros2/ros2_ws/install/stage/share/stage/worlds/wifi.cfg
[37.574s] -- Installing: /home/ros2/ros2_ws/install/stage/share/stage/worlds/SFU.world
[37.575s] -- Installing: /home/ros2/ros2_ws/install/stage/share/stage/worlds/autolab.world
[37.575s] -- Installing: /home/ros2/ros2_ws/install/stage/share/stage/worlds/camera.world
[37.575s] -- Installing: /home/ros2/ros2_ws/install/stage/share/stage/worlds/circuit.world
[37.575s] -- Installing: /home/ros2/ros2_ws/install/stage/share/stage/worlds/everything.world
[37.575s] -- Installing: /home/ros2/ros2_ws/install/stage/share/stage/worlds/fasr.world
[37.575s] -- Installing: /home/ros2/ros2_ws/install/stage/share/stage/worlds/fasr2.world
[37.575s] -- Installing: /home/ros2/ros2_ws/install/stage/share/stage/worlds/fasr_plan.world
[37.575s] -- Installing: /home/ros2/ros2_ws/install/stage/share/stage/worlds/large.world
[37.575s] -- Installing: /home/ros2/ros2_ws/install/stage/share/stage/worlds/lsp_test.world
[37.576s] -- Installing: /home/ros2/ros2_ws/install/stage/share/stage/worlds/mbicp.world
[37.576s] -- Installing: /home/ros2/ros2_ws/install/stage/share/stage/worlds/pioneer_flocking.world
[37.576s] -- Installing: /home/ros2/ros2_ws/install/stage/share/stage/worlds/pioneer_follow.world
[37.576s] -- Installing: /home/ros2/ros2_ws/install/stage/share/stage/worlds/pioneer_walle.world
[37.576s] -- Installing: /home/ros2/ros2_ws/install/stage/share/stage/worlds/roomba.world
[37.576s] -- Installing: /home/ros2/ros2_ws/install/stage/share/stage/worlds/sensor_noise_demo.world
[37.576s] -- Installing: /home/ros2/ros2_ws/install/stage/share/stage/worlds/sensor_noise_module_demo.world
[37.577s] -- Installing: /home/ros2/ros2_ws/install/stage/share/stage/worlds/simple.world
[37.577s] -- Installing: /home/ros2/ros2_ws/install/stage/share/stage/worlds/uoa_robotics_lab.world
[37.577s] -- Installing: /home/ros2/ros2_ws/install/stage/share/stage/worlds/wifi.world
[37.579s] -- Installing: /home/ros2/ros2_ws/install/stage/share/stage/worlds/beacons.inc
[37.579s] -- Installing: /home/ros2/ros2_ws/install/stage/share/stage/worlds/chatterbox.inc
[37.579s] -- Installing: /home/ros2/ros2_ws/install/stage/share/stage/worlds/hokuyo.inc
[37.579s] -- Installing: /home/ros2/ros2_ws/install/stage/share/stage/worlds/irobot.inc
[37.579s] -- Installing: /home/ros2/ros2_ws/install/stage/share/stage/worlds/map.inc
[37.580s] -- Installing: /home/ros2/ros2_ws/install/stage/share/stage/worlds/objects.inc
[37.580s] -- Installing: /home/ros2/ros2_ws/install/stage/share/stage/worlds/pantilt.inc
[37.580s] -- Installing: /home/ros2/ros2_ws/install/stage/share/stage/worlds/pioneer.inc
[37.580s] -- Installing: /home/ros2/ros2_ws/install/stage/share/stage/worlds/sick.inc
[37.580s] -- Installing: /home/ros2/ros2_ws/install/stage/share/stage/worlds/ubot.inc
[37.580s] -- Installing: /home/ros2/ros2_ws/install/stage/share/stage/worlds/uoa_robotics_lab_models.inc
[37.580s] -- Installing: /home/ros2/ros2_ws/install/stage/share/stage/worlds/walle.inc
[37.580s] -- Installing: /home/ros2/ros2_ws/install/stage/share/stage/worlds/cfggen.sh
[37.580s] -- Installing: /home/ros2/ros2_ws/install/stage/share/stage/worlds/test.sh
[37.581s] -- Installing: /home/ros2/ros2_ws/install/stage/share/stage/worlds/worldgen.sh
[37.581s] -- Installing: /home/ros2/ros2_ws/install/stage/lib/Stage-4.3/expand_swarm.so
[37.581s] -- Set runtime path of "/home/ros2/ros2_ws/install/stage/lib/Stage-4.3/expand_swarm.so" to ""
[37.581s] -- Installing: /home/ros2/ros2_ws/install/stage/lib/Stage-4.3/expand_pioneer.so
[37.581s] -- Set runtime path of "/home/ros2/ros2_ws/install/stage/lib/Stage-4.3/expand_pioneer.so" to ""
[37.581s] -- Installing: /home/ros2/ros2_ws/install/stage/share/stage/worlds/bitmaps/889_05.png
[37.581s] -- Installing: /home/ros2/ros2_ws/install/stage/share/stage/worlds/bitmaps/SFU_1200x615.png
[37.581s] -- Installing: /home/ros2/ros2_ws/install/stage/share/stage/worlds/bitmaps/SRI-AIC-kwing.png
[37.582s] -- Installing: /home/ros2/ros2_ws/install/stage/share/stage/worlds/bitmaps/autolab.png
[37.582s] -- Installing: /home/ros2/ros2_ws/install/stage/share/stage/worlds/bitmaps/cave.png
[37.582s] -- Installing: /home/ros2/ros2_ws/install/stage/share/stage/worlds/bitmaps/cave_compact.png
[37.582s] -- Installing: /home/ros2/ros2_ws/install/stage/share/stage/worlds/bitmaps/cave_filled.png
[37.583s] -- Installing: /home/ros2/ros2_ws/install/stage/share/stage/worlds/bitmaps/frieburg.png
[37.583s] -- Installing: /home/ros2/ros2_ws/install/stage/share/stage/worlds/bitmaps/ghost.png
[37.583s] -- Installing: /home/ros2/ros2_ws/install/stage/share/stage/worlds/bitmaps/hospital.png
[37.583s] -- Installing: /home/ros2/ros2_ws/install/stage/share/stage/worlds/bitmaps/hospital_section.png
[37.583s] -- Installing: /home/ros2/ros2_ws/install/stage/share/stage/worlds/bitmaps/human_outline.png
[37.583s] -- Installing: /home/ros2/ros2_ws/install/stage/share/stage/worlds/bitmaps/mbicp.png
[37.584s] -- Installing: /home/ros2/ros2_ws/install/stage/share/stage/worlds/bitmaps/rink.png
[37.584s] -- Installing: /home/ros2/ros2_ws/install/stage/share/stage/worlds/bitmaps/sal2.png
[37.584s] -- Installing: /home/ros2/ros2_ws/install/stage/share/stage/worlds/bitmaps/simple_rooms.png
[37.584s] -- Installing: /home/ros2/ros2_ws/install/stage/share/stage/worlds/bitmaps/space_invader.png
[37.584s] -- Installing: /home/ros2/ros2_ws/install/stage/share/stage/worlds/bitmaps/submarine.png
[37.584s] -- Installing: /home/ros2/ros2_ws/install/stage/share/stage/worlds/bitmaps/submarine_small.png
[37.585s] -- Installing: /home/ros2/ros2_ws/install/stage/share/stage/worlds/bitmaps/table.png
[37.585s] -- Installing: /home/ros2/ros2_ws/install/stage/share/stage/worlds/bitmaps/uoa_robotics_lab.png
[37.585s] -- Installing: /home/ros2/ros2_ws/install/stage/share/stage/worlds/wifi/commando.world
[37.585s] -- Installing: /home/ros2/ros2_ws/install/stage/share/stage/worlds/wifi/hosp_wifi.world
[37.586s] -- Installing: /home/ros2/ros2_ws/install/stage/share/stage/worlds/wifi/hosp_wifi_5.world
[37.586s] -- Installing: /home/ros2/ros2_ws/install/stage/share/stage/worlds/wifi/wifi.world
[37.586s] -- Installing: /home/ros2/ros2_ws/install/stage/share/stage/worlds/wifi/wifi_itu.world
[37.586s] -- Installing: /home/ros2/ros2_ws/install/stage/share/stage/worlds/wifi/wifi_logdistance.world
[37.586s] -- Installing: /home/ros2/ros2_ws/install/stage/share/stage/worlds/wifi/wifi_ray.world
[37.586s] -- Installing: /home/ros2/ros2_ws/install/stage/share/stage/worlds/wifi/wifi_simple.world
[37.587s] -- Installing: /home/ros2/ros2_ws/install/stage/share/stage/worlds/wifi/map.inc
[37.590s] Invoked command in '/home/ros2/ros2_ws/build/stage' returned '0': /usr/bin/cmake --install /home/ros2/ros2_ws/build/stage
