[0.958s] Invoking command in '/home/ros2/ros2_ws/src/my_py_pkg': PYTHONPATH=/home/ros2/ros2_ws/build/my_py_pkg/prefix_override:/usr/lib/python3/dist-packages/colcon_core/task/python/colcon_distutils_commands:/home/ros2/ros2_ws/install/my_py_pkg/lib/python3.10/site-packages:${PYTHONPATH} /usr/bin/python3 -W ignore:setup.py install is deprecated -W ignore:easy_install command is deprecated setup.py egg_info --egg-base ../../build/my_py_pkg build --build-base /home/ros2/ros2_ws/build/my_py_pkg/build install --record /home/ros2/ros2_ws/build/my_py_pkg/install.log --single-version-externally-managed install_data
[1.313s] running egg_info
[1.315s] writing ../../build/my_py_pkg/my_py_pkg.egg-info/PKG-INFO
[1.318s] writing dependency_links to ../../build/my_py_pkg/my_py_pkg.egg-info/dependency_links.txt
[1.318s] writing entry points to ../../build/my_py_pkg/my_py_pkg.egg-info/entry_points.txt
[1.318s] writing requirements to ../../build/my_py_pkg/my_py_pkg.egg-info/requires.txt
[1.318s] writing top-level names to ../../build/my_py_pkg/my_py_pkg.egg-info/top_level.txt
[1.318s] reading manifest file '../../build/my_py_pkg/my_py_pkg.egg-info/SOURCES.txt'
[1.320s] writing manifest file '../../build/my_py_pkg/my_py_pkg.egg-info/SOURCES.txt'
[1.320s] running build
[1.320s] running build_py
[1.321s] running install
[1.321s] running install_lib
[1.323s] byte-compiling /home/ros2/ros2_ws/install/my_py_pkg/lib/python3.10/site-packages/my_py_pkg/robot_controller_node.py to robot_controller_node.cpython-310.pyc
[1.324s] Sorry: IndentationError: unexpected indent (robot_controller_node.py, line 85)
[1.324s] running install_data
[1.326s] running install_egg_info
[1.329s] removing '/home/ros2/ros2_ws/install/my_py_pkg/lib/python3.10/site-packages/my_py_pkg-0.0.0-py3.10.egg-info' (and everything under it)
[1.329s] Copying ../../build/my_py_pkg/my_py_pkg.egg-info to /home/ros2/ros2_ws/install/my_py_pkg/lib/python3.10/site-packages/my_py_pkg-0.0.0-py3.10.egg-info
[1.330s] running install_scripts
[1.360s] Installing robot_controller script to /home/ros2/ros2_ws/install/my_py_pkg/lib/my_py_pkg
[1.360s] writing list of installed files to '/home/ros2/ros2_ws/build/my_py_pkg/install.log'
[1.389s] Invoked command in '/home/ros2/ros2_ws/src/my_py_pkg' returned '0': PYTHONPATH=/home/ros2/ros2_ws/build/my_py_pkg/prefix_override:/usr/lib/python3/dist-packages/colcon_core/task/python/colcon_distutils_commands:/home/ros2/ros2_ws/install/my_py_pkg/lib/python3.10/site-packages:${PYTHONPATH} /usr/bin/python3 -W ignore:setup.py install is deprecated -W ignore:easy_install command is deprecated setup.py egg_info --egg-base ../../build/my_py_pkg build --build-base /home/ros2/ros2_ws/build/my_py_pkg/build install --record /home/ros2/ros2_ws/build/my_py_pkg/install.log --single-version-externally-managed install_data
