[0.854s] Invoking command in '/home/ros2/ros2_ws/src/my_py_pkg': PYTHONPATH=/home/ros2/ros2_ws/build/my_py_pkg/prefix_override:/usr/lib/python3/dist-packages/colcon_core/task/python/colcon_distutils_commands:/home/ros2/ros2_ws/install/my_py_pkg/lib/python3.10/site-packages:${PYTHONPATH} /usr/bin/python3 -W ignore:setup.py install is deprecated -W ignore:easy_install command is deprecated setup.py egg_info --egg-base ../../build/my_py_pkg build --build-base /home/ros2/ros2_ws/build/my_py_pkg/build install --record /home/ros2/ros2_ws/build/my_py_pkg/install.log --single-version-externally-managed install_data
[1.206s] running egg_info
[1.206s] creating ../../build/my_py_pkg/my_py_pkg.egg-info
[1.206s] writing ../../build/my_py_pkg/my_py_pkg.egg-info/PKG-INFO
[1.207s] writing dependency_links to ../../build/my_py_pkg/my_py_pkg.egg-info/dependency_links.txt
[1.207s] writing entry points to ../../build/my_py_pkg/my_py_pkg.egg-info/entry_points.txt
[1.207s] writing requirements to ../../build/my_py_pkg/my_py_pkg.egg-info/requires.txt
[1.207s] writing top-level names to ../../build/my_py_pkg/my_py_pkg.egg-info/top_level.txt
[1.207s] writing manifest file '../../build/my_py_pkg/my_py_pkg.egg-info/SOURCES.txt'
[1.210s] reading manifest file '../../build/my_py_pkg/my_py_pkg.egg-info/SOURCES.txt'
[1.211s] writing manifest file '../../build/my_py_pkg/my_py_pkg.egg-info/SOURCES.txt'
[1.211s] running build
[1.211s] running build_py
[1.211s] creating /home/ros2/ros2_ws/build/my_py_pkg/build
[1.211s] creating /home/ros2/ros2_ws/build/my_py_pkg/build/lib
[1.211s] creating /home/ros2/ros2_ws/build/my_py_pkg/build/lib/my_py_pkg
[1.211s] copying my_py_pkg/__init__.py -> /home/ros2/ros2_ws/build/my_py_pkg/build/lib/my_py_pkg
[1.212s] running install
[1.212s] running install_lib
[1.215s] creating /home/ros2/ros2_ws/install/my_py_pkg/lib/python3.10/site-packages/my_py_pkg
[1.215s] copying /home/ros2/ros2_ws/build/my_py_pkg/build/lib/my_py_pkg/__init__.py -> /home/ros2/ros2_ws/install/my_py_pkg/lib/python3.10/site-packages/my_py_pkg
[1.215s] byte-compiling /home/ros2/ros2_ws/install/my_py_pkg/lib/python3.10/site-packages/my_py_pkg/__init__.py to __init__.cpython-310.pyc
[1.215s] running install_data
[1.215s] creating /home/ros2/ros2_ws/install/my_py_pkg/share/ament_index
[1.215s] creating /home/ros2/ros2_ws/install/my_py_pkg/share/ament_index/resource_index
[1.215s] creating /home/ros2/ros2_ws/install/my_py_pkg/share/ament_index/resource_index/packages
[1.216s] copying resource/my_py_pkg -> /home/ros2/ros2_ws/install/my_py_pkg/share/ament_index/resource_index/packages
[1.216s] copying package.xml -> /home/ros2/ros2_ws/install/my_py_pkg/share/my_py_pkg
[1.216s] running install_egg_info
[1.216s] Copying ../../build/my_py_pkg/my_py_pkg.egg-info to /home/ros2/ros2_ws/install/my_py_pkg/lib/python3.10/site-packages/my_py_pkg-0.0.0-py3.10.egg-info
[1.217s] running install_scripts
[1.249s] writing list of installed files to '/home/ros2/ros2_ws/build/my_py_pkg/install.log'
[1.281s] Invoked command in '/home/ros2/ros2_ws/src/my_py_pkg' returned '0': PYTHONPATH=/home/ros2/ros2_ws/build/my_py_pkg/prefix_override:/usr/lib/python3/dist-packages/colcon_core/task/python/colcon_distutils_commands:/home/ros2/ros2_ws/install/my_py_pkg/lib/python3.10/site-packages:${PYTHONPATH} /usr/bin/python3 -W ignore:setup.py install is deprecated -W ignore:easy_install command is deprecated setup.py egg_info --egg-base ../../build/my_py_pkg build --build-base /home/ros2/ros2_ws/build/my_py_pkg/build install --record /home/ros2/ros2_ws/build/my_py_pkg/install.log --single-version-externally-managed install_data
